#
# A fatal error has been detected by the Java Runtime Environment:
#
#  EXCEPTION_ACCESS_VIOLATION (0xc0000005) at pc=0x00007ffe850d1722, pid=14312, tid=34108
#
# JRE version: Java(TM) SE Runtime Environment (17.0.8+9) (build 17.0.8+9-LTS-211)
# Java VM: Java HotSpot(TM) 64-Bit Server VM (17.0.8+9-LTS-211, mixed mode, emulated-client, sharing, tiered, compressed oops, compressed class ptrs, g1 gc, windows-amd64)
# Problematic frame:
# C  [jniortools.dll+0x671722]
#
# No core dump will be written. Minidumps are not enabled by default on client versions of Windows
#
# If you would like to submit a bug report, please visit:
#   https://bugreport.java.com/bugreport/crash.jsp
# The crash happened outside the Java Virtual Machine in native code.
# See problematic frame for where to report the bug.
#

---------------  S U M M A R Y ------------

Command Line: -XX:TieredStopAtLevel=1 -Dspring.output.ansi.enabled=always -Dcom.sun.management.jmxremote -Dspring.jmx.enabled=true -Dspring.liveBeansView.mbeanDomain -Dspring.application.admin.enabled=true -Dmanagement.endpoints.jmx.exposure.include=* -javaagent:C:\Program Files\JetBrains\IntelliJ IDEA 2023.2.1\lib\idea_rt.jar=60700:C:\Program Files\JetBrains\IntelliJ IDEA 2023.2.1\bin -Dfile.encoding=UTF-8 com.mycode.pathpilotserver.PathPilotServerApplication

Host: 13th Gen Intel(R) Core(TM) i5-13400F, 16 cores, 31G,  Windows 11 , 64 bit Build 22621 (10.0.22621.3672)
Time: Sun Jul  7 21:19:17 2024 GTB Summer Time elapsed time: 7.626710 seconds (0d 0h 0m 7s)

---------------  T H R E A D  ---------------

Current thread (0x000001f51f16f720):  JavaThread "http-nio-8080-exec-3" daemon [_thread_in_native, id=34108, stack(0x00000092b5c00000,0x00000092b5d00000)]

Stack: [0x00000092b5c00000,0x00000092b5d00000],  sp=0x00000092b5cf9cd0,  free space=999k
Native frames: (J=compiled Java code, j=interpreted, Vv=VM code, C=native code)
C  [jniortools.dll+0x671722]

Java frames: (J=compiled Java code, j=interpreted, Vv=VM code)
j  com.google.ortools.constraintsolver.mainJNI.new_RoutingIndexManager__SWIG_0(III)J+0
j  com.google.ortools.constraintsolver.RoutingIndexManager.<init>(III)V+4
j  com.mycode.pathpilotserver.routes.services.RouteServiceCommandImpl.generateRoute(Ljava/lang/String;Ljava/lang/String;)V+47
v  ~StubRoutines::call_stub
J 5819  jdk.internal.reflect.NativeMethodAccessorImpl.invoke0(Ljava/lang/reflect/Method;Ljava/lang/Object;[Ljava/lang/Object;)Ljava/lang/Object; java.base@17.0.8 (0 bytes) @ 0x000001f4bea2bea7 [0x000001f4bea2be20+0x0000000000000087]
J 5818 c1 jdk.internal.reflect.NativeMethodAccessorImpl.invoke(Ljava/lang/Object;[Ljava/lang/Object;)Ljava/lang/Object; java.base@17.0.8 (137 bytes) @ 0x000001f4bea2cccc [0x000001f4bea2c980+0x000000000000034c]
J 4316 c1 jdk.internal.reflect.DelegatingMethodAccessorImpl.invoke(Ljava/lang/Object;[Ljava/lang/Object;)Ljava/lang/Object; java.base@17.0.8 (10 bytes) @ 0x000001f4be7886e4 [0x000001f4be7886a0+0x0000000000000044]
J 4450 c1 java.lang.reflect.Method.invoke(Ljava/lang/Object;[Ljava/lang/Object;)Ljava/lang/Object; java.base@17.0.8 (65 bytes) @ 0x000001f4be7bc5ec [0x000001f4be7bc4e0+0x000000000000010c]
j  org.springframework.aop.support.AopUtils.invokeJoinpointUsingReflection(Ljava/lang/Object;Ljava/lang/reflect/Method;[Ljava/lang/Object;)Ljava/lang/Object;+23
j  org.springframework.aop.framework.ReflectiveMethodInvocation.invokeJoinpoint()Ljava/lang/Object;+12
j  org.springframework.aop.framework.ReflectiveMethodInvocation.proceed()Ljava/lang/Object;+19
j  org.springframework.aop.framework.CglibAopProxy$CglibMethodInvocation.proceed()Ljava/lang/Object;+1
j  org.springframework.transaction.interceptor.TransactionInterceptor$1.proceedWithInvocation()Ljava/lang/Object;+4
j  org.springframework.transaction.interceptor.TransactionAspectSupport.invokeWithinTransaction(Ljava/lang/reflect/Method;Ljava/lang/Class;Lorg/springframework/transaction/interceptor/TransactionAspectSupport$InvocationCallback;)Ljava/lang/Object;+252
j  org.springframework.transaction.interceptor.TransactionInterceptor.invoke(Lorg/aopalliance/intercept/MethodInvocation;)Ljava/lang/Object;+40
j  org.springframework.aop.framework.ReflectiveMethodInvocation.proceed()Ljava/lang/Object;+120
j  org.springframework.aop.framework.CglibAopProxy$CglibMethodInvocation.proceed()Ljava/lang/Object;+1
j  org.springframework.aop.framework.CglibAopProxy$DynamicAdvisedInterceptor.intercept(Ljava/lang/Object;Ljava/lang/reflect/Method;[Ljava/lang/Object;Lorg/springframework/cglib/proxy/MethodProxy;)Ljava/lang/Object;+122
j  com.mycode.pathpilotserver.routes.services.RouteServiceCommandImpl$$SpringCGLIB$$0.generateRoute(Ljava/lang/String;Ljava/lang/String;)V+40
j  com.mycode.pathpilotserver.routes.web.ServerControllerRoute.generateRoute(Ljava/lang/String;Ljava/lang/String;)Lorg/springframework/http/ResponseEntity;+6
v  ~StubRoutines::call_stub
J 5819  jdk.internal.reflect.NativeMethodAccessorImpl.invoke0(Ljava/lang/reflect/Method;Ljava/lang/Object;[Ljava/lang/Object;)Ljava/lang/Object; java.base@17.0.8 (0 bytes) @ 0x000001f4bea2bea7 [0x000001f4bea2be20+0x0000000000000087]
J 5818 c1 jdk.internal.reflect.NativeMethodAccessorImpl.invoke(Ljava/lang/Object;[Ljava/lang/Object;)Ljava/lang/Object; java.base@17.0.8 (137 bytes) @ 0x000001f4bea2cccc [0x000001f4bea2c980+0x000000000000034c]
J 4316 c1 jdk.internal.reflect.DelegatingMethodAccessorImpl.invoke(Ljava/lang/Object;[Ljava/lang/Object;)Ljava/lang/Object; java.base@17.0.8 (10 bytes) @ 0x000001f4be7886e4 [0x000001f4be7886a0+0x0000000000000044]
J 4450 c1 java.lang.reflect.Method.invoke(Ljava/lang/Object;[Ljava/lang/Object;)Ljava/lang/Object; java.base@17.0.8 (65 bytes) @ 0x000001f4be7bc5ec [0x000001f4be7bc4e0+0x000000000000010c]
j  org.springframework.web.method.support.InvocableHandlerMethod.doInvoke([Ljava/lang/Object;)Ljava/lang/Object;+55
j  org.springframework.web.method.support.InvocableHandlerMethod.invokeForRequest(Lorg/springframework/web/context/request/NativeWebRequest;Lorg/springframework/web/method/support/ModelAndViewContainer;[Ljava/lang/Object;)Ljava/lang/Object;+86
j  org.springframework.web.servlet.mvc.method.annotation.ServletInvocableHandlerMethod.invokeAndHandle(Lorg/springframework/web/context/request/ServletWebRequest;Lorg/springframework/web/method/support/ModelAndViewContainer;[Ljava/lang/Object;)V+4
j  org.springframework.web.servlet.mvc.method.annotation.RequestMappingHandlerAdapter.invokeHandlerMethod(Ljakarta/servlet/http/HttpServletRequest;Ljakarta/servlet/http/HttpServletResponse;Lorg/springframework/web/method/HandlerMethod;)Lorg/springframework/web/servlet/ModelAndView;+253
j  org.springframework.web.servlet.mvc.method.annotation.RequestMappingHandlerAdapter.handleInternal(Ljakarta/servlet/http/HttpServletRequest;Ljakarta/servlet/http/HttpServletResponse;Lorg/springframework/web/method/HandlerMethod;)Lorg/springframework/web/servlet/ModelAndView;+81
j  org.springframework.web.servlet.mvc.method.AbstractHandlerMethodAdapter.handle(Ljakarta/servlet/http/HttpServletRequest;Ljakarta/servlet/http/HttpServletResponse;Ljava/lang/Object;)Lorg/springframework/web/servlet/ModelAndView;+7
j  org.springframework.web.servlet.DispatcherServlet.doDispatch(Ljakarta/servlet/http/HttpServletRequest;Ljakarta/servlet/http/HttpServletResponse;)V+259
j  org.springframework.web.servlet.DispatcherServlet.doService(Ljakarta/servlet/http/HttpServletRequest;Ljakarta/servlet/http/HttpServletResponse;)V+242
j  org.springframework.web.servlet.FrameworkServlet.processRequest(Ljakarta/servlet/http/HttpServletRequest;Ljakarta/servlet/http/HttpServletResponse;)V+70
j  org.springframework.web.servlet.FrameworkServlet.doPost(Ljakarta/servlet/http/HttpServletRequest;Ljakarta/servlet/http/HttpServletResponse;)V+3
j  jakarta.servlet.http.HttpServlet.service(Ljakarta/servlet/http/HttpServletRequest;Ljakarta/servlet/http/HttpServletResponse;)V+150
j  org.springframework.web.servlet.FrameworkServlet.service(Ljakarta/servlet/http/HttpServletRequest;Ljakarta/servlet/http/HttpServletResponse;)V+20
j  jakarta.servlet.http.HttpServlet.service(Ljakarta/servlet/ServletRequest;Ljakarta/servlet/ServletResponse;)V+37
j  org.apache.catalina.core.ApplicationFilterChain.internalDoFilter(Ljakarta/servlet/ServletRequest;Ljakarta/servlet/ServletResponse;)V+305
j  org.apache.catalina.core.ApplicationFilterChain.doFilter(Ljakarta/servlet/ServletRequest;Ljakarta/servlet/ServletResponse;)V+99
j  org.apache.tomcat.websocket.server.WsFilter.doFilter(Ljakarta/servlet/ServletRequest;Ljakarta/servlet/ServletResponse;Ljakarta/servlet/FilterChain;)V+21
j  org.apache.catalina.core.ApplicationFilterChain.internalDoFilter(Ljakarta/servlet/ServletRequest;Ljakarta/servlet/ServletResponse;)V+135
j  org.apache.catalina.core.ApplicationFilterChain.doFilter(Ljakarta/servlet/ServletRequest;Ljakarta/servlet/ServletResponse;)V+99
j  org.springframework.web.filter.OncePerRequestFilter.doFilter(Ljakarta/servlet/ServletRequest;Ljakarta/servlet/ServletResponse;Ljakarta/servlet/FilterChain;)V+125
j  org.apache.catalina.core.ApplicationFilterChain.internalDoFilter(Ljakarta/servlet/ServletRequest;Ljakarta/servlet/ServletResponse;)V+135
j  org.apache.catalina.core.ApplicationFilterChain.doFilter(Ljakarta/servlet/ServletRequest;Ljakarta/servlet/ServletResponse;)V+99
j  org.springframework.web.filter.OncePerRequestFilter.doFilter(Ljakarta/servlet/ServletRequest;Ljakarta/servlet/ServletResponse;Ljakarta/servlet/FilterChain;)V+125
j  org.apache.catalina.core.ApplicationFilterChain.internalDoFilter(Ljakarta/servlet/ServletRequest;Ljakarta/servlet/ServletResponse;)V+135
j  org.apache.catalina.core.ApplicationFilterChain.doFilter(Ljakarta/servlet/ServletRequest;Ljakarta/servlet/ServletResponse;)V+99
j  org.springframework.web.filter.CompositeFilter$VirtualFilterChain.doFilter(Ljakarta/servlet/ServletRequest;Ljakarta/servlet/ServletResponse;)V+22
j  org.springframework.security.web.FilterChainProxy.lambda$doFilterInternal$3(Lorg/springframework/security/web/firewall/FirewalledRequest;Ljakarta/servlet/FilterChain;Ljakarta/servlet/ServletRequest;Ljakarta/servlet/ServletResponse;)V+35
j  org.springframework.security.web.FilterChainProxy$$Lambda$1853+0x000001f4d9c9d220.doFilter(Ljakarta/servlet/ServletRequest;Ljakarta/servlet/ServletResponse;)V+10
j  org.springframework.security.web.FilterChainProxy$VirtualFilterChain.doFilter(Ljakarta/servlet/ServletRequest;Ljakarta/servlet/ServletResponse;)V+17
j  org.springframework.security.web.access.intercept.AuthorizationFilter.doFilter(Ljakarta/servlet/ServletRequest;Ljakarta/servlet/ServletResponse;Ljakarta/servlet/FilterChain;)V+143
j  org.springframework.security.web.FilterChainProxy$VirtualFilterChain.doFilter(Ljakarta/servlet/ServletRequest;Ljakarta/servlet/ServletResponse;)V+105
j  org.springframework.security.web.access.ExceptionTranslationFilter.doFilter(Ljakarta/servlet/http/HttpServletRequest;Ljakarta/servlet/http/HttpServletResponse;Ljakarta/servlet/FilterChain;)V+3
j  org.springframework.security.web.access.ExceptionTranslationFilter.doFilter(Ljakarta/servlet/ServletRequest;Ljakarta/servlet/ServletResponse;Ljakarta/servlet/FilterChain;)V+10
j  org.springframework.security.web.FilterChainProxy$VirtualFilterChain.doFilter(Ljakarta/servlet/ServletRequest;Ljakarta/servlet/ServletResponse;)V+105
j  org.springframework.security.web.session.SessionManagementFilter.doFilter(Ljakarta/servlet/http/HttpServletRequest;Ljakarta/servlet/http/HttpServletResponse;Ljakarta/servlet/FilterChain;)V+228
j  org.springframework.security.web.session.SessionManagementFilter.doFilter(Ljakarta/servlet/ServletRequest;Ljakarta/servlet/ServletResponse;Ljakarta/servlet/FilterChain;)V+10
j  org.springframework.security.web.FilterChainProxy$VirtualFilterChain.doFilter(Ljakarta/servlet/ServletRequest;Ljakarta/servlet/ServletResponse;)V+105
j  org.springframework.security.web.authentication.AnonymousAuthenticationFilter.doFilter(Ljakarta/servlet/ServletRequest;Ljakarta/servlet/ServletResponse;Ljakarta/servlet/FilterChain;)V+33
j  org.springframework.security.web.FilterChainProxy$VirtualFilterChain.doFilter(Ljakarta/servlet/ServletRequest;Ljakarta/servlet/ServletResponse;)V+105
j  org.springframework.security.web.servletapi.SecurityContextHolderAwareRequestFilter.doFilter(Ljakarta/servlet/ServletRequest;Ljakarta/servlet/ServletResponse;Ljakarta/servlet/FilterChain;)V+19
j  org.springframework.security.web.FilterChainProxy$VirtualFilterChain.doFilter(Ljakarta/servlet/ServletRequest;Ljakarta/servlet/ServletResponse;)V+105
j  org.springframework.security.web.savedrequest.RequestCacheAwareFilter.doFilter(Ljakarta/servlet/ServletRequest;Ljakarta/servlet/ServletResponse;Ljakarta/servlet/FilterChain;)V+32
j  org.springframework.security.web.FilterChainProxy$VirtualFilterChain.doFilter(Ljakarta/servlet/ServletRequest;Ljakarta/servlet/ServletResponse;)V+105
j  com.mycode.pathpilotserver.system.jwt.JWTAuthorizationFilter.doFilterInternal(Ljakarta/servlet/http/HttpServletRequest;Ljakarta/servlet/http/HttpServletResponse;Ljakarta/servlet/FilterChain;)V+57
j  org.springframework.web.filter.OncePerRequestFilter.doFilter(Ljakarta/servlet/ServletRequest;Ljakarta/servlet/ServletResponse;Ljakarta/servlet/FilterChain;)V+150
j  org.springframework.security.web.FilterChainProxy$VirtualFilterChain.doFilter(Ljakarta/servlet/ServletRequest;Ljakarta/servlet/ServletResponse;)V+105
j  org.springframework.security.web.authentication.logout.LogoutFilter.doFilter(Ljakarta/servlet/http/HttpServletRequest;Ljakarta/servlet/http/HttpServletResponse;Ljakarta/servlet/FilterChain;)V+83
j  org.springframework.security.web.authentication.logout.LogoutFilter.doFilter(Ljakarta/servlet/ServletRequest;Ljakarta/servlet/ServletResponse;Ljakarta/servlet/FilterChain;)V+10
j  org.springframework.security.web.FilterChainProxy$VirtualFilterChain.doFilter(Ljakarta/servlet/ServletRequest;Ljakarta/servlet/ServletResponse;)V+105
j  org.springframework.web.filter.CorsFilter.doFilterInternal(Ljakarta/servlet/http/HttpServletRequest;Ljakarta/servlet/http/HttpServletResponse;Ljakarta/servlet/FilterChain;)V+43
j  org.springframework.web.filter.OncePerRequestFilter.doFilter(Ljakarta/servlet/ServletRequest;Ljakarta/servlet/ServletResponse;Ljakarta/servlet/FilterChain;)V+150
j  org.springframework.security.web.FilterChainProxy$VirtualFilterChain.doFilter(Ljakarta/servlet/ServletRequest;Ljakarta/servlet/ServletResponse;)V+105
j  org.springframework.security.web.header.HeaderWriterFilter.doHeadersAfter(Ljakarta/servlet/http/HttpServletRequest;Ljakarta/servlet/http/HttpServletResponse;Ljakarta/servlet/FilterChain;)V+29
j  org.springframework.security.web.header.HeaderWriterFilter.doFilterInternal(Ljakarta/servlet/http/HttpServletRequest;Ljakarta/servlet/http/HttpServletResponse;Ljakarta/servlet/FilterChain;)V+21
j  org.springframework.web.filter.OncePerRequestFilter.doFilter(Ljakarta/servlet/ServletRequest;Ljakarta/servlet/ServletResponse;Ljakarta/servlet/FilterChain;)V+150
j  org.springframework.security.web.FilterChainProxy$VirtualFilterChain.doFilter(Ljakarta/servlet/ServletRequest;Ljakarta/servlet/ServletResponse;)V+105
j  org.springframework.security.web.context.SecurityContextHolderFilter.doFilter(Ljakarta/servlet/http/HttpServletRequest;Ljakarta/servlet/http/HttpServletResponse;Ljakarta/servlet/FilterChain;)V+59
j  org.springframework.security.web.context.SecurityContextHolderFilter.doFilter(Ljakarta/servlet/ServletRequest;Ljakarta/servlet/ServletResponse;Ljakarta/servlet/FilterChain;)V+10
j  org.springframework.security.web.FilterChainProxy$VirtualFilterChain.doFilter(Ljakarta/servlet/ServletRequest;Ljakarta/servlet/ServletResponse;)V+105
j  org.springframework.security.web.context.request.async.WebAsyncManagerIntegrationFilter.doFilterInternal(Ljakarta/servlet/http/HttpServletRequest;Ljakarta/servlet/http/HttpServletResponse;Ljakarta/servlet/FilterChain;)V+55
j  org.springframework.web.filter.OncePerRequestFilter.doFilter(Ljakarta/servlet/ServletRequest;Ljakarta/servlet/ServletResponse;Ljakarta/servlet/FilterChain;)V+150
j  org.springframework.security.web.FilterChainProxy$VirtualFilterChain.doFilter(Ljakarta/servlet/ServletRequest;Ljakarta/servlet/ServletResponse;)V+105
j  org.springframework.security.web.session.DisableEncodeUrlFilter.doFilterInternal(Ljakarta/servlet/http/HttpServletRequest;Ljakarta/servlet/http/HttpServletResponse;Ljakarta/servlet/FilterChain;)V+10
j  org.springframework.web.filter.OncePerRequestFilter.doFilter(Ljakarta/servlet/ServletRequest;Ljakarta/servlet/ServletResponse;Ljakarta/servlet/FilterChain;)V+150
j  org.springframework.security.web.FilterChainProxy$VirtualFilterChain.doFilter(Ljakarta/servlet/ServletRequest;Ljakarta/servlet/ServletResponse;)V+105
j  org.springframework.security.web.FilterChainProxy.doFilterInternal(Ljakarta/servlet/ServletRequest;Ljakarta/servlet/ServletResponse;Ljakarta/servlet/FilterChain;)V+163
j  org.springframework.security.web.FilterChainProxy.doFilter(Ljakarta/servlet/ServletRequest;Ljakarta/servlet/ServletResponse;Ljakarta/servlet/FilterChain;)V+48
j  org.springframework.web.filter.CompositeFilter$VirtualFilterChain.doFilter(Ljakarta/servlet/ServletRequest;Ljakarta/servlet/ServletResponse;)V+63
j  org.springframework.web.servlet.handler.HandlerMappingIntrospector.lambda$createCacheFilter$3(Ljakarta/servlet/ServletRequest;Ljakarta/servlet/ServletResponse;Ljakarta/servlet/FilterChain;)V+13
j  org.springframework.web.servlet.handler.HandlerMappingIntrospector$$Lambda$1699+0x000001f4d9c09288.doFilter(Ljakarta/servlet/ServletRequest;Ljakarta/servlet/ServletResponse;Ljakarta/servlet/FilterChain;)V+7
j  org.springframework.web.filter.CompositeFilter$VirtualFilterChain.doFilter(Ljakarta/servlet/ServletRequest;Ljakarta/servlet/ServletResponse;)V+63
j  org.springframework.web.filter.CompositeFilter.doFilter(Ljakarta/servlet/ServletRequest;Ljakarta/servlet/ServletResponse;Ljakarta/servlet/FilterChain;)V+14
j  org.springframework.security.config.annotation.web.configuration.WebMvcSecurityConfiguration$CompositeFilterChainProxy.doFilter(Ljakarta/servlet/ServletRequest;Ljakarta/servlet/ServletResponse;Ljakarta/servlet/FilterChain;)V+7
j  org.springframework.web.filter.DelegatingFilterProxy.invokeDelegate(Ljakarta/servlet/Filter;Ljakarta/servlet/ServletRequest;Ljakarta/servlet/ServletResponse;Ljakarta/servlet/FilterChain;)V+5
j  org.springframework.web.filter.DelegatingFilterProxy.doFilter(Ljakarta/servlet/ServletRequest;Ljakarta/servlet/ServletResponse;Ljakarta/servlet/FilterChain;)V+85
j  org.apache.catalina.core.ApplicationFilterChain.internalDoFilter(Ljakarta/servlet/ServletRequest;Ljakarta/servlet/ServletResponse;)V+135
j  org.apache.catalina.core.ApplicationFilterChain.doFilter(Ljakarta/servlet/ServletRequest;Ljakarta/servlet/ServletResponse;)V+99
j  org.springframework.web.filter.RequestContextFilter.doFilterInternal(Ljakarta/servlet/http/HttpServletRequest;Ljakarta/servlet/http/HttpServletResponse;Ljakarta/servlet/FilterChain;)V+21
j  org.springframework.web.filter.OncePerRequestFilter.doFilter(Ljakarta/servlet/ServletRequest;Ljakarta/servlet/ServletResponse;Ljakarta/servlet/FilterChain;)V+150
j  org.apache.catalina.core.ApplicationFilterChain.internalDoFilter(Ljakarta/servlet/ServletRequest;Ljakarta/servlet/ServletResponse;)V+135
j  org.apache.catalina.core.ApplicationFilterChain.doFilter(Ljakarta/servlet/ServletRequest;Ljakarta/servlet/ServletResponse;)V+99
j  org.springframework.web.filter.FormContentFilter.doFilterInternal(Ljakarta/servlet/http/HttpServletRequest;Ljakarta/servlet/http/HttpServletResponse;Ljakarta/servlet/FilterChain;)V+38
j  org.springframework.web.filter.OncePerRequestFilter.doFilter(Ljakarta/servlet/ServletRequest;Ljakarta/servlet/ServletResponse;Ljakarta/servlet/FilterChain;)V+150
j  org.apache.catalina.core.ApplicationFilterChain.internalDoFilter(Ljakarta/servlet/ServletRequest;Ljakarta/servlet/ServletResponse;)V+135
j  org.apache.catalina.core.ApplicationFilterChain.doFilter(Ljakarta/servlet/ServletRequest;Ljakarta/servlet/ServletResponse;)V+99
j  org.springframework.web.filter.CharacterEncodingFilter.doFilterInternal(Ljakarta/servlet/http/HttpServletRequest;Ljakarta/servlet/http/HttpServletResponse;Ljakarta/servlet/FilterChain;)V+53
j  org.springframework.web.filter.OncePerRequestFilter.doFilter(Ljakarta/servlet/ServletRequest;Ljakarta/servlet/ServletResponse;Ljakarta/servlet/FilterChain;)V+150
j  org.apache.catalina.core.ApplicationFilterChain.internalDoFilter(Ljakarta/servlet/ServletRequest;Ljakarta/servlet/ServletResponse;)V+135
j  org.apache.catalina.core.ApplicationFilterChain.doFilter(Ljakarta/servlet/ServletRequest;Ljakarta/servlet/ServletResponse;)V+99
j  org.apache.catalina.core.StandardWrapperValve.invoke(Lorg/apache/catalina/connector/Request;Lorg/apache/catalina/connector/Response;)V+514
j  org.apache.catalina.core.StandardContextValve.invoke(Lorg/apache/catalina/connector/Request;Lorg/apache/catalina/connector/Response;)V+169
j  org.apache.catalina.authenticator.AuthenticatorBase.invoke(Lorg/apache/catalina/connector/Request;Lorg/apache/catalina/connector/Response;)V+218
j  org.apache.catalina.core.StandardHostValve.invoke(Lorg/apache/catalina/connector/Request;Lorg/apache/catalina/connector/Response;)V+131
j  org.apache.catalina.valves.ErrorReportValve.invoke(Lorg/apache/catalina/connector/Request;Lorg/apache/catalina/connector/Response;)V+6
j  org.apache.catalina.core.StandardEngineValve.invoke(Lorg/apache/catalina/connector/Request;Lorg/apache/catalina/connector/Response;)V+59
j  org.apache.catalina.connector.CoyoteAdapter.service(Lorg/apache/coyote/Request;Lorg/apache/coyote/Response;)V+188
j  org.apache.coyote.http11.Http11Processor.service(Lorg/apache/tomcat/util/net/SocketWrapperBase;)Lorg/apache/tomcat/util/net/AbstractEndpoint$Handler$SocketState;+795
j  org.apache.coyote.AbstractProcessorLight.process(Lorg/apache/tomcat/util/net/SocketWrapperBase;Lorg/apache/tomcat/util/net/SocketEvent;)Lorg/apache/tomcat/util/net/AbstractEndpoint$Handler$SocketState;+152
j  org.apache.coyote.AbstractProtocol$ConnectionHandler.process(Lorg/apache/tomcat/util/net/SocketWrapperBase;Lorg/apache/tomcat/util/net/SocketEvent;)Lorg/apache/tomcat/util/net/AbstractEndpoint$Handler$SocketState;+482
j  org.apache.tomcat.util.net.NioEndpoint$SocketProcessor.doRun()V+249
j  org.apache.tomcat.util.net.SocketProcessorBase.run()V+32
j  org.apache.tomcat.util.threads.ThreadPoolExecutor.runWorker(Lorg/apache/tomcat/util/threads/ThreadPoolExecutor$Worker;)V+92
j  org.apache.tomcat.util.threads.ThreadPoolExecutor$Worker.run()V+5
j  org.apache.tomcat.util.threads.TaskThread$WrappingRunnable.run()V+4
j  java.lang.Thread.run()V+11 java.base@17.0.8
v  ~StubRoutines::call_stub

siginfo: EXCEPTION_ACCESS_VIOLATION (0xc0000005), reading address 0x0000000000000000


Register to memory mapping:

RIP=0x00007ffe850d1722 jniortools.dll
RAX=0x0 is NULL
RBX=0x0 is NULL
RCX=0x0 is NULL
RDX=0x0 is NULL
RSP=0x00000092b5cf9cd0 is pointing into the stack for thread: 0x000001f51f16f720
RBP=0x00000092b5cf9dd0 is pointing into the stack for thread: 0x000001f51f16f720
RSI=0x0 is NULL
RDI=0x000001f4d7a85890 points into unknown readable memory: 0x000001f51d6c2ae0 | e0 2a 6c 1d f5 01 00 00
R8 =0x0 is NULL
R9 =0x000001f51dc5ae58 points into unknown readable memory: 0x80808080803bff3b | 3b ff 3b 80 80 80 80 80
R10=0x00007fff117c0000 VCRUNTIME140.dll
R11=0x8080808080808080 is an unknown value
R12=0x0 is NULL
R13=0x00000092b5cf9fc8 is pointing into the stack for thread: 0x000001f51f16f720
R14=0x0 is NULL
R15=0x000001f4d7a85860 points into unknown readable memory: 0x000001f51d6c3080 | 80 30 6c 1d f5 01 00 00


Registers:
RAX=0x0000000000000000, RBX=0x0000000000000000, RCX=0x0000000000000000, RDX=0x0000000000000000
RSP=0x00000092b5cf9cd0, RBP=0x00000092b5cf9dd0, RSI=0x0000000000000000, RDI=0x000001f4d7a85890
R8 =0x0000000000000000, R9 =0x000001f51dc5ae58, R10=0x00007fff117c0000, R11=0x8080808080808080
R12=0x0000000000000000, R13=0x00000092b5cf9fc8, R14=0x0000000000000000, R15=0x000001f4d7a85860
RIP=0x00007ffe850d1722, EFLAGS=0x0000000000010202

Top of Stack: (sp=0x00000092b5cf9cd0)
0x00000092b5cf9cd0:   0000000000000000 0000000000000000
0x00000092b5cf9ce0:   00000092b5cf9dd0 000001f51d6c3440
0x00000092b5cf9cf0:   0000000000000000 00007ffe91a2dd01
0x00000092b5cf9d00:   00007ffe85f093e0 0000000000000000
0x00000092b5cf9d10:   0000000000000000 0000000000000000
0x00000092b5cf9d20:   00000092b5cf9fb0 00007fff29933600
0x00000092b5cf9d30:   0000000000000000 000001f52062f700
0x00000092b5cf9d40:   000001f51d4e23d0 000001f51e2c8410
0x00000092b5cf9d50:   000001f51d6c3078 000001f51e2c87f8
0x00000092b5cf9d60:   000001f51dc5a228 000001f51dc5a23c
0x00000092b5cf9d70:   0000000000000001 0000000000000002
0x00000092b5cf9d80:   000001f51dc5ae58 000001f51dc5ae6c
0x00000092b5cf9d90:   0000000000000001 0000000000000002
0x00000092b5cf9da0:   000001f51dc59ef8 000001f51dc59f0c
0x00000092b5cf9db0:   0000000000000001 0000000000000002
0x00000092b5cf9dc0:   000001f51dc5a198 000001f51dc5a1ac 

Instructions: (pc=0x00007ffe850d1722)
0x00007ffe850d1622:   f0 ff ff 4c 39 30 75 22 4c 8d 85 d8 01 00 00 48
0x00007ffe850d1632:   8d 54 24 50 48 8d 4d d0 e8 61 f0 ff ff 4c 39 30
0x00007ffe850d1642:   74 08 8b 85 d8 01 00 00 eb 18 49 8b 0f 48 63 85
0x00007ffe850d1652:   d8 01 00 00 89 04 99 49 8b 4f 18 48 89 1c c1 48
0x00007ffe850d1662:   ff c3 ff c0 89 85 d8 01 00 00 41 3b 47 60 7c 9e
0x00007ffe850d1672:   49 8d 7f 30 4d 8d 6f 48 48 8d 05 5f 7d e3 00 48
0x00007ffe850d1682:   89 44 24 30 4c 89 74 24 38 4c 89 74 24 40 4c 89
0x00007ffe850d1692:   74 24 48 0f 10 44 24 30 0f 11 45 b0 0f 10 4c 24
0x00007ffe850d16a2:   40 0f 11 4d c0 45 8b e6 41 8b 47 64 85 c0 0f 8e
0x00007ffe850d16b2:   29 01 00 00 4c 8b ad e8 01 00 00 0f 1f 00 49 8b
0x00007ffe850d16c2:   45 00 41 8b 0c 06 89 8d d8 01 00 00 4c 8d 85 d8
0x00007ffe850d16d2:   01 00 00 48 8d 55 70 48 8d 4d b0 e8 be ef ff ff
0x00007ffe850d16e2:   48 83 38 00 0f 85 bc 00 00 00 4c 8d 85 d8 01 00
0x00007ffe850d16f2:   00 48 8d 54 24 20 48 8d 4d b0 e8 df f0 ff ff 48
0x00007ffe850d1702:   63 85 d8 01 00 00 80 7c 24 28 00 74 0c 48 8b 54
0x00007ffe850d1712:   24 20 48 8b 4d b8 89 04 91 48 8b c8 49 8b 47 18
0x00007ffe850d1722:   48 8b 3c c8 49 8b 47 30 49 89 3c 06 66 90 48 83
0x00007ffe850d1732:   ff ff 0f 85 86 00 00 00 4c 8d 05 1f 88 de 00 48
0x00007ffe850d1742:   8b d7 48 8b ca e8 44 b8 28 00 48 85 c0 74 6f 48
0x00007ffe850d1752:   8b c8 48 83 78 18 0f 76 03 48 8b 08 48 89 4c 24
0x00007ffe850d1762:   60 48 8b 40 10 48 89 44 24 68 0f 28 44 24 60 66
0x00007ffe850d1772:   0f 7f 44 24 30 4c 8d 4c 24 30 41 b8 62 00 00 00
0x00007ffe850d1782:   48 8d 15 e7 86 de 00 48 8d 4c 24 50 e8 dd c5 28
0x00007ffe850d1792:   00 83 ce 20 89 b5 e0 01 00 00 40 f6 c6 20 0f 85
0x00007ffe850d17a2:   6f 07 00 00 eb 88 48 8b 07 49 89 1c 06 49 8b 0f
0x00007ffe850d17b2:   8b 85 d8 01 00 00 89 04 99 48 ff c3 eb 04 49 8d
0x00007ffe850d17c2:   7f 30 41 ff c4 49 83 c6 08 41 8b 47 64 44 3b e0
0x00007ffe850d17d2:   0f 8c e8 fe ff ff 4d 8d 6f 48 45 33 f6 45 8b e6
0x00007ffe850d17e2:   85 c0 0f 8e ad 00 00 00 48 63 bd d0 01 00 00 48
0x00007ffe850d17f2:   8b 85 e8 01 00 00 48 8b 00 41 8b 44 06 04 49 8b
0x00007ffe850d1802:   0f 89 04 99 49 8b 45 00 49 89 1c 06 66 90 48 3b
0x00007ffe850d1812:   fb 7e 6e 4c 8d 05 64 87 de 00 48 8b d3 48 8b cf 


Stack slot to memory mapping:
stack at sp + 0 slots: 0x0 is NULL
stack at sp + 1 slots: 0x0 is NULL
stack at sp + 2 slots: 0x00000092b5cf9dd0 is pointing into the stack for thread: 0x000001f51f16f720
stack at sp + 3 slots: 0x000001f51d6c3440 points into unknown readable memory: 0x0000000000000000 | 00 00 00 00 00 00 00 00
stack at sp + 4 slots: 0x0 is NULL
stack at sp + 5 slots: 0x00007ffe91a2dd01 jvm.dll
stack at sp + 6 slots: 0x00007ffe85f093e0 jniortools.dll
stack at sp + 7 slots: 0x0 is NULL


---------------  P R O C E S S  ---------------

Threads class SMR info:
_java_thread_list=0x000001f520661f90, length=41, elements={
0x000001f4d4ba6f70, 0x000001f4d4ba7de0, 0x000001f4d4bb8930, 0x000001f4d4bb94e0,
0x000001f4d4bba090, 0x000001f4d4bbcf60, 0x000001f4d4bbd9c0, 0x000001f4d4bc27d0,
0x000001f4d7a315e0, 0x000001f4d7bc1760, 0x000001f4d7bc1c70, 0x000001f4d7bc2180,
0x000001f51d3d7e90, 0x000001f51d3d8360, 0x000001f51d504df0, 0x000001f51e290030,
0x000001f51e3769a0, 0x000001f51e359d20, 0x000001f51f1be550, 0x000001f51e9e6040,
0x000001f51e9e7940, 0x000001f51f1e1850, 0x000001f51f16e3e0, 0x000001f51f170590,
0x000001f51f16e8b0, 0x000001f51f170a60, 0x000001f51f16f250, 0x000001f51f16d0a0,
0x000001f51f16d570, 0x000001f51f16f720, 0x000001f51f16df10, 0x000001f5206e1420,
0x000001f5206e0f50, 0x000001f5206e18f0, 0x000001f5206dcbf0, 0x000001f5206dfc10,
0x000001f5206db3e0, 0x000001f5206da0a0, 0x000001f5206dd0c0, 0x000001f5206dda60,
0x000001f5206db8b0
}

Java Threads: ( => current thread )
  0x000001f4d4ba6f70 JavaThread "Reference Handler" daemon [_thread_blocked, id=35820, stack(0x00000092b2a00000,0x00000092b2b00000)]
  0x000001f4d4ba7de0 JavaThread "Finalizer" daemon [_thread_blocked, id=31764, stack(0x00000092b2b00000,0x00000092b2c00000)]
  0x000001f4d4bb8930 JavaThread "Signal Dispatcher" daemon [_thread_blocked, id=32708, stack(0x00000092b2c00000,0x00000092b2d00000)]
  0x000001f4d4bb94e0 JavaThread "Attach Listener" daemon [_thread_blocked, id=8728, stack(0x00000092b2d00000,0x00000092b2e00000)]
  0x000001f4d4bba090 JavaThread "Service Thread" daemon [_thread_blocked, id=21528, stack(0x00000092b2e00000,0x00000092b2f00000)]
  0x000001f4d4bbcf60 JavaThread "Monitor Deflation Thread" daemon [_thread_blocked, id=19652, stack(0x00000092b2f00000,0x00000092b3000000)]
  0x000001f4d4bbd9c0 JavaThread "C1 CompilerThread0" daemon [_thread_blocked, id=36924, stack(0x00000092b3000000,0x00000092b3100000)]
  0x000001f4d4bc27d0 JavaThread "Sweeper thread" daemon [_thread_blocked, id=37052, stack(0x00000092b3100000,0x00000092b3200000)]
  0x000001f4d7a315e0 JavaThread "Common-Cleaner" daemon [_thread_blocked, id=32632, stack(0x00000092b3200000,0x00000092b3300000)]
  0x000001f4d7bc1760 JavaThread "C1 CompilerThread1" daemon [_thread_blocked, id=37768, stack(0x00000092b3300000,0x00000092b3400000)]
  0x000001f4d7bc1c70 JavaThread "C1 CompilerThread2" daemon [_thread_blocked, id=30740, stack(0x00000092b3400000,0x00000092b3500000)]
  0x000001f4d7bc2180 JavaThread "C1 CompilerThread3" daemon [_thread_blocked, id=24680, stack(0x00000092b3500000,0x00000092b3600000)]
  0x000001f51d3d7e90 JavaThread "Monitor Ctrl-Break" daemon [_thread_in_native, id=12984, stack(0x00000092b3600000,0x00000092b3700000)]
  0x000001f51d3d8360 JavaThread "Notification Thread" daemon [_thread_blocked, id=16420, stack(0x00000092b3700000,0x00000092b3800000)]
  0x000001f51d504df0 JavaThread "RMI TCP Accept-0" daemon [_thread_in_native, id=17996, stack(0x00000092b3800000,0x00000092b3900000)]
  0x000001f51e290030 JavaThread "C1 CompilerThread4" daemon [_thread_blocked, id=31440, stack(0x00000092b4900000,0x00000092b4a00000)]
  0x000001f51e3769a0 JavaThread "RMI TCP Connection(3)-172.19.208.1" daemon [_thread_in_native, id=35128, stack(0x00000092b4c00000,0x00000092b4d00000)]
  0x000001f51e359d20 JavaThread "RMI Scheduler(0)" daemon [_thread_blocked, id=34448, stack(0x00000092b4d00000,0x00000092b4e00000)]
  0x000001f51f1be550 JavaThread "Catalina-utility-1" [_thread_blocked, id=38468, stack(0x00000092b4800000,0x00000092b4900000)]
  0x000001f51e9e6040 JavaThread "Catalina-utility-2" [_thread_blocked, id=25256, stack(0x00000092b5100000,0x00000092b5200000)]
  0x000001f51e9e7940 JavaThread "container-0" [_thread_blocked, id=30620, stack(0x00000092b5200000,0x00000092b5300000)]
  0x000001f51f1e1850 JavaThread "mysql-cj-abandoned-connection-cleanup" daemon [_thread_blocked, id=9988, stack(0x00000092b5300000,0x00000092b5400000)]
  0x000001f51f16e3e0 JavaThread "HikariPool-1 housekeeper" daemon [_thread_blocked, id=4364, stack(0x00000092b5500000,0x00000092b5600000)]
  0x000001f51f170590 JavaThread "HikariPool-1 connection adder" daemon [_thread_blocked, id=5924, stack(0x00000092b5600000,0x00000092b5700000)]
  0x000001f51f16e8b0 JavaThread "RateLimitExecutorDelayThread" daemon [_thread_blocked, id=35116, stack(0x00000092b5700000,0x00000092b5800000)]
  0x000001f51f170a60 JavaThread "File Watcher" daemon [_thread_blocked, id=16716, stack(0x00000092b5800000,0x00000092b5900000)]
  0x000001f51f16f250 JavaThread "Live Reload Server" daemon [_thread_in_native, id=33080, stack(0x00000092b5a00000,0x00000092b5b00000)]
  0x000001f51f16d0a0 JavaThread "http-nio-8080-exec-1" daemon [_thread_blocked, id=6652, stack(0x00000092b5900000,0x00000092b5a00000)]
  0x000001f51f16d570 JavaThread "http-nio-8080-exec-2" daemon [_thread_blocked, id=36552, stack(0x00000092b5b00000,0x00000092b5c00000)]
=>0x000001f51f16f720 JavaThread "http-nio-8080-exec-3" daemon [_thread_in_native, id=34108, stack(0x00000092b5c00000,0x00000092b5d00000)]
  0x000001f51f16df10 JavaThread "http-nio-8080-exec-4" daemon [_thread_blocked, id=8736, stack(0x00000092b5d00000,0x00000092b5e00000)]
  0x000001f5206e1420 JavaThread "http-nio-8080-exec-5" daemon [_thread_blocked, id=31116, stack(0x00000092b5e00000,0x00000092b5f00000)]
  0x000001f5206e0f50 JavaThread "http-nio-8080-exec-6" daemon [_thread_blocked, id=22256, stack(0x00000092b5f00000,0x00000092b6000000)]
  0x000001f5206e18f0 JavaThread "http-nio-8080-exec-7" daemon [_thread_blocked, id=36416, stack(0x00000092b6000000,0x00000092b6100000)]
  0x000001f5206dcbf0 JavaThread "http-nio-8080-exec-8" daemon [_thread_blocked, id=26092, stack(0x00000092b6100000,0x00000092b6200000)]
  0x000001f5206dfc10 JavaThread "http-nio-8080-exec-9" daemon [_thread_blocked, id=3724, stack(0x00000092b6200000,0x00000092b6300000)]
  0x000001f5206db3e0 JavaThread "http-nio-8080-exec-10" daemon [_thread_blocked, id=26076, stack(0x00000092b6300000,0x00000092b6400000)]
  0x000001f5206da0a0 JavaThread "http-nio-8080-Poller" daemon [_thread_in_native, id=30812, stack(0x00000092b6400000,0x00000092b6500000)]
  0x000001f5206dd0c0 JavaThread "http-nio-8080-Acceptor" daemon [_thread_in_native, id=36020, stack(0x00000092b6500000,0x00000092b6600000)]
  0x000001f5206dda60 JavaThread "DestroyJavaVM" [_thread_blocked, id=16640, stack(0x00000092b2300000,0x00000092b2400000)]
  0x000001f5206db8b0 JavaThread "RMI TCP Connection(idle)" daemon [_thread_blocked, id=35376, stack(0x00000092b4600000,0x00000092b4700000)]

Other Threads:
  0x000001f4d4ba3a20 VMThread "VM Thread" [stack: 0x00000092b2900000,0x00000092b2a00000] [id=7744]
  0x000001f4d4a1c160 WatcherThread [stack: 0x00000092b3900000,0x00000092b3a00000] [id=11908]
  0x000001f4b4ce8b40 GCTaskThread "GC Thread#0" [stack: 0x00000092b2400000,0x00000092b2500000] [id=33172]
  0x000001f51dced000 GCTaskThread "GC Thread#1" [stack: 0x00000092b3a00000,0x00000092b3b00000] [id=32428]
  0x000001f51dced2b0 GCTaskThread "GC Thread#2" [stack: 0x00000092b3b00000,0x00000092b3c00000] [id=31708]
  0x000001f51dced560 GCTaskThread "GC Thread#3" [stack: 0x00000092b3c00000,0x00000092b3d00000] [id=35068]
  0x000001f51dced810 GCTaskThread "GC Thread#4" [stack: 0x00000092b3d00000,0x00000092b3e00000] [id=20100]
  0x000001f51dd21060 GCTaskThread "GC Thread#5" [stack: 0x00000092b3e00000,0x00000092b3f00000] [id=15580]
  0x000001f51dd23730 GCTaskThread "GC Thread#6" [stack: 0x00000092b3f00000,0x00000092b4000000] [id=10808]
  0x000001f51dd239e0 GCTaskThread "GC Thread#7" [stack: 0x00000092b4000000,0x00000092b4100000] [id=2536]
  0x000001f51dd24110 GCTaskThread "GC Thread#8" [stack: 0x00000092b4100000,0x00000092b4200000] [id=13372]
  0x000001f51dd243c0 GCTaskThread "GC Thread#9" [stack: 0x00000092b4200000,0x00000092b4300000] [id=34656]
  0x000001f51dd24670 GCTaskThread "GC Thread#10" [stack: 0x00000092b4300000,0x00000092b4400000] [id=30020]
  0x000001f51dd24da0 GCTaskThread "GC Thread#11" [stack: 0x00000092b4400000,0x00000092b4500000] [id=30792]
  0x000001f51e0f0910 GCTaskThread "GC Thread#12" [stack: 0x00000092b4e00000,0x00000092b4f00000] [id=23492]
  0x000001f4d49ec1d0 ConcurrentGCThread "G1 Main Marker" [stack: 0x00000092b2500000,0x00000092b2600000] [id=10652]
  0x000001f4d49edbf0 ConcurrentGCThread "G1 Conc#0" [stack: 0x00000092b2600000,0x00000092b2700000] [id=20520]
  0x000001f51e0f0660 ConcurrentGCThread "G1 Conc#1" [stack: 0x00000092b4f00000,0x00000092b5000000] [id=34688]
  0x000001f51e0efe50 ConcurrentGCThread "G1 Conc#2" [stack: 0x00000092b5000000,0x00000092b5100000] [id=31092]
  0x000001f4d4adac70 ConcurrentGCThread "G1 Refine#0" [stack: 0x00000092b2700000,0x00000092b2800000] [id=35748]
  0x000001f51dd346c0 ConcurrentGCThread "G1 Refine#1" [stack: 0x00000092b4500000,0x00000092b4600000] [id=35424]
  0x000001f4d4adb690 ConcurrentGCThread "G1 Service" [stack: 0x00000092b2800000,0x00000092b2900000] [id=32988]

Threads with active compile tasks:

VM state: not at safepoint (normal execution)

VM Mutex/Monitor currently owned by a thread: None

Heap address: 0x0000000602c00000, size: 8148 MB, Compressed Oops mode: Zero based, Oop shift amount: 3

CDS archive(s) mapped at: [0x000001f4d8000000-0x000001f4d8bd0000-0x000001f4d8bd0000), size 12386304, SharedBaseAddress: 0x000001f4d8000000, ArchiveRelocationMode: 1.
Compressed class space mapped at: 0x000001f4d9000000-0x000001f519000000, reserved size: 1073741824
Narrow klass base: 0x000001f4d8000000, Narrow klass shift: 0, Narrow klass range: 0x100000000

GC Precious Log:
 CPUs: 16 total, 16 available
 Memory: 32577M
 Large Page Support: Disabled
 NUMA Support: Disabled
 Compressed Oops: Enabled (Zero based)
 Heap Region Size: 4M
 Heap Min Capacity: 8M
 Heap Initial Capacity: 512M
 Heap Max Capacity: 8148M
 Pre-touch: Disabled
 Parallel Workers: 13
 Concurrent Workers: 3
 Concurrent Refinement Workers: 13
 Periodic GC: Disabled

Heap:
 garbage-first heap   total 323584K, used 84179K [0x0000000602c00000, 0x0000000800000000)
  region size 4096K, 11 young (45056K), 2 survivors (8192K)
 Metaspace       used 91974K, committed 92608K, reserved 1179648K
  class space    used 13021K, committed 13312K, reserved 1048576K

Heap Regions: E=young(eden), S=young(survivor), O=old, HS=humongous(starts), HC=humongous(continues), CS=collection set, F=free, OA=open archive, CA=closed archive, TAMS=top-at-mark-start (previous, next)
|   0|0x0000000602c00000, 0x0000000603000000, 0x0000000603000000|100%| O|  |TAMS 0x0000000603000000, 0x0000000602c00000| Untracked 
|   1|0x0000000603000000, 0x0000000603400000, 0x0000000603400000|100%| O|  |TAMS 0x0000000603400000, 0x0000000603000000| Untracked 
|   2|0x0000000603400000, 0x0000000603800000, 0x0000000603800000|100%| O|  |TAMS 0x0000000603800000, 0x0000000603400000| Untracked 
|   3|0x0000000603800000, 0x0000000603c00000, 0x0000000603c00000|100%| O|  |TAMS 0x0000000603c00000, 0x0000000603800000| Untracked 
|   4|0x0000000603c00000, 0x0000000604000000, 0x0000000604000000|100%| O|  |TAMS 0x0000000604000000, 0x0000000603c00000| Untracked 
|   5|0x0000000604000000, 0x0000000604400000, 0x0000000604400000|100%| O|  |TAMS 0x0000000604400000, 0x0000000604000000| Untracked 
|   6|0x0000000604400000, 0x0000000604800000, 0x0000000604800000|100%| O|  |TAMS 0x00000006046a3c00, 0x0000000604400000| Untracked 
|   7|0x0000000604800000, 0x0000000604c00000, 0x0000000604c00000|100%| O|  |TAMS 0x0000000604c00000, 0x0000000604800000| Untracked 
|   8|0x0000000604c00000, 0x0000000605000000, 0x0000000605000000|100%| O|  |TAMS 0x0000000604c00000, 0x0000000604c00000| Untracked 
|   9|0x0000000605000000, 0x0000000605400000, 0x0000000605400000|100%| O|  |TAMS 0x0000000605000000, 0x0000000605000000| Untracked 
|  10|0x0000000605400000, 0x0000000605721e00, 0x0000000605800000| 78%| O|  |TAMS 0x0000000605400000, 0x0000000605400000| Untracked 
|  11|0x0000000605800000, 0x0000000605800000, 0x0000000605c00000|  0%| F|  |TAMS 0x0000000605800000, 0x0000000605800000| Untracked 
|  12|0x0000000605c00000, 0x0000000605c00000, 0x0000000606000000|  0%| F|  |TAMS 0x0000000605c00000, 0x0000000605c00000| Untracked 
|  13|0x0000000606000000, 0x0000000606000000, 0x0000000606400000|  0%| F|  |TAMS 0x0000000606000000, 0x0000000606000000| Untracked 
|  14|0x0000000606400000, 0x0000000606712e58, 0x0000000606800000| 76%| S|CS|TAMS 0x0000000606400000, 0x0000000606400000| Complete 
|  15|0x0000000606800000, 0x0000000606800000, 0x0000000606c00000|  0%| F|  |TAMS 0x0000000606800000, 0x0000000606800000| Untracked 
|  16|0x0000000606c00000, 0x0000000607000000, 0x0000000607000000|100%| S|CS|TAMS 0x0000000606c00000, 0x0000000606c00000| Complete 
|  17|0x0000000607000000, 0x0000000607000000, 0x0000000607400000|  0%| F|  |TAMS 0x0000000607000000, 0x0000000607000000| Untracked 
|  18|0x0000000607400000, 0x0000000607400000, 0x0000000607800000|  0%| F|  |TAMS 0x0000000607400000, 0x0000000607400000| Untracked 
|  19|0x0000000607800000, 0x0000000607800000, 0x0000000607c00000|  0%| F|  |TAMS 0x0000000607800000, 0x0000000607800000| Untracked 
|  20|0x0000000607c00000, 0x0000000607c00000, 0x0000000608000000|  0%| F|  |TAMS 0x0000000607c00000, 0x0000000607c00000| Untracked 
|  21|0x0000000608000000, 0x0000000608000000, 0x0000000608400000|  0%| F|  |TAMS 0x0000000608000000, 0x0000000608000000| Untracked 
|  22|0x0000000608400000, 0x0000000608400000, 0x0000000608800000|  0%| F|  |TAMS 0x0000000608400000, 0x0000000608400000| Untracked 
|  23|0x0000000608800000, 0x0000000608800000, 0x0000000608c00000|  0%| F|  |TAMS 0x0000000608800000, 0x0000000608800000| Untracked 
|  24|0x0000000608c00000, 0x0000000608c00000, 0x0000000609000000|  0%| F|  |TAMS 0x0000000608c00000, 0x0000000608c00000| Untracked 
|  25|0x0000000609000000, 0x0000000609000000, 0x0000000609400000|  0%| F|  |TAMS 0x0000000609000000, 0x0000000609000000| Untracked 
|  26|0x0000000609400000, 0x0000000609400000, 0x0000000609800000|  0%| F|  |TAMS 0x0000000609400000, 0x0000000609400000| Untracked 
|  27|0x0000000609800000, 0x0000000609800000, 0x0000000609c00000|  0%| F|  |TAMS 0x0000000609800000, 0x0000000609800000| Untracked 
|  28|0x0000000609c00000, 0x0000000609c00000, 0x000000060a000000|  0%| F|  |TAMS 0x0000000609c00000, 0x0000000609c00000| Untracked 
|  29|0x000000060a000000, 0x000000060a000000, 0x000000060a400000|  0%| F|  |TAMS 0x000000060a000000, 0x000000060a000000| Untracked 
|  30|0x000000060a400000, 0x000000060a400000, 0x000000060a800000|  0%| F|  |TAMS 0x000000060a400000, 0x000000060a400000| Untracked 
|  31|0x000000060a800000, 0x000000060a800000, 0x000000060ac00000|  0%| F|  |TAMS 0x000000060a800000, 0x000000060a800000| Untracked 
|  32|0x000000060ac00000, 0x000000060ac00000, 0x000000060b000000|  0%| F|  |TAMS 0x000000060ac00000, 0x000000060ac00000| Untracked 
|  33|0x000000060b000000, 0x000000060b000000, 0x000000060b400000|  0%| F|  |TAMS 0x000000060b000000, 0x000000060b000000| Untracked 
|  34|0x000000060b400000, 0x000000060b400000, 0x000000060b800000|  0%| F|  |TAMS 0x000000060b400000, 0x000000060b400000| Untracked 
|  35|0x000000060b800000, 0x000000060b800000, 0x000000060bc00000|  0%| F|  |TAMS 0x000000060b800000, 0x000000060b800000| Untracked 
|  36|0x000000060bc00000, 0x000000060bc00000, 0x000000060c000000|  0%| F|  |TAMS 0x000000060bc00000, 0x000000060bc00000| Untracked 
|  37|0x000000060c000000, 0x000000060c000000, 0x000000060c400000|  0%| F|  |TAMS 0x000000060c000000, 0x000000060c000000| Untracked 
|  38|0x000000060c400000, 0x000000060c400000, 0x000000060c800000|  0%| F|  |TAMS 0x000000060c400000, 0x000000060c400000| Untracked 
|  39|0x000000060c800000, 0x000000060c800000, 0x000000060cc00000|  0%| F|  |TAMS 0x000000060c800000, 0x000000060c800000| Untracked 
|  40|0x000000060cc00000, 0x000000060cc00000, 0x000000060d000000|  0%| F|  |TAMS 0x000000060cc00000, 0x000000060cc00000| Untracked 
|  41|0x000000060d000000, 0x000000060d000000, 0x000000060d400000|  0%| F|  |TAMS 0x000000060d000000, 0x000000060d000000| Untracked 
|  42|0x000000060d400000, 0x000000060d400000, 0x000000060d800000|  0%| F|  |TAMS 0x000000060d400000, 0x000000060d400000| Untracked 
|  43|0x000000060d800000, 0x000000060d800000, 0x000000060dc00000|  0%| F|  |TAMS 0x000000060d800000, 0x000000060d800000| Untracked 
|  44|0x000000060dc00000, 0x000000060dc00000, 0x000000060e000000|  0%| F|  |TAMS 0x000000060dc00000, 0x000000060dc00000| Untracked 
|  45|0x000000060e000000, 0x000000060e000000, 0x000000060e400000|  0%| F|  |TAMS 0x000000060e000000, 0x000000060e000000| Untracked 
|  46|0x000000060e400000, 0x000000060e400000, 0x000000060e800000|  0%| F|  |TAMS 0x000000060e400000, 0x000000060e400000| Untracked 
|  47|0x000000060e800000, 0x000000060e800000, 0x000000060ec00000|  0%| F|  |TAMS 0x000000060e800000, 0x000000060e800000| Untracked 
|  48|0x000000060ec00000, 0x000000060ec00000, 0x000000060f000000|  0%| F|  |TAMS 0x000000060ec00000, 0x000000060ec00000| Untracked 
|  49|0x000000060f000000, 0x000000060f000000, 0x000000060f400000|  0%| F|  |TAMS 0x000000060f000000, 0x000000060f000000| Untracked 
|  50|0x000000060f400000, 0x000000060f400000, 0x000000060f800000|  0%| F|  |TAMS 0x000000060f400000, 0x000000060f400000| Untracked 
|  51|0x000000060f800000, 0x000000060f800000, 0x000000060fc00000|  0%| F|  |TAMS 0x000000060f800000, 0x000000060f800000| Untracked 
|  52|0x000000060fc00000, 0x000000060fc00000, 0x0000000610000000|  0%| F|  |TAMS 0x000000060fc00000, 0x000000060fc00000| Untracked 
|  53|0x0000000610000000, 0x0000000610000000, 0x0000000610400000|  0%| F|  |TAMS 0x0000000610000000, 0x0000000610000000| Untracked 
|  54|0x0000000610400000, 0x0000000610400000, 0x0000000610800000|  0%| F|  |TAMS 0x0000000610400000, 0x0000000610400000| Untracked 
|  55|0x0000000610800000, 0x0000000610800000, 0x0000000610c00000|  0%| F|  |TAMS 0x0000000610800000, 0x0000000610800000| Untracked 
|  56|0x0000000610c00000, 0x0000000610c00000, 0x0000000611000000|  0%| F|  |TAMS 0x0000000610c00000, 0x0000000610c00000| Untracked 
|  57|0x0000000611000000, 0x0000000611000000, 0x0000000611400000|  0%| F|  |TAMS 0x0000000611000000, 0x0000000611000000| Untracked 
|  58|0x0000000611400000, 0x0000000611400000, 0x0000000611800000|  0%| F|  |TAMS 0x0000000611400000, 0x0000000611400000| Untracked 
|  59|0x0000000611800000, 0x0000000611800000, 0x0000000611c00000|  0%| F|  |TAMS 0x0000000611800000, 0x0000000611800000| Untracked 
|  60|0x0000000611c00000, 0x0000000611c00000, 0x0000000612000000|  0%| F|  |TAMS 0x0000000611c00000, 0x0000000611c00000| Untracked 
|  61|0x0000000612000000, 0x0000000612000000, 0x0000000612400000|  0%| F|  |TAMS 0x0000000612000000, 0x0000000612000000| Untracked 
|  62|0x0000000612400000, 0x0000000612400000, 0x0000000612800000|  0%| F|  |TAMS 0x0000000612400000, 0x0000000612400000| Untracked 
|  63|0x0000000612800000, 0x0000000612800000, 0x0000000612c00000|  0%| F|  |TAMS 0x0000000612800000, 0x0000000612800000| Untracked 
|  64|0x0000000612c00000, 0x0000000612c00000, 0x0000000613000000|  0%| F|  |TAMS 0x0000000612c00000, 0x0000000612c00000| Untracked 
|  65|0x0000000613000000, 0x0000000613000000, 0x0000000613400000|  0%| F|  |TAMS 0x0000000613000000, 0x0000000613000000| Untracked 
|  66|0x0000000613400000, 0x0000000613400000, 0x0000000613800000|  0%| F|  |TAMS 0x0000000613400000, 0x0000000613400000| Untracked 
|  67|0x0000000613800000, 0x0000000613800000, 0x0000000613c00000|  0%| F|  |TAMS 0x0000000613800000, 0x0000000613800000| Untracked 
|  68|0x0000000613c00000, 0x0000000613c00000, 0x0000000614000000|  0%| F|  |TAMS 0x0000000613c00000, 0x0000000613c00000| Untracked 
|  69|0x0000000614000000, 0x0000000614000000, 0x0000000614400000|  0%| F|  |TAMS 0x0000000614000000, 0x0000000614000000| Untracked 
|  70|0x0000000614400000, 0x000000061449a488, 0x0000000614800000| 15%| E|  |TAMS 0x0000000614400000, 0x0000000614400000| Complete 
|  71|0x0000000614800000, 0x0000000614c00000, 0x0000000614c00000|100%| E|CS|TAMS 0x0000000614800000, 0x0000000614800000| Complete 
|  72|0x0000000614c00000, 0x0000000615000000, 0x0000000615000000|100%| E|CS|TAMS 0x0000000614c00000, 0x0000000614c00000| Complete 
|  73|0x0000000615000000, 0x0000000615400000, 0x0000000615400000|100%| E|CS|TAMS 0x0000000615000000, 0x0000000615000000| Complete 
|  74|0x0000000615400000, 0x0000000615800000, 0x0000000615800000|100%| E|CS|TAMS 0x0000000615400000, 0x0000000615400000| Complete 
|  75|0x0000000615800000, 0x0000000615c00000, 0x0000000615c00000|100%| E|CS|TAMS 0x0000000615800000, 0x0000000615800000| Complete 
|  76|0x0000000615c00000, 0x0000000616000000, 0x0000000616000000|100%| E|CS|TAMS 0x0000000615c00000, 0x0000000615c00000| Complete 
|  77|0x0000000616000000, 0x0000000616400000, 0x0000000616400000|100%| E|CS|TAMS 0x0000000616000000, 0x0000000616000000| Complete 
| 127|0x0000000622800000, 0x0000000622c00000, 0x0000000622c00000|100%| E|CS|TAMS 0x0000000622800000, 0x0000000622800000| Complete 

Card table byte_map: [0x000001f4c2a90000,0x000001f4c3a80000] _byte_map_base: 0x000001f4bfa7a000

Marking Bits (Prev, Next): (CMBitMap*) 0x000001f4b4ce9190, (CMBitMap*) 0x000001f4b4ce9150
 Prev Bits: [0x000001f4cc9c0000, 0x000001f4d4910000)
 Next Bits: [0x000001f4c4a70000, 0x000001f4cc9c0000)

Polling page: 0x000001f4b4990000

Metaspace:

Usage:
  Non-class:     77.10 MB used.
      Class:     12.72 MB used.
       Both:     89.82 MB used.

Virtual space:
  Non-class space:      128.00 MB reserved,      77.44 MB ( 60%) committed,  2 nodes.
      Class space:        1.00 GB reserved,      13.00 MB (  1%) committed,  1 nodes.
             Both:        1.12 GB reserved,      90.44 MB (  8%) committed. 

Chunk freelists:
   Non-Class:  1.62 MB
       Class:  3.01 MB
        Both:  4.64 MB

MaxMetaspaceSize: unlimited
CompressedClassSpaceSize: 1.00 GB
Initial GC threshold: 21.00 MB
Current GC threshold: 98.88 MB
CDS: on
MetaspaceReclaimPolicy: balanced
 - commit_granule_bytes: 65536.
 - commit_granule_words: 8192.
 - virtual_space_node_default_size: 8388608.
 - enlarge_chunks_in_place: 1.
 - new_chunks_are_fully_committed: 0.
 - uncommit_free_chunks: 1.
 - use_allocation_guard: 0.
 - handle_deallocations: 1.


Internal statistics:

num_allocs_failed_limit: 11.
num_arena_births: 964.
num_arena_deaths: 2.
num_vsnodes_births: 3.
num_vsnodes_deaths: 0.
num_space_committed: 1447.
num_space_uncommitted: 0.
num_chunks_returned_to_freelist: 14.
num_chunks_taken_from_freelist: 4257.
num_chunk_merges: 11.
num_chunk_splits: 3149.
num_chunks_enlarged: 2468.
num_purges: 2.
num_inconsistent_stats: 0.

CodeCache: size=49152Kb used=18001Kb max_used=19412Kb free=31150Kb
 bounds [0x000001f4bdc70000, 0x000001f4bef70000, 0x000001f4c0c70000]
 total_blobs=10038 nmethods=9157 adapters=802
 compilation: enabled
              stopped_count=0, restarted_count=0
 full_count=0

Compilation events (20 events):
Event: 7.614 Thread 0x000001f4d4bbd9c0 9319       1       java.lang.Long::hashCode (8 bytes)
Event: 7.614 Thread 0x000001f4d4bbd9c0 nmethod 9319 0x000001f4bed9f810 code [0x000001f4bed9f9a0, 0x000001f4bed9fa78]
Event: 7.615 Thread 0x000001f4d7bc1c70 9320       1       org.hibernate.metamodel.mapping.internal.PluralAttributeMappingImpl::getCollectionDescriptor (5 bytes)
Event: 7.615 Thread 0x000001f4d7bc1c70 nmethod 9320 0x000001f4bed9f390 code [0x000001f4bed9f520, 0x000001f4bed9f5f8]
Event: 7.615 Thread 0x000001f4d7bc1760 9321       1       org.hibernate.tuple.entity.EntityMetamodel::isPolymorphic (5 bytes)
Event: 7.615 Thread 0x000001f4d7bc1760 nmethod 9321 0x000001f4be70b190 code [0x000001f4be70b320, 0x000001f4be70b3f8]
Event: 7.615 Thread 0x000001f4d4bbd9c0 9322       1       org.hibernate.metamodel.internal.AbstractPojoInstantiator::isAbstract (5 bytes)
Event: 7.615 Thread 0x000001f51e290030 9323       1       org.hibernate.sql.results.graph.entity.AbstractEntityInitializer::isEntityInitialized (5 bytes)
Event: 7.615 Thread 0x000001f4d4bbd9c0 nmethod 9322 0x000001f4be70ac90 code [0x000001f4be70ae20, 0x000001f4be70aef8]
Event: 7.615 Thread 0x000001f51e290030 nmethod 9323 0x000001f4be0a6b90 code [0x000001f4be0a6d20, 0x000001f4be0a6df8]
Event: 7.615 Thread 0x000001f51e290030 9324       1       org.hibernate.persister.collection.AbstractCollectionPersister::getNavigableRole (5 bytes)
Event: 7.615 Thread 0x000001f51e290030 nmethod 9324 0x000001f4be0a6610 code [0x000001f4be0a67a0, 0x000001f4be0a6878]
Event: 7.615 Thread 0x000001f4d7bc2180 9325       1       org.hibernate.type.AbstractStandardBasicType::deepCopy (6 bytes)
Event: 7.615 Thread 0x000001f4d4bbd9c0 9326       1       org.hibernate.type.AbstractStandardBasicType::deepCopy (11 bytes)
Event: 7.615 Thread 0x000001f4d7bc2180 nmethod 9325 0x000001f4be0d2690 code [0x000001f4be0d2820, 0x000001f4be0d2908]
Event: 7.615 Thread 0x000001f4d4bbd9c0 nmethod 9326 0x000001f4be0d2190 code [0x000001f4be0d2320, 0x000001f4be0d2408]
Event: 7.615 Thread 0x000001f4d7bc2180 9327       1       org.hibernate.engine.internal.StatefulPersistenceContext$EntityHolderImpl::getEntity (5 bytes)
Event: 7.615 Thread 0x000001f4d7bc1c70 9328       1       org.hibernate.event.spi.AbstractEvent::getSession (5 bytes)
Event: 7.615 Thread 0x000001f4d7bc2180 nmethod 9327 0x000001f4be14d690 code [0x000001f4be14d820, 0x000001f4be14d8f8]
Event: 7.615 Thread 0x000001f4d7bc1c70 nmethod 9328 0x000001f4be14d110 code [0x000001f4be14d2a0, 0x000001f4be14d378]

GC Heap History (20 events):
Event: 2.273 GC heap before
{Heap before GC invocations=8 (full 0):
 garbage-first heap   total 303104K, used 98098K [0x0000000602c00000, 0x0000000800000000)
  region size 4096K, 21 young (86016K), 1 survivors (4096K)
 Metaspace       used 35593K, committed 36096K, reserved 1114112K
  class space    used 4954K, committed 5184K, reserved 1048576K
}
Event: 2.278 GC heap after
{Heap after GC invocations=9 (full 0):
 garbage-first heap   total 303104K, used 27132K [0x0000000602c00000, 0x0000000800000000)
  region size 4096K, 3 young (12288K), 3 survivors (12288K)
 Metaspace       used 35593K, committed 36096K, reserved 1114112K
  class space    used 4954K, committed 5184K, reserved 1048576K
}
Event: 2.763 GC heap before
{Heap before GC invocations=10 (full 0):
 garbage-first heap   total 122880K, used 88572K [0x0000000602c00000, 0x0000000800000000)
  region size 4096K, 18 young (73728K), 3 survivors (12288K)
 Metaspace       used 46236K, committed 46720K, reserved 1114112K
  class space    used 6251K, committed 6464K, reserved 1048576K
}
Event: 2.767 GC heap after
{Heap after GC invocations=11 (full 0):
 garbage-first heap   total 122880K, used 31448K [0x0000000602c00000, 0x0000000800000000)
  region size 4096K, 2 young (8192K), 2 survivors (8192K)
 Metaspace       used 46236K, committed 46720K, reserved 1114112K
  class space    used 6251K, committed 6464K, reserved 1048576K
}
Event: 2.799 GC heap before
{Heap before GC invocations=11 (full 0):
 garbage-first heap   total 122880K, used 35544K [0x0000000602c00000, 0x0000000800000000)
  region size 4096K, 3 young (12288K), 2 survivors (8192K)
 Metaspace       used 47243K, committed 47680K, reserved 1114112K
  class space    used 6353K, committed 6528K, reserved 1048576K
}
Event: 2.802 GC heap after
{Heap after GC invocations=12 (full 0):
 garbage-first heap   total 122880K, used 32291K [0x0000000602c00000, 0x0000000800000000)
  region size 4096K, 1 young (4096K), 1 survivors (4096K)
 Metaspace       used 47243K, committed 47680K, reserved 1114112K
  class space    used 6353K, committed 6528K, reserved 1048576K
}
Event: 3.314 GC heap before
{Heap before GC invocations=12 (full 0):
 garbage-first heap   total 122880K, used 89635K [0x0000000602c00000, 0x0000000800000000)
  region size 4096K, 15 young (61440K), 1 survivors (4096K)
 Metaspace       used 59006K, committed 59520K, reserved 1114112K
  class space    used 8145K, committed 8384K, reserved 1048576K
}
Event: 3.316 GC heap after
{Heap after GC invocations=13 (full 0):
 garbage-first heap   total 122880K, used 34508K [0x0000000602c00000, 0x0000000800000000)
  region size 4096K, 1 young (4096K), 1 survivors (4096K)
 Metaspace       used 59006K, committed 59520K, reserved 1114112K
  class space    used 8145K, committed 8384K, reserved 1048576K
}
Event: 3.365 GC heap before
{Heap before GC invocations=13 (full 0):
 garbage-first heap   total 122880K, used 38604K [0x0000000602c00000, 0x0000000800000000)
  region size 4096K, 3 young (12288K), 1 survivors (4096K)
 Metaspace       used 59947K, committed 60416K, reserved 1114112K
  class space    used 8259K, committed 8512K, reserved 1048576K
}
Event: 3.367 GC heap after
{Heap after GC invocations=14 (full 0):
 garbage-first heap   total 122880K, used 34788K [0x0000000602c00000, 0x0000000800000000)
  region size 4096K, 1 young (4096K), 1 survivors (4096K)
 Metaspace       used 59947K, committed 60416K, reserved 1114112K
  class space    used 8259K, committed 8512K, reserved 1048576K
}
Event: 3.955 GC heap before
{Heap before GC invocations=15 (full 0):
 garbage-first heap   total 122880K, used 96228K [0x0000000602c00000, 0x0000000800000000)
  region size 4096K, 16 young (65536K), 1 survivors (4096K)
 Metaspace       used 69891K, committed 70528K, reserved 1114112K
  class space    used 9938K, committed 10240K, reserved 1048576K
}
Event: 3.958 GC heap after
{Heap after GC invocations=16 (full 0):
 garbage-first heap   total 122880K, used 37651K [0x0000000602c00000, 0x0000000800000000)
  region size 4096K, 2 young (8192K), 2 survivors (8192K)
 Metaspace       used 69891K, committed 70528K, reserved 1114112K
  class space    used 9938K, committed 10240K, reserved 1048576K
}
Event: 4.262 GC heap before
{Heap before GC invocations=16 (full 0):
 garbage-first heap   total 122880K, used 94995K [0x0000000602c00000, 0x0000000800000000)
  region size 4096K, 16 young (65536K), 2 survivors (8192K)
 Metaspace       used 75102K, committed 75712K, reserved 1114112K
  class space    used 10736K, committed 11008K, reserved 1048576K
}
Event: 4.265 GC heap after
{Heap after GC invocations=17 (full 0):
 garbage-first heap   total 122880K, used 40986K [0x0000000602c00000, 0x0000000800000000)
  region size 4096K, 2 young (8192K), 2 survivors (8192K)
 Metaspace       used 75102K, committed 75712K, reserved 1114112K
  class space    used 10736K, committed 11008K, reserved 1048576K
}
Event: 4.537 GC heap before
{Heap before GC invocations=17 (full 0):
 garbage-first heap   total 122880K, used 90138K [0x0000000602c00000, 0x0000000800000000)
  region size 4096K, 15 young (61440K), 2 survivors (8192K)
 Metaspace       used 80717K, committed 81344K, reserved 1179648K
  class space    used 11479K, committed 11776K, reserved 1048576K
}
Event: 4.542 GC heap after
{Heap after GC invocations=18 (full 0):
 garbage-first heap   total 122880K, used 44371K [0x0000000602c00000, 0x0000000800000000)
  region size 4096K, 2 young (8192K), 2 survivors (8192K)
 Metaspace       used 80717K, committed 81344K, reserved 1179648K
  class space    used 11479K, committed 11776K, reserved 1048576K
}
Event: 4.735 GC heap before
{Heap before GC invocations=18 (full 0):
 garbage-first heap   total 122880K, used 93523K [0x0000000602c00000, 0x0000000800000000)
  region size 4096K, 14 young (57344K), 2 survivors (8192K)
 Metaspace       used 82281K, committed 82880K, reserved 1179648K
  class space    used 11669K, committed 11968K, reserved 1048576K
}
Event: 4.739 GC heap after
{Heap after GC invocations=19 (full 0):
 garbage-first heap   total 122880K, used 46399K [0x0000000602c00000, 0x0000000800000000)
  region size 4096K, 2 young (8192K), 2 survivors (8192K)
 Metaspace       used 82281K, committed 82880K, reserved 1179648K
  class space    used 11669K, committed 11968K, reserved 1048576K
}
Event: 5.178 GC heap before
{Heap before GC invocations=19 (full 0):
 garbage-first heap   total 122880K, used 95551K [0x0000000602c00000, 0x0000000800000000)
  region size 4096K, 14 young (57344K), 2 survivors (8192K)
 Metaspace       used 87106K, committed 87808K, reserved 1179648K
  class space    used 12400K, committed 12736K, reserved 1048576K
}
Event: 5.181 GC heap after
{Heap after GC invocations=20 (full 0):
 garbage-first heap   total 323584K, used 51411K [0x0000000602c00000, 0x0000000800000000)
  region size 4096K, 2 young (8192K), 2 survivors (8192K)
 Metaspace       used 87106K, committed 87808K, reserved 1179648K
  class space    used 12400K, committed 12736K, reserved 1048576K
}

Deoptimization events (18 events):
Event: 0.928 Thread 0x000001f51dd29120 DEOPT PACKING pc=0x000001f4be29a479 sp=0x00000092b47fcd20
Event: 0.928 Thread 0x000001f51dd29120 DEOPT UNPACKING pc=0x000001f4bdcc2b43 sp=0x00000092b47fc200 mode 3
Event: 0.954 Thread 0x000001f51dd29120 DEOPT PACKING pc=0x000001f4be2b6dd5 sp=0x00000092b47fe600
Event: 0.954 Thread 0x000001f51dd29120 DEOPT UNPACKING pc=0x000001f4bdcc2b43 sp=0x00000092b47fdaa8 mode 3
Event: 2.018 Thread 0x000001f51dd29120 DEOPT PACKING pc=0x000001f4be7a41a5 sp=0x00000092b47fd140
Event: 2.018 Thread 0x000001f51dd29120 DEOPT UNPACKING pc=0x000001f4bdcc2b43 sp=0x00000092b47fc6a8 mode 3
Event: 2.241 Thread 0x000001f51dd29120 DEOPT PACKING pc=0x000001f4be74bd79 sp=0x00000092b47fb940
Event: 2.241 Thread 0x000001f51dd29120 DEOPT UNPACKING pc=0x000001f4bdcc2b43 sp=0x00000092b47fae20 mode 3
Event: 2.602 Thread 0x000001f51dd29120 DEOPT PACKING pc=0x000001f4be8fca17 sp=0x00000092b47fcb40
Event: 2.602 Thread 0x000001f51dd29120 DEOPT UNPACKING pc=0x000001f4bdcc2b43 sp=0x00000092b47fc0d0 mode 3
Event: 3.821 Thread 0x000001f51dd29120 DEOPT PACKING pc=0x000001f4bec4315c sp=0x00000092b47fcd30
Event: 3.821 Thread 0x000001f51dd29120 DEOPT UNPACKING pc=0x000001f4bdcc2b43 sp=0x00000092b47fc2b8 mode 0
Event: 3.960 Thread 0x000001f51dd29120 DEOPT PACKING pc=0x000001f4be2efe52 sp=0x00000092b47fc3a0
Event: 3.960 Thread 0x000001f51dd29120 DEOPT UNPACKING pc=0x000001f4bdcc2b43 sp=0x00000092b47fb8a8 mode 3
Event: 3.960 Thread 0x000001f51dd29120 DEOPT PACKING pc=0x000001f4be2c4b55 sp=0x00000092b47fc360
Event: 3.960 Thread 0x000001f51dd29120 DEOPT UNPACKING pc=0x000001f4bdcc2b43 sp=0x00000092b47fb8a8 mode 3
Event: 4.022 Thread 0x000001f51dd29120 DEOPT PACKING pc=0x000001f4be2b1a54 sp=0x00000092b47fc9a0
Event: 4.022 Thread 0x000001f51dd29120 DEOPT UNPACKING pc=0x000001f4bdcc2b43 sp=0x00000092b47fbef8 mode 0

Classes unloaded (1 events):
Event: 3.379 Thread 0x000001f4d4ba3a20 Unloading class 0x000001f4d9514000 'jdk/internal/reflect/GeneratedSerializationConstructorAccessor18'

Classes redefined (0 events):
No events

Internal exceptions (20 events):
Event: 4.417 Thread 0x000001f51dd29120 Exception <a 'java/io/FileNotFoundException'{0x00000006087e2ff8}> (0x00000006087e2ff8) 
thrown [s\open\src\hotspot\share\prims\jni.cpp, line 516]
Event: 4.512 Thread 0x000001f51dd29120 Exception <a 'sun/nio/fs/WindowsException'{0x00000006071b5b58}> (0x00000006071b5b58) 
thrown [s\open\src\hotspot\share\prims\jni.cpp, line 516]
Event: 4.516 Thread 0x000001f51dd29120 Exception <a 'java/lang/NoSuchMethodError'{0x00000006071d69c0}: 'int java.lang.invoke.DirectMethodHandle$Holder.invokeStaticInit(java.lang.Object, java.lang.Object, java.lang.Object, java.lang.Object)'> (0x00000006071d69c0) 
thrown [s\open\src\hotspot\share\interpreter\linkResolver.cpp, line 759]
Event: 4.612 Thread 0x000001f51e3769a0 Exception <a 'java/lang/reflect/InvocationTargetException'{0x0000000608516c40}> (0x0000000608516c40) 
thrown [s\open\src\hotspot\share\runtime\reflection.cpp, line 1121]
Event: 4.639 Thread 0x000001f51dd29120 Exception <a 'sun/nio/fs/WindowsException'{0x0000000608785db8}> (0x0000000608785db8) 
thrown [s\open\src\hotspot\share\prims\jni.cpp, line 516]
Event: 4.903 Thread 0x000001f51dd29120 Exception <a 'java/lang/IncompatibleClassChangeError'{0x00000006092bdf40}: Found class java.lang.Object, but interface was expected> (0x00000006092bdf40) 
thrown [s\open\src\hotspot\share\interpreter\linkResolver.cpp, line 826]
Event: 4.966 Thread 0x000001f51dd29120 Exception <a 'java/lang/IncompatibleClassChangeError'{0x00000006089acc00}: Found class java.lang.Object, but interface was expected> (0x00000006089acc00) 
thrown [s\open\src\hotspot\share\interpreter\linkResolver.cpp, line 826]
Event: 4.989 Thread 0x000001f51dd29120 Exception <a 'java/lang/NoSuchMethodError'{0x0000000608b55488}: 'java.lang.Object java.lang.invoke.DirectMethodHandle$Holder.invokeInterface(java.lang.Object, java.lang.Object, java.lang.Object, java.lang.Object)'> (0x0000000608b55488) 
thrown [s\open\src\hotspot\share\interpreter\linkResolver.cpp, line 759]
Event: 5.019 Thread 0x000001f51dd29120 Exception <a 'java/lang/NoSuchMethodError'{0x000000060861a8b0}: 'void java.lang.invoke.DirectMethodHandle$Holder.invokeVirtual(java.lang.Object, java.lang.Object, long)'> (0x000000060861a8b0) 
thrown [s\open\src\hotspot\share\interpreter\linkResolver.cpp, line 759]
Event: 5.116 Thread 0x000001f51e3769a0 Exception <a 'java/lang/reflect/InvocationTargetException'{0x0000000607ff2248}> (0x0000000607ff2248) 
thrown [s\open\src\hotspot\share\runtime\reflection.cpp, line 1121]
Event: 5.242 Thread 0x000001f51dd29120 Exception <a 'java/lang/NoSuchMethodError'{0x0000000616135d50}: 'java.lang.Object java.lang.invoke.DirectMethodHandle$Holder.newInvokeSpecial(java.lang.Object, java.lang.Object, int, java.lang.Object, java.lang.Object)'> (0x0000000616135d50) 
thrown [s\open\src\hotspot\share\interpreter\linkResolver.cpp, line 759]
Event: 5.242 Thread 0x000001f51dd29120 Exception <a 'java/lang/NoSuchMethodError'{0x0000000616140fe8}: 'java.lang.Object java.lang.invoke.DirectMethodHandle$Holder.invokeSpecial(java.lang.Object, java.lang.Object, int, java.lang.Object, int, java.lang.Object)'> (0x0000000616140fe8) 
thrown [s\open\src\hotspot\share\interpreter\linkResolver.cpp, line 759]
Event: 5.242 Thread 0x000001f51dd29120 Exception <a 'java/lang/NoSuchMethodError'{0x0000000616149008}: 'java.lang.Object java.lang.invoke.DirectMethodHandle$Holder.newInvokeSpecial(java.lang.Object, java.lang.Object, int, java.lang.Object, int)'> (0x0000000616149008) 
thrown [s\open\src\hotspot\share\interpreter\linkResolver.cpp, line 759]
Event: 5.242 Thread 0x000001f51dd29120 Exception <a 'java/lang/NoSuchMethodError'{0x000000061614d108}: 'java.lang.Object java.lang.invoke.DirectMethodHandle$Holder.invokeSpecial(java.lang.Object, java.lang.Object, java.lang.Object, int, java.lang.Object, int)'> (0x000000061614d108) 
thrown [s\open\src\hotspot\share\interpreter\linkResolver.cpp, line 759]
Event: 7.439 Thread 0x000001f51f16d0a0 Exception <a 'java/lang/NoSuchMethodError'{0x00000006157531c0}: 'java.lang.Object java.lang.invoke.DirectMethodHandle$Holder.invokeSpecial(java.lang.Object, java.lang.Object, java.lang.Object, java.lang.Object, java.lang.Object, long)'> (0x00000006157531c0) 
thrown [s\open\src\hotspot\share\interpreter\linkResolver.cpp, line 759]
Event: 7.439 Thread 0x000001f51f16d0a0 Exception <a 'java/lang/NoSuchMethodError'{0x0000000615756c00}: 'java.lang.Object java.lang.invoke.Invokers$Holder.linkToTargetMethod(java.lang.Object, java.lang.Object, java.lang.Object, long, java.lang.Object)'> (0x0000000615756c00) 
thrown [s\open\src\hotspot\share\interpreter\linkResolver.cpp, line 759]
Event: 7.545 Thread 0x000001f51f16f720 Exception <a 'java/lang/NoSuchMethodError'{0x0000000614e8e0b0}: 'void java.lang.invoke.DirectMethodHandle$Holder.invokeSpecialIFC(java.lang.Object, java.lang.Object, int, java.lang.Object, java.lang.Object, java.lang.Object, java.lang.Object)'> (0x0000000614e8e0b0) 
thrown [s\open\src\hotspot\share\interpreter\linkResolver.cpp, line 759]
Event: 7.574 Thread 0x000001f51f16f720 Exception <a 'java/lang/reflect/InvocationTargetException'{0x0000000614972120}> (0x0000000614972120) 
thrown [s\open\src\hotspot\share\runtime\reflection.cpp, line 1121]
Event: 7.574 Thread 0x000001f51f16f720 Exception <a 'java/lang/reflect/InvocationTargetException'{0x0000000614973138}> (0x0000000614973138) 
thrown [s\open\src\hotspot\share\runtime\reflection.cpp, line 1121]
Event: 7.600 Thread 0x000001f51f16f720 Exception <a 'java/lang/IncompatibleClassChangeError'{0x0000000614b224b0}: Found class java.lang.Object, but interface was expected> (0x0000000614b224b0) 
thrown [s\open\src\hotspot\share\interpreter\linkResolver.cpp, line 826]

VM Operations (20 events):
Event: 7.446 Executing VM operation: Cleanup
Event: 7.446 Executing VM operation: Cleanup done
Event: 7.449 Executing VM operation: HandshakeAllThreads
Event: 7.449 Executing VM operation: HandshakeAllThreads done
Event: 7.501 Executing VM operation: HandshakeAllThreads
Event: 7.501 Executing VM operation: HandshakeAllThreads done
Event: 7.506 Executing VM operation: HandshakeAllThreads
Event: 7.506 Executing VM operation: HandshakeAllThreads done
Event: 7.530 Executing VM operation: HandshakeAllThreads
Event: 7.530 Executing VM operation: HandshakeAllThreads done
Event: 7.530 Executing VM operation: HandshakeAllThreads
Event: 7.530 Executing VM operation: HandshakeAllThreads done
Event: 7.538 Executing VM operation: HandshakeAllThreads
Event: 7.538 Executing VM operation: HandshakeAllThreads done
Event: 7.538 Executing VM operation: HandshakeAllThreads
Event: 7.538 Executing VM operation: HandshakeAllThreads done
Event: 7.579 Executing VM operation: HandshakeAllThreads
Event: 7.579 Executing VM operation: HandshakeAllThreads done
Event: 7.579 Executing VM operation: HandshakeAllThreads
Event: 7.579 Executing VM operation: HandshakeAllThreads done

Events (20 events):
Event: 7.583 Thread 0x000001f4d4bc27d0 flushing nmethod 0x000001f4bed37590
Event: 7.583 Thread 0x000001f4d4bc27d0 flushing nmethod 0x000001f4bed40890
Event: 7.583 Thread 0x000001f4d4bc27d0 flushing nmethod 0x000001f4bed54910
Event: 7.583 Thread 0x000001f4d4bc27d0 flushing nmethod 0x000001f4bed55110
Event: 7.583 Thread 0x000001f4d4bc27d0 flushing nmethod 0x000001f4bed64e10
Event: 7.583 Thread 0x000001f4d4bc27d0 flushing nmethod 0x000001f4bed9f390
Event: 7.584 Thread 0x000001f4d4bc27d0 flushing nmethod 0x000001f4bee41a90
Event: 7.584 Thread 0x000001f4d4bc27d0 flushing nmethod 0x000001f4bee4f410
Event: 7.584 Thread 0x000001f4d4bc27d0 flushing nmethod 0x000001f4bee7dc90
Event: 7.584 Thread 0x000001f4d4bc27d0 flushing nmethod 0x000001f4bee84310
Event: 7.584 Thread 0x000001f4d4bc27d0 flushing nmethod 0x000001f4bee9a590
Event: 7.584 Thread 0x000001f4d4bc27d0 flushing nmethod 0x000001f4bee9b610
Event: 7.591 loading class jdk/internal/reflect/UnsafeDoubleFieldAccessorImpl
Event: 7.591 loading class jdk/internal/reflect/UnsafeDoubleFieldAccessorImpl done
Event: 7.595 loading class jdk/internal/reflect/UnsafeIntegerFieldAccessorImpl
Event: 7.596 loading class jdk/internal/reflect/UnsafeIntegerFieldAccessorImpl done
Event: 7.596 loading class jdk/internal/reflect/UnsafeBooleanFieldAccessorImpl
Event: 7.596 loading class jdk/internal/reflect/UnsafeBooleanFieldAccessorImpl done
Event: 7.615 loading class sun/reflect/annotation/AnnotationInvocationHandler$1
Event: 7.615 loading class sun/reflect/annotation/AnnotationInvocationHandler$1 done


Dynamic libraries:
0x00007ff7fdf50000 - 0x00007ff7fdf60000 	C:\Program Files\Java\jdk-17\bin\java.exe
0x00007fff2c330000 - 0x00007fff2c547000 	C:\Windows\SYSTEM32\ntdll.dll
0x00007fff2b750000 - 0x00007fff2b814000 	C:\Windows\System32\KERNEL32.DLL
0x00007fff29c00000 - 0x00007fff29fad000 	C:\Windows\System32\KERNELBASE.dll
0x00007fff29920000 - 0x00007fff29a31000 	C:\Windows\System32\ucrtbase.dll
0x00007fff117c0000 - 0x00007fff117db000 	C:\Program Files\Java\jdk-17\bin\VCRUNTIME140.dll
0x00007fff0eca0000 - 0x00007fff0ecb9000 	C:\Program Files\Java\jdk-17\bin\jli.dll
0x00007fff2b490000 - 0x00007fff2b542000 	C:\Windows\System32\ADVAPI32.dll
0x00007fff2af60000 - 0x00007fff2b007000 	C:\Windows\System32\msvcrt.dll
0x00007fff2b3e0000 - 0x00007fff2b489000 	C:\Windows\System32\sechost.dll
0x00007fff29660000 - 0x00007fff29688000 	C:\Windows\System32\bcrypt.dll
0x00007fff2ae10000 - 0x00007fff2af24000 	C:\Windows\System32\RPCRT4.dll
0x00007fff2b550000 - 0x00007fff2b6fe000 	C:\Windows\System32\USER32.dll
0x00007fff29690000 - 0x00007fff296b6000 	C:\Windows\System32\win32u.dll
0x00007fff1ddf0000 - 0x00007fff1e083000 	C:\Windows\WinSxS\amd64_microsoft.windows.common-controls_6595b64144ccf1df_6.0.22621.3672_none_2713b9d173822955\COMCTL32.dll
0x00007fff2af30000 - 0x00007fff2af59000 	C:\Windows\System32\GDI32.dll
0x00007fff29a40000 - 0x00007fff29b59000 	C:\Windows\System32\gdi32full.dll
0x00007fff29b60000 - 0x00007fff29bfa000 	C:\Windows\System32\msvcp_win.dll
0x00007fff21b40000 - 0x00007fff21b4a000 	C:\Windows\SYSTEM32\VERSION.dll
0x00007fff2b110000 - 0x00007fff2b141000 	C:\Windows\System32\IMM32.DLL
0x00007fff20840000 - 0x00007fff2084c000 	C:\Program Files\Java\jdk-17\bin\vcruntime140_1.dll
0x00007fff06570000 - 0x00007fff065fe000 	C:\Program Files\Java\jdk-17\bin\msvcp140.dll
0x00007ffe916b0000 - 0x00007ffe9228e000 	C:\Program Files\Java\jdk-17\bin\server\jvm.dll
0x00007fff2ad10000 - 0x00007fff2ad18000 	C:\Windows\System32\PSAPI.DLL
0x00007fff185c0000 - 0x00007fff185f4000 	C:\Windows\SYSTEM32\WINMM.dll
0x00007ffeb6390000 - 0x00007ffeb6399000 	C:\Windows\SYSTEM32\WSOCK32.dll
0x00007fff2b950000 - 0x00007fff2b9c1000 	C:\Windows\System32\WS2_32.dll
0x00007fff286c0000 - 0x00007fff286d8000 	C:\Windows\SYSTEM32\kernel.appcore.dll
0x00007fff192f0000 - 0x00007fff192fa000 	C:\Program Files\Java\jdk-17\bin\jimage.dll
0x00007fff17000000 - 0x00007fff17232000 	C:\Windows\SYSTEM32\DBGHELP.DLL
0x00007fff2a980000 - 0x00007fff2ad08000 	C:\Windows\System32\combase.dll
0x00007fff2ad20000 - 0x00007fff2adf7000 	C:\Windows\System32\OLEAUT32.dll
0x00007fff0f190000 - 0x00007fff0f1c2000 	C:\Windows\SYSTEM32\dbgcore.DLL
0x00007fff29730000 - 0x00007fff297ab000 	C:\Windows\System32\bcryptPrimitives.dll
0x00007fff10680000 - 0x00007fff1068e000 	C:\Program Files\Java\jdk-17\bin\instrument.dll
0x00007fff0d870000 - 0x00007fff0d895000 	C:\Program Files\Java\jdk-17\bin\java.dll
0x00007ffef1d10000 - 0x00007ffef1de7000 	C:\Program Files\Java\jdk-17\bin\jsvml.dll
0x00007fff2a120000 - 0x00007fff2a97f000 	C:\Windows\System32\SHELL32.dll
0x00007fff27560000 - 0x00007fff27e5c000 	C:\Windows\SYSTEM32\windows.storage.dll
0x00007fff27420000 - 0x00007fff2755f000 	C:\Windows\SYSTEM32\wintypes.dll
0x00007fff2b010000 - 0x00007fff2b104000 	C:\Windows\System32\SHCORE.dll
0x00007fff2c290000 - 0x00007fff2c2ee000 	C:\Windows\System32\shlwapi.dll
0x00007fff29590000 - 0x00007fff295b1000 	C:\Windows\SYSTEM32\profapi.dll
0x00007fff08d00000 - 0x00007fff08d18000 	C:\Program Files\Java\jdk-17\bin\zip.dll
0x00007fff0ab40000 - 0x00007fff0ab59000 	C:\Program Files\Java\jdk-17\bin\net.dll
0x00007fff222e0000 - 0x00007fff22416000 	C:\Windows\SYSTEM32\WINHTTP.dll
0x00007fff28ba0000 - 0x00007fff28c09000 	C:\Windows\system32\mswsock.dll
0x00007fff0a830000 - 0x00007fff0a846000 	C:\Program Files\Java\jdk-17\bin\nio.dll
0x00007fff057c0000 - 0x00007fff057da000 	C:\Program Files\JetBrains\IntelliJ IDEA 2023.2.1\bin\breakgen64.dll
0x00007fff28180000 - 0x00007fff28278000 	C:\Windows\SYSTEM32\DNSAPI.dll
0x00007fff280c0000 - 0x00007fff280ed000 	C:\Windows\SYSTEM32\IPHLPAPI.DLL
0x00007fff2ae00000 - 0x00007fff2ae09000 	C:\Windows\System32\NSI.dll
0x00007fff210d0000 - 0x00007fff210da000 	C:\Windows\System32\rasadhlp.dll
0x00007fff21990000 - 0x00007fff21a13000 	C:\Windows\System32\fwpuclnt.dll
0x00007fff08cf0000 - 0x00007fff08cfa000 	C:\Program Files\Java\jdk-17\bin\management.dll
0x00007fff083c0000 - 0x00007fff083cb000 	C:\Program Files\Java\jdk-17\bin\management_ext.dll
0x00007fff28ef0000 - 0x00007fff28f0b000 	C:\Windows\SYSTEM32\CRYPTSP.dll
0x00007fff28620000 - 0x00007fff28655000 	C:\Windows\system32\rsaenh.dll
0x00007fff28c40000 - 0x00007fff28c68000 	C:\Windows\SYSTEM32\USERENV.dll
0x00007fff28ed0000 - 0x00007fff28edc000 	C:\Windows\SYSTEM32\CRYPTBASE.dll
0x00007fff22150000 - 0x00007fff22169000 	C:\Windows\SYSTEM32\dhcpcsvc6.DLL
0x00007fff22090000 - 0x00007fff220af000 	C:\Windows\SYSTEM32\dhcpcsvc.DLL
0x00007fff18790000 - 0x00007fff187a7000 	C:\Windows\system32\napinsp.dll
0x00007fff0ad30000 - 0x00007fff0ad4b000 	C:\Windows\system32\pnrpnsp.dll
0x00007fff0a250000 - 0x00007fff0a261000 	C:\Windows\System32\winrnr.dll
0x00007fff21b20000 - 0x00007fff21b35000 	C:\Windows\system32\wshbth.dll
0x00007fff0a220000 - 0x00007fff0a247000 	C:\Windows\system32\nlansp_c.dll
0x00007ffe84a60000 - 0x00007ffe862ec000 	C:\Users\denis\AppData\Local\Temp\ortools-java17411849675034921507\ortools-win32-x86-64\jniortools.dll
0x00007fff083b0000 - 0x00007fff083be000 	C:\Program Files\Java\jdk-17\bin\sunmscapi.dll
0x00007fff297b0000 - 0x00007fff29917000 	C:\Windows\System32\CRYPT32.dll
0x00007fff28ff0000 - 0x00007fff2901e000 	C:\Windows\SYSTEM32\ncrypt.dll
0x00007fff28fb0000 - 0x00007fff28fe7000 	C:\Windows\SYSTEM32\NTASN1.dll
0x00007fff0ab30000 - 0x00007fff0ab40000 	C:\Program Files\Java\jdk-17\bin\verify.dll
0x00007ffee0930000 - 0x00007ffee0938000 	C:\Windows\system32\wshunix.dll

dbghelp: loaded successfully - version: 4.0.5 - missing functions: none
symbol engine: initialized successfully - sym options: 0x614 - pdb path: .;C:\Program Files\Java\jdk-17\bin;C:\Windows\SYSTEM32;C:\Windows\WinSxS\amd64_microsoft.windows.common-controls_6595b64144ccf1df_6.0.22621.3672_none_2713b9d173822955;C:\Program Files\Java\jdk-17\bin\server;C:\Program Files\JetBrains\IntelliJ IDEA 2023.2.1\bin;C:\Users\denis\AppData\Local\Temp\ortools-java17411849675034921507\ortools-win32-x86-64

VM Arguments:
jvm_args: -XX:TieredStopAtLevel=1 -Dspring.output.ansi.enabled=always -Dcom.sun.management.jmxremote -Dspring.jmx.enabled=true -Dspring.liveBeansView.mbeanDomain -Dspring.application.admin.enabled=true -Dmanagement.endpoints.jmx.exposure.include=* -javaagent:C:\Program Files\JetBrains\IntelliJ IDEA 2023.2.1\lib\idea_rt.jar=60700:C:\Program Files\JetBrains\IntelliJ IDEA 2023.2.1\bin -Dfile.encoding=UTF-8 
java_command: com.mycode.pathpilotserver.PathPilotServerApplication
java_class_path (initial): C:\Users\denis\OneDrive\Desktop\LUCRARE LICENTA\path-pilot-server\target\classes;C:\Users\denis\.m2\repository\org\springframework\boot\spring-boot-starter-data-jpa\3.2.2\spring-boot-starter-data-jpa-3.2.2.jar;C:\Users\denis\.m2\repository\org\springframework\boot\spring-boot-starter-aop\3.2.2\spring-boot-starter-aop-3.2.2.jar;C:\Users\denis\.m2\repository\org\aspectj\aspectjweaver\1.9.21\aspectjweaver-1.9.21.jar;C:\Users\denis\.m2\repository\org\springframework\boot\spring-boot-starter-jdbc\3.2.2\spring-boot-starter-jdbc-3.2.2.jar;C:\Users\denis\.m2\repository\com\zaxxer\HikariCP\5.0.1\HikariCP-5.0.1.jar;C:\Users\denis\.m2\repository\org\springframework\spring-jdbc\6.1.3\spring-jdbc-6.1.3.jar;C:\Users\denis\.m2\repository\org\hibernate\orm\hibernate-core\6.4.1.Final\hibernate-core-6.4.1.Final.jar;C:\Users\denis\.m2\repository\jakarta\persistence\jakarta.persistence-api\3.1.0\jakarta.persistence-api-3.1.0.jar;C:\Users\denis\.m2\repository\jakarta\transaction\jakarta.transaction-api\2.0.1\jakarta.transaction-api-2.0.1.jar;C:\Users\denis\.m2\repository\com\fasterxml\classmate\1.6.0\classmate-1.6.0.jar;C:\Users\denis\.m2\repository\net\bytebuddy\byte-buddy\1.14.11\byte-buddy-1.14.11.jar;C:\Users\denis\.m2\repository\jakarta\inject\jakarta.inject-api\2.0.1\jakarta.inject-api-2.0.1.jar;C:\Users\denis\.m2\repository\org\antlr\antlr4-runtime\4.13.0\antlr4-runtime-4.13.0.jar;C:\Users\denis\.m2\repository\org\springframework\data\spring-data-jpa\3.2.2\spring-data-jpa-3.2.2.jar;C:\Users\denis\.m2\repository\org\springframework\data\spring-data-commons\3.2.2\spring-data-commons-3.2.2.jar;C:\Users\denis\.m2\repository\org\springframework\spring-orm\6.1.3\spring-orm-6.1.3.jar;C:\Users\denis\.m2\repository\org\springframework\spring-tx\6.1.3\spring-tx-6.1.3.jar;C:\Users\denis\.m2\repository\jakarta\annotation\jakarta.annotation-api\2.1.1\jakarta.annotation-api-2.1.1.jar;C:\Users\denis\.m2\repository\org\springframework\spring-aspects\6.1.3\spring-aspe
Launcher Type: SUN_STANDARD

[Global flags]
     intx CICompilerCount                          = 12                                        {product} {ergonomic}
     uint ConcGCThreads                            = 3                                         {product} {ergonomic}
     uint G1ConcRefinementThreads                  = 13                                        {product} {ergonomic}
   size_t G1HeapRegionSize                         = 4194304                                   {product} {ergonomic}
    uintx GCDrainStackTargetSize                   = 64                                        {product} {ergonomic}
   size_t InitialHeapSize                          = 536870912                                 {product} {ergonomic}
     bool ManagementServer                         = true                                      {product} {command line}
   size_t MarkStackSize                            = 4194304                                   {product} {ergonomic}
   size_t MaxHeapSize                              = 8543797248                                {product} {ergonomic}
   size_t MaxNewSize                               = 5125439488                                {product} {ergonomic}
   size_t MinHeapDeltaBytes                        = 4194304                                   {product} {ergonomic}
   size_t MinHeapSize                              = 8388608                                   {product} {ergonomic}
    uintx NonProfiledCodeHeapSize                  = 0                                      {pd product} {ergonomic}
     bool ProfileInterpreter                       = false                                  {pd product} {command line}
    uintx ProfiledCodeHeapSize                     = 0                                      {pd product} {ergonomic}
   size_t SoftMaxHeapSize                          = 8543797248                             {manageable} {ergonomic}
     intx TieredStopAtLevel                        = 1                                         {product} {command line}
     bool UseCompressedClassPointers               = true                           {product lp64_product} {ergonomic}
     bool UseCompressedOops                        = true                           {product lp64_product} {ergonomic}
     bool UseG1GC                                  = true                                      {product} {ergonomic}
     bool UseLargePagesIndividualAllocation        = false                                  {pd product} {ergonomic}

Logging:
Log output configuration:
 #0: stdout all=warning uptime,level,tags
 #1: stderr all=off uptime,level,tags

Environment Variables:
PATH=C:\Python311\Scripts\;C:\Python311\;C:\Program Files\Common Files\Oracle\Java\javapath;C:\Windows\system32;C:\Windows;C:\Windows\System32\Wbem;C:\Windows\System32\WindowsPowerShell\v1.0\;C:\Windows\System32\OpenSSH\;C:\Program Files\Docker\Docker\resources\bin;C:\Program Files (x86)\GitExtensions\;C:\ProgramData\chocolatey\bin;C:\Program Files\nodejs\;C:\Program Files\Git\cmd;C:\Program Files\Microsoft SQL Server\150\Tools\Binn\;C:\Program Files\Microsoft SQL Server\Client SDK\ODBC\170\Tools\Binn\;C:\Program Files\dotnet\;C:\Program Files (x86)\Windows Kits\10\Windows Performance Toolkit\;C:\Program Files (x86)\NVIDIA Corporation\PhysX\Common;C:\Program Files\NVIDIA Corporation\NVIDIA NvDLISR;C:\Program Files\PuTTY\;C:\Users\denis\.console-ninja\.bin;C:\Users\denis\AppData\Local\Microsoft\WindowsApps;C:\Program Files\JetBrains\IntelliJ IDEA 2023.2.1\bin;C:\Program Files\JetBrains\WebStorm 2023.2\bin;C:\Program Files\JetBrains\DataGrip 2023.2.1\bin;C:\Users\denis\AppData\Local\Programs\Microsoft VS Code\bin;C:\Users\denis\AppData\Roaming\npm;C:\Program Files\JetBrains\PyCharm 2023.2.4\bin;C:\Users\denis\.dotnet\tools;C:\Users\denis\AppData\Local\JetBrains\Toolbox\scripts;C:\Users\denis\AppData\Local\gitkraken\bin
USERNAME=denis
OS=Windows_NT
PROCESSOR_IDENTIFIER=Intel64 Family 6 Model 191 Stepping 2, GenuineIntel



---------------  S Y S T E M  ---------------

OS:
 Windows 11 , 64 bit Build 22621 (10.0.22621.3672)
OS uptime: 6 days 8:41 hours
Hyper-V role detected

CPU: total 16 (initial active 16) (8 cores per cpu, 2 threads per core) family 6 model 191 stepping 2 microcode 0x26, cx8, cmov, fxsr, ht, mmx, 3dnowpref, sse, sse2, sse3, ssse3, sse4.1, sse4.2, popcnt, lzcnt, tsc, tscinvbit, avx, avx2, aes, erms, clmul, bmi1, bmi2, adx, sha, fma, vzeroupper, clflush, clflushopt, clwb, hv

Memory: 4k page, system-wide physical 32577M (10103M free)
TotalPageFile size 38777M (AvailPageFile size 6420M)
current process WorkingSet (physical memory assigned to process): 335M, peak: 335M
current process commit charge ("private bytes"): 574M, peak: 664M

vm_info: Java HotSpot(TM) 64-Bit Server VM (17.0.8+9-LTS-211) for windows-amd64 JRE (17.0.8+9-LTS-211), built on Jun 14 2023 10:34:31 by "mach5one" with MS VC++ 17.1 (VS2022)

END.
