#
# A fatal error has been detected by the Java Runtime Environment:
#
#  EXCEPTION_ACCESS_VIOLATION (0xc0000005) at pc=0x00007ffe850d1722, pid=33496, tid=21792
#
# JRE version: Java(TM) SE Runtime Environment (17.0.8+9) (build 17.0.8+9-LTS-211)
# Java VM: Java HotSpot(TM) 64-Bit Server VM (17.0.8+9-LTS-211, mixed mode, emulated-client, sharing, tiered, compressed oops, compressed class ptrs, g1 gc, windows-amd64)
# Problematic frame:
# C  [jniortools.dll+0x671722]
#
# No core dump will be written. Minidumps are not enabled by default on client versions of Windows
#
# If you would like to submit a bug report, please visit:
#   https://bugreport.java.com/bugreport/crash.jsp
# The crash happened outside the Java Virtual Machine in native code.
# See problematic frame for where to report the bug.
#

---------------  S U M M A R Y ------------

Command Line: -XX:TieredStopAtLevel=1 -Dspring.output.ansi.enabled=always -Dcom.sun.management.jmxremote -Dspring.jmx.enabled=true -Dspring.liveBeansView.mbeanDomain -Dspring.application.admin.enabled=true -Dmanagement.endpoints.jmx.exposure.include=* -javaagent:C:\Program Files\JetBrains\IntelliJ IDEA 2023.2.1\lib\idea_rt.jar=60760:C:\Program Files\JetBrains\IntelliJ IDEA 2023.2.1\bin -Dfile.encoding=UTF-8 com.mycode.pathpilotserver.PathPilotServerApplication

Host: 13th Gen Intel(R) Core(TM) i5-13400F, 16 cores, 31G,  Windows 11 , 64 bit Build 22621 (10.0.22621.3672)
Time: Sun Jul  7 21:19:44 2024 GTB Summer Time elapsed time: 5.503244 seconds (0d 0h 0m 5s)

---------------  T H R E A D  ---------------

Current thread (0x000002621f342cc0):  JavaThread "http-nio-8080-exec-1" daemon [_thread_in_native, id=21792, stack(0x000000f372200000,0x000000f372300000)]

Stack: [0x000000f372200000,0x000000f372300000],  sp=0x000000f3722fa060,  free space=1000k
Native frames: (J=compiled Java code, j=interpreted, Vv=VM code, C=native code)
C  [jniortools.dll+0x671722]

Java frames: (J=compiled Java code, j=interpreted, Vv=VM code)
j  com.google.ortools.constraintsolver.mainJNI.new_RoutingIndexManager__SWIG_0(III)J+0
j  com.google.ortools.constraintsolver.RoutingIndexManager.<init>(III)V+4
j  com.mycode.pathpilotserver.routes.services.RouteServiceCommandImpl.generateRoute(Ljava/lang/String;Ljava/lang/String;)V+47
v  ~StubRoutines::call_stub
J 5824  jdk.internal.reflect.NativeMethodAccessorImpl.invoke0(Ljava/lang/reflect/Method;Ljava/lang/Object;[Ljava/lang/Object;)Ljava/lang/Object; java.base@17.0.8 (0 bytes) @ 0x00000261c00d3227 [0x00000261c00d31a0+0x0000000000000087]
J 5823 c1 jdk.internal.reflect.NativeMethodAccessorImpl.invoke(Ljava/lang/Object;[Ljava/lang/Object;)Ljava/lang/Object; java.base@17.0.8 (137 bytes) @ 0x00000261c00d404c [0x00000261c00d3d00+0x000000000000034c]
J 4316 c1 jdk.internal.reflect.DelegatingMethodAccessorImpl.invoke(Ljava/lang/Object;[Ljava/lang/Object;)Ljava/lang/Object; java.base@17.0.8 (10 bytes) @ 0x00000261bfe2ece4 [0x00000261bfe2eca0+0x0000000000000044]
J 4497 c1 java.lang.reflect.Method.invoke(Ljava/lang/Object;[Ljava/lang/Object;)Ljava/lang/Object; java.base@17.0.8 (65 bytes) @ 0x00000261bfe789ec [0x00000261bfe788e0+0x000000000000010c]
j  org.springframework.aop.support.AopUtils.invokeJoinpointUsingReflection(Ljava/lang/Object;Ljava/lang/reflect/Method;[Ljava/lang/Object;)Ljava/lang/Object;+23
j  org.springframework.aop.framework.ReflectiveMethodInvocation.invokeJoinpoint()Ljava/lang/Object;+12
j  org.springframework.aop.framework.ReflectiveMethodInvocation.proceed()Ljava/lang/Object;+19
j  org.springframework.aop.framework.CglibAopProxy$CglibMethodInvocation.proceed()Ljava/lang/Object;+1
j  org.springframework.transaction.interceptor.TransactionInterceptor$1.proceedWithInvocation()Ljava/lang/Object;+4
j  org.springframework.transaction.interceptor.TransactionAspectSupport.invokeWithinTransaction(Ljava/lang/reflect/Method;Ljava/lang/Class;Lorg/springframework/transaction/interceptor/TransactionAspectSupport$InvocationCallback;)Ljava/lang/Object;+252
j  org.springframework.transaction.interceptor.TransactionInterceptor.invoke(Lorg/aopalliance/intercept/MethodInvocation;)Ljava/lang/Object;+40
j  org.springframework.aop.framework.ReflectiveMethodInvocation.proceed()Ljava/lang/Object;+120
j  org.springframework.aop.framework.CglibAopProxy$CglibMethodInvocation.proceed()Ljava/lang/Object;+1
j  org.springframework.aop.framework.CglibAopProxy$DynamicAdvisedInterceptor.intercept(Ljava/lang/Object;Ljava/lang/reflect/Method;[Ljava/lang/Object;Lorg/springframework/cglib/proxy/MethodProxy;)Ljava/lang/Object;+122
j  com.mycode.pathpilotserver.routes.services.RouteServiceCommandImpl$$SpringCGLIB$$0.generateRoute(Ljava/lang/String;Ljava/lang/String;)V+40
j  com.mycode.pathpilotserver.routes.web.ServerControllerRoute.generateRoute(Ljava/lang/String;Ljava/lang/String;)Lorg/springframework/http/ResponseEntity;+6
v  ~StubRoutines::call_stub
J 5824  jdk.internal.reflect.NativeMethodAccessorImpl.invoke0(Ljava/lang/reflect/Method;Ljava/lang/Object;[Ljava/lang/Object;)Ljava/lang/Object; java.base@17.0.8 (0 bytes) @ 0x00000261c00d3227 [0x00000261c00d31a0+0x0000000000000087]
J 5823 c1 jdk.internal.reflect.NativeMethodAccessorImpl.invoke(Ljava/lang/Object;[Ljava/lang/Object;)Ljava/lang/Object; java.base@17.0.8 (137 bytes) @ 0x00000261c00d404c [0x00000261c00d3d00+0x000000000000034c]
J 4316 c1 jdk.internal.reflect.DelegatingMethodAccessorImpl.invoke(Ljava/lang/Object;[Ljava/lang/Object;)Ljava/lang/Object; java.base@17.0.8 (10 bytes) @ 0x00000261bfe2ece4 [0x00000261bfe2eca0+0x0000000000000044]
J 4497 c1 java.lang.reflect.Method.invoke(Ljava/lang/Object;[Ljava/lang/Object;)Ljava/lang/Object; java.base@17.0.8 (65 bytes) @ 0x00000261bfe789ec [0x00000261bfe788e0+0x000000000000010c]
j  org.springframework.web.method.support.InvocableHandlerMethod.doInvoke([Ljava/lang/Object;)Ljava/lang/Object;+55
j  org.springframework.web.method.support.InvocableHandlerMethod.invokeForRequest(Lorg/springframework/web/context/request/NativeWebRequest;Lorg/springframework/web/method/support/ModelAndViewContainer;[Ljava/lang/Object;)Ljava/lang/Object;+86
j  org.springframework.web.servlet.mvc.method.annotation.ServletInvocableHandlerMethod.invokeAndHandle(Lorg/springframework/web/context/request/ServletWebRequest;Lorg/springframework/web/method/support/ModelAndViewContainer;[Ljava/lang/Object;)V+4
j  org.springframework.web.servlet.mvc.method.annotation.RequestMappingHandlerAdapter.invokeHandlerMethod(Ljakarta/servlet/http/HttpServletRequest;Ljakarta/servlet/http/HttpServletResponse;Lorg/springframework/web/method/HandlerMethod;)Lorg/springframework/web/servlet/ModelAndView;+253
j  org.springframework.web.servlet.mvc.method.annotation.RequestMappingHandlerAdapter.handleInternal(Ljakarta/servlet/http/HttpServletRequest;Ljakarta/servlet/http/HttpServletResponse;Lorg/springframework/web/method/HandlerMethod;)Lorg/springframework/web/servlet/ModelAndView;+81
j  org.springframework.web.servlet.mvc.method.AbstractHandlerMethodAdapter.handle(Ljakarta/servlet/http/HttpServletRequest;Ljakarta/servlet/http/HttpServletResponse;Ljava/lang/Object;)Lorg/springframework/web/servlet/ModelAndView;+7
j  org.springframework.web.servlet.DispatcherServlet.doDispatch(Ljakarta/servlet/http/HttpServletRequest;Ljakarta/servlet/http/HttpServletResponse;)V+259
j  org.springframework.web.servlet.DispatcherServlet.doService(Ljakarta/servlet/http/HttpServletRequest;Ljakarta/servlet/http/HttpServletResponse;)V+242
j  org.springframework.web.servlet.FrameworkServlet.processRequest(Ljakarta/servlet/http/HttpServletRequest;Ljakarta/servlet/http/HttpServletResponse;)V+70
j  org.springframework.web.servlet.FrameworkServlet.doPost(Ljakarta/servlet/http/HttpServletRequest;Ljakarta/servlet/http/HttpServletResponse;)V+3
j  jakarta.servlet.http.HttpServlet.service(Ljakarta/servlet/http/HttpServletRequest;Ljakarta/servlet/http/HttpServletResponse;)V+150
j  org.springframework.web.servlet.FrameworkServlet.service(Ljakarta/servlet/http/HttpServletRequest;Ljakarta/servlet/http/HttpServletResponse;)V+20
j  jakarta.servlet.http.HttpServlet.service(Ljakarta/servlet/ServletRequest;Ljakarta/servlet/ServletResponse;)V+37
j  org.apache.catalina.core.ApplicationFilterChain.internalDoFilter(Ljakarta/servlet/ServletRequest;Ljakarta/servlet/ServletResponse;)V+305
j  org.apache.catalina.core.ApplicationFilterChain.doFilter(Ljakarta/servlet/ServletRequest;Ljakarta/servlet/ServletResponse;)V+99
j  org.apache.tomcat.websocket.server.WsFilter.doFilter(Ljakarta/servlet/ServletRequest;Ljakarta/servlet/ServletResponse;Ljakarta/servlet/FilterChain;)V+21
j  org.apache.catalina.core.ApplicationFilterChain.internalDoFilter(Ljakarta/servlet/ServletRequest;Ljakarta/servlet/ServletResponse;)V+135
j  org.apache.catalina.core.ApplicationFilterChain.doFilter(Ljakarta/servlet/ServletRequest;Ljakarta/servlet/ServletResponse;)V+99
j  org.springframework.web.filter.OncePerRequestFilter.doFilter(Ljakarta/servlet/ServletRequest;Ljakarta/servlet/ServletResponse;Ljakarta/servlet/FilterChain;)V+125
j  org.apache.catalina.core.ApplicationFilterChain.internalDoFilter(Ljakarta/servlet/ServletRequest;Ljakarta/servlet/ServletResponse;)V+135
j  org.apache.catalina.core.ApplicationFilterChain.doFilter(Ljakarta/servlet/ServletRequest;Ljakarta/servlet/ServletResponse;)V+99
j  org.springframework.web.filter.OncePerRequestFilter.doFilter(Ljakarta/servlet/ServletRequest;Ljakarta/servlet/ServletResponse;Ljakarta/servlet/FilterChain;)V+125
j  org.apache.catalina.core.ApplicationFilterChain.internalDoFilter(Ljakarta/servlet/ServletRequest;Ljakarta/servlet/ServletResponse;)V+135
j  org.apache.catalina.core.ApplicationFilterChain.doFilter(Ljakarta/servlet/ServletRequest;Ljakarta/servlet/ServletResponse;)V+99
j  org.springframework.web.filter.CompositeFilter$VirtualFilterChain.doFilter(Ljakarta/servlet/ServletRequest;Ljakarta/servlet/ServletResponse;)V+22
j  org.springframework.security.web.FilterChainProxy.lambda$doFilterInternal$3(Lorg/springframework/security/web/firewall/FirewalledRequest;Ljakarta/servlet/FilterChain;Ljakarta/servlet/ServletRequest;Ljakarta/servlet/ServletResponse;)V+35
j  org.springframework.security.web.FilterChainProxy$$Lambda$1852+0x00000261dac99da8.doFilter(Ljakarta/servlet/ServletRequest;Ljakarta/servlet/ServletResponse;)V+10
j  org.springframework.security.web.FilterChainProxy$VirtualFilterChain.doFilter(Ljakarta/servlet/ServletRequest;Ljakarta/servlet/ServletResponse;)V+17
j  org.springframework.security.web.access.intercept.AuthorizationFilter.doFilter(Ljakarta/servlet/ServletRequest;Ljakarta/servlet/ServletResponse;Ljakarta/servlet/FilterChain;)V+143
j  org.springframework.security.web.FilterChainProxy$VirtualFilterChain.doFilter(Ljakarta/servlet/ServletRequest;Ljakarta/servlet/ServletResponse;)V+105
j  org.springframework.security.web.access.ExceptionTranslationFilter.doFilter(Ljakarta/servlet/http/HttpServletRequest;Ljakarta/servlet/http/HttpServletResponse;Ljakarta/servlet/FilterChain;)V+3
j  org.springframework.security.web.access.ExceptionTranslationFilter.doFilter(Ljakarta/servlet/ServletRequest;Ljakarta/servlet/ServletResponse;Ljakarta/servlet/FilterChain;)V+10
j  org.springframework.security.web.FilterChainProxy$VirtualFilterChain.doFilter(Ljakarta/servlet/ServletRequest;Ljakarta/servlet/ServletResponse;)V+105
j  org.springframework.security.web.session.SessionManagementFilter.doFilter(Ljakarta/servlet/http/HttpServletRequest;Ljakarta/servlet/http/HttpServletResponse;Ljakarta/servlet/FilterChain;)V+228
j  org.springframework.security.web.session.SessionManagementFilter.doFilter(Ljakarta/servlet/ServletRequest;Ljakarta/servlet/ServletResponse;Ljakarta/servlet/FilterChain;)V+10
j  org.springframework.security.web.FilterChainProxy$VirtualFilterChain.doFilter(Ljakarta/servlet/ServletRequest;Ljakarta/servlet/ServletResponse;)V+105
j  org.springframework.security.web.authentication.AnonymousAuthenticationFilter.doFilter(Ljakarta/servlet/ServletRequest;Ljakarta/servlet/ServletResponse;Ljakarta/servlet/FilterChain;)V+33
j  org.springframework.security.web.FilterChainProxy$VirtualFilterChain.doFilter(Ljakarta/servlet/ServletRequest;Ljakarta/servlet/ServletResponse;)V+105
j  org.springframework.security.web.servletapi.SecurityContextHolderAwareRequestFilter.doFilter(Ljakarta/servlet/ServletRequest;Ljakarta/servlet/ServletResponse;Ljakarta/servlet/FilterChain;)V+19
j  org.springframework.security.web.FilterChainProxy$VirtualFilterChain.doFilter(Ljakarta/servlet/ServletRequest;Ljakarta/servlet/ServletResponse;)V+105
j  org.springframework.security.web.savedrequest.RequestCacheAwareFilter.doFilter(Ljakarta/servlet/ServletRequest;Ljakarta/servlet/ServletResponse;Ljakarta/servlet/FilterChain;)V+32
j  org.springframework.security.web.FilterChainProxy$VirtualFilterChain.doFilter(Ljakarta/servlet/ServletRequest;Ljakarta/servlet/ServletResponse;)V+105
j  com.mycode.pathpilotserver.system.jwt.JWTAuthorizationFilter.doFilterInternal(Ljakarta/servlet/http/HttpServletRequest;Ljakarta/servlet/http/HttpServletResponse;Ljakarta/servlet/FilterChain;)V+57
j  org.springframework.web.filter.OncePerRequestFilter.doFilter(Ljakarta/servlet/ServletRequest;Ljakarta/servlet/ServletResponse;Ljakarta/servlet/FilterChain;)V+150
j  org.springframework.security.web.FilterChainProxy$VirtualFilterChain.doFilter(Ljakarta/servlet/ServletRequest;Ljakarta/servlet/ServletResponse;)V+105
j  org.springframework.security.web.authentication.logout.LogoutFilter.doFilter(Ljakarta/servlet/http/HttpServletRequest;Ljakarta/servlet/http/HttpServletResponse;Ljakarta/servlet/FilterChain;)V+83
j  org.springframework.security.web.authentication.logout.LogoutFilter.doFilter(Ljakarta/servlet/ServletRequest;Ljakarta/servlet/ServletResponse;Ljakarta/servlet/FilterChain;)V+10
j  org.springframework.security.web.FilterChainProxy$VirtualFilterChain.doFilter(Ljakarta/servlet/ServletRequest;Ljakarta/servlet/ServletResponse;)V+105
j  org.springframework.web.filter.CorsFilter.doFilterInternal(Ljakarta/servlet/http/HttpServletRequest;Ljakarta/servlet/http/HttpServletResponse;Ljakarta/servlet/FilterChain;)V+43
j  org.springframework.web.filter.OncePerRequestFilter.doFilter(Ljakarta/servlet/ServletRequest;Ljakarta/servlet/ServletResponse;Ljakarta/servlet/FilterChain;)V+150
j  org.springframework.security.web.FilterChainProxy$VirtualFilterChain.doFilter(Ljakarta/servlet/ServletRequest;Ljakarta/servlet/ServletResponse;)V+105
j  org.springframework.security.web.header.HeaderWriterFilter.doHeadersAfter(Ljakarta/servlet/http/HttpServletRequest;Ljakarta/servlet/http/HttpServletResponse;Ljakarta/servlet/FilterChain;)V+29
j  org.springframework.security.web.header.HeaderWriterFilter.doFilterInternal(Ljakarta/servlet/http/HttpServletRequest;Ljakarta/servlet/http/HttpServletResponse;Ljakarta/servlet/FilterChain;)V+21
j  org.springframework.web.filter.OncePerRequestFilter.doFilter(Ljakarta/servlet/ServletRequest;Ljakarta/servlet/ServletResponse;Ljakarta/servlet/FilterChain;)V+150
j  org.springframework.security.web.FilterChainProxy$VirtualFilterChain.doFilter(Ljakarta/servlet/ServletRequest;Ljakarta/servlet/ServletResponse;)V+105
j  org.springframework.security.web.context.SecurityContextHolderFilter.doFilter(Ljakarta/servlet/http/HttpServletRequest;Ljakarta/servlet/http/HttpServletResponse;Ljakarta/servlet/FilterChain;)V+59
j  org.springframework.security.web.context.SecurityContextHolderFilter.doFilter(Ljakarta/servlet/ServletRequest;Ljakarta/servlet/ServletResponse;Ljakarta/servlet/FilterChain;)V+10
j  org.springframework.security.web.FilterChainProxy$VirtualFilterChain.doFilter(Ljakarta/servlet/ServletRequest;Ljakarta/servlet/ServletResponse;)V+105
j  org.springframework.security.web.context.request.async.WebAsyncManagerIntegrationFilter.doFilterInternal(Ljakarta/servlet/http/HttpServletRequest;Ljakarta/servlet/http/HttpServletResponse;Ljakarta/servlet/FilterChain;)V+55
j  org.springframework.web.filter.OncePerRequestFilter.doFilter(Ljakarta/servlet/ServletRequest;Ljakarta/servlet/ServletResponse;Ljakarta/servlet/FilterChain;)V+150
j  org.springframework.security.web.FilterChainProxy$VirtualFilterChain.doFilter(Ljakarta/servlet/ServletRequest;Ljakarta/servlet/ServletResponse;)V+105
j  org.springframework.security.web.session.DisableEncodeUrlFilter.doFilterInternal(Ljakarta/servlet/http/HttpServletRequest;Ljakarta/servlet/http/HttpServletResponse;Ljakarta/servlet/FilterChain;)V+10
j  org.springframework.web.filter.OncePerRequestFilter.doFilter(Ljakarta/servlet/ServletRequest;Ljakarta/servlet/ServletResponse;Ljakarta/servlet/FilterChain;)V+150
j  org.springframework.security.web.FilterChainProxy$VirtualFilterChain.doFilter(Ljakarta/servlet/ServletRequest;Ljakarta/servlet/ServletResponse;)V+105
j  org.springframework.security.web.FilterChainProxy.doFilterInternal(Ljakarta/servlet/ServletRequest;Ljakarta/servlet/ServletResponse;Ljakarta/servlet/FilterChain;)V+163
j  org.springframework.security.web.FilterChainProxy.doFilter(Ljakarta/servlet/ServletRequest;Ljakarta/servlet/ServletResponse;Ljakarta/servlet/FilterChain;)V+48
j  org.springframework.web.filter.CompositeFilter$VirtualFilterChain.doFilter(Ljakarta/servlet/ServletRequest;Ljakarta/servlet/ServletResponse;)V+63
j  org.springframework.web.servlet.handler.HandlerMappingIntrospector.lambda$createCacheFilter$3(Ljakarta/servlet/ServletRequest;Ljakarta/servlet/ServletResponse;Ljakarta/servlet/FilterChain;)V+13
j  org.springframework.web.servlet.handler.HandlerMappingIntrospector$$Lambda$1699+0x00000261dac01a60.doFilter(Ljakarta/servlet/ServletRequest;Ljakarta/servlet/ServletResponse;Ljakarta/servlet/FilterChain;)V+7
j  org.springframework.web.filter.CompositeFilter$VirtualFilterChain.doFilter(Ljakarta/servlet/ServletRequest;Ljakarta/servlet/ServletResponse;)V+63
j  org.springframework.web.filter.CompositeFilter.doFilter(Ljakarta/servlet/ServletRequest;Ljakarta/servlet/ServletResponse;Ljakarta/servlet/FilterChain;)V+14
j  org.springframework.security.config.annotation.web.configuration.WebMvcSecurityConfiguration$CompositeFilterChainProxy.doFilter(Ljakarta/servlet/ServletRequest;Ljakarta/servlet/ServletResponse;Ljakarta/servlet/FilterChain;)V+7
j  org.springframework.web.filter.DelegatingFilterProxy.invokeDelegate(Ljakarta/servlet/Filter;Ljakarta/servlet/ServletRequest;Ljakarta/servlet/ServletResponse;Ljakarta/servlet/FilterChain;)V+5
j  org.springframework.web.filter.DelegatingFilterProxy.doFilter(Ljakarta/servlet/ServletRequest;Ljakarta/servlet/ServletResponse;Ljakarta/servlet/FilterChain;)V+85
j  org.apache.catalina.core.ApplicationFilterChain.internalDoFilter(Ljakarta/servlet/ServletRequest;Ljakarta/servlet/ServletResponse;)V+135
j  org.apache.catalina.core.ApplicationFilterChain.doFilter(Ljakarta/servlet/ServletRequest;Ljakarta/servlet/ServletResponse;)V+99
j  org.springframework.web.filter.RequestContextFilter.doFilterInternal(Ljakarta/servlet/http/HttpServletRequest;Ljakarta/servlet/http/HttpServletResponse;Ljakarta/servlet/FilterChain;)V+21
j  org.springframework.web.filter.OncePerRequestFilter.doFilter(Ljakarta/servlet/ServletRequest;Ljakarta/servlet/ServletResponse;Ljakarta/servlet/FilterChain;)V+150
j  org.apache.catalina.core.ApplicationFilterChain.internalDoFilter(Ljakarta/servlet/ServletRequest;Ljakarta/servlet/ServletResponse;)V+135
j  org.apache.catalina.core.ApplicationFilterChain.doFilter(Ljakarta/servlet/ServletRequest;Ljakarta/servlet/ServletResponse;)V+99
j  org.springframework.web.filter.FormContentFilter.doFilterInternal(Ljakarta/servlet/http/HttpServletRequest;Ljakarta/servlet/http/HttpServletResponse;Ljakarta/servlet/FilterChain;)V+38
j  org.springframework.web.filter.OncePerRequestFilter.doFilter(Ljakarta/servlet/ServletRequest;Ljakarta/servlet/ServletResponse;Ljakarta/servlet/FilterChain;)V+150
j  org.apache.catalina.core.ApplicationFilterChain.internalDoFilter(Ljakarta/servlet/ServletRequest;Ljakarta/servlet/ServletResponse;)V+135
j  org.apache.catalina.core.ApplicationFilterChain.doFilter(Ljakarta/servlet/ServletRequest;Ljakarta/servlet/ServletResponse;)V+99
j  org.springframework.web.filter.CharacterEncodingFilter.doFilterInternal(Ljakarta/servlet/http/HttpServletRequest;Ljakarta/servlet/http/HttpServletResponse;Ljakarta/servlet/FilterChain;)V+53
j  org.springframework.web.filter.OncePerRequestFilter.doFilter(Ljakarta/servlet/ServletRequest;Ljakarta/servlet/ServletResponse;Ljakarta/servlet/FilterChain;)V+150
j  org.apache.catalina.core.ApplicationFilterChain.internalDoFilter(Ljakarta/servlet/ServletRequest;Ljakarta/servlet/ServletResponse;)V+135
j  org.apache.catalina.core.ApplicationFilterChain.doFilter(Ljakarta/servlet/ServletRequest;Ljakarta/servlet/ServletResponse;)V+99
j  org.apache.catalina.core.StandardWrapperValve.invoke(Lorg/apache/catalina/connector/Request;Lorg/apache/catalina/connector/Response;)V+514
j  org.apache.catalina.core.StandardContextValve.invoke(Lorg/apache/catalina/connector/Request;Lorg/apache/catalina/connector/Response;)V+169
j  org.apache.catalina.authenticator.AuthenticatorBase.invoke(Lorg/apache/catalina/connector/Request;Lorg/apache/catalina/connector/Response;)V+218
j  org.apache.catalina.core.StandardHostValve.invoke(Lorg/apache/catalina/connector/Request;Lorg/apache/catalina/connector/Response;)V+131
j  org.apache.catalina.valves.ErrorReportValve.invoke(Lorg/apache/catalina/connector/Request;Lorg/apache/catalina/connector/Response;)V+6
j  org.apache.catalina.core.StandardEngineValve.invoke(Lorg/apache/catalina/connector/Request;Lorg/apache/catalina/connector/Response;)V+59
j  org.apache.catalina.connector.CoyoteAdapter.service(Lorg/apache/coyote/Request;Lorg/apache/coyote/Response;)V+188
j  org.apache.coyote.http11.Http11Processor.service(Lorg/apache/tomcat/util/net/SocketWrapperBase;)Lorg/apache/tomcat/util/net/AbstractEndpoint$Handler$SocketState;+795
j  org.apache.coyote.AbstractProcessorLight.process(Lorg/apache/tomcat/util/net/SocketWrapperBase;Lorg/apache/tomcat/util/net/SocketEvent;)Lorg/apache/tomcat/util/net/AbstractEndpoint$Handler$SocketState;+152
j  org.apache.coyote.AbstractProtocol$ConnectionHandler.process(Lorg/apache/tomcat/util/net/SocketWrapperBase;Lorg/apache/tomcat/util/net/SocketEvent;)Lorg/apache/tomcat/util/net/AbstractEndpoint$Handler$SocketState;+482
j  org.apache.tomcat.util.net.NioEndpoint$SocketProcessor.doRun()V+249
j  org.apache.tomcat.util.net.SocketProcessorBase.run()V+32
j  org.apache.tomcat.util.threads.ThreadPoolExecutor.runWorker(Lorg/apache/tomcat/util/threads/ThreadPoolExecutor$Worker;)V+92
j  org.apache.tomcat.util.threads.ThreadPoolExecutor$Worker.run()V+5
j  org.apache.tomcat.util.threads.TaskThread$WrappingRunnable.run()V+4
j  java.lang.Thread.run()V+11 java.base@17.0.8
v  ~StubRoutines::call_stub

siginfo: EXCEPTION_ACCESS_VIOLATION (0xc0000005), reading address 0x0000000000000000


Register to memory mapping:

RIP=0x00007ffe850d1722 jniortools.dll
RAX=0x0 is NULL
RBX=0x0 is NULL
RCX=0x0 is NULL
RDX=0x0 is NULL
RSP=0x000000f3722fa060 is pointing into the stack for thread: 0x000002621f342cc0
RBP=0x000000f3722fa160 is pointing into the stack for thread: 0x000002621f342cc0
RSI=0x0 is NULL
RDI=0x000002622112bec0 points into unknown readable memory: 0x00000261d894f180 | 80 f1 94 d8 61 02 00 00
R8 =0x0 is NULL
R9 =0x000002621e7c4338 points into unknown readable memory: 0x80808080803bff3b | 3b ff 3b 80 80 80 80 80
R10=0x00007fff117c0000 VCRUNTIME140.dll
R11=0x8080808080808080 is an unknown value
R12=0x0 is NULL
R13=0x000000f3722fa358 is pointing into the stack for thread: 0x000002621f342cc0
R14=0x0 is NULL
R15=0x000002622112be90 points into unknown readable memory: 0x00000261d894e520 | 20 e5 94 d8 61 02 00 00


Registers:
RAX=0x0000000000000000, RBX=0x0000000000000000, RCX=0x0000000000000000, RDX=0x0000000000000000
RSP=0x000000f3722fa060, RBP=0x000000f3722fa160, RSI=0x0000000000000000, RDI=0x000002622112bec0
R8 =0x0000000000000000, R9 =0x000002621e7c4338, R10=0x00007fff117c0000, R11=0x8080808080808080
R12=0x0000000000000000, R13=0x000000f3722fa358, R14=0x0000000000000000, R15=0x000002622112be90
RIP=0x00007ffe850d1722, EFLAGS=0x0000000000010202

Top of Stack: (sp=0x000000f3722fa060)
0x000000f3722fa060:   0000000000000000 0000000000000000
0x000000f3722fa070:   000000f3722fa160 00000261d894f3c0
0x000000f3722fa080:   0000000000000000 00007ffe91a2dd01
0x000000f3722fa090:   00007ffe85f093e0 0000000000000000
0x000000f3722fa0a0:   0000000000000000 0000000000000000
0x000000f3722fa0b0:   000000f3722fa340 00007fff29933600
0x000000f3722fa0c0:   0000000000000000 0000026221217000
0x000000f3722fa0d0:   00000262214c8f10 000002621ed8a6d0
0x000000f3722fa0e0:   00000261d894e6f8 000002621ed8aab8
0x000000f3722fa0f0:   000002621e7c3f48 000002621e7c3f5c
0x000000f3722fa100:   0000000000000001 0000000000000002
0x000000f3722fa110:   000002621e7c4338 000002621e7c434c
0x000000f3722fa120:   0000000000000001 0000000000000002
0x000000f3722fa130:   000002621e7c41e8 000002621e7c41fc
0x000000f3722fa140:   0000000000000001 0000000000000002
0x000000f3722fa150:   000002621e7c4278 000002621e7c428c 

Instructions: (pc=0x00007ffe850d1722)
0x00007ffe850d1622:   f0 ff ff 4c 39 30 75 22 4c 8d 85 d8 01 00 00 48
0x00007ffe850d1632:   8d 54 24 50 48 8d 4d d0 e8 61 f0 ff ff 4c 39 30
0x00007ffe850d1642:   74 08 8b 85 d8 01 00 00 eb 18 49 8b 0f 48 63 85
0x00007ffe850d1652:   d8 01 00 00 89 04 99 49 8b 4f 18 48 89 1c c1 48
0x00007ffe850d1662:   ff c3 ff c0 89 85 d8 01 00 00 41 3b 47 60 7c 9e
0x00007ffe850d1672:   49 8d 7f 30 4d 8d 6f 48 48 8d 05 5f 7d e3 00 48
0x00007ffe850d1682:   89 44 24 30 4c 89 74 24 38 4c 89 74 24 40 4c 89
0x00007ffe850d1692:   74 24 48 0f 10 44 24 30 0f 11 45 b0 0f 10 4c 24
0x00007ffe850d16a2:   40 0f 11 4d c0 45 8b e6 41 8b 47 64 85 c0 0f 8e
0x00007ffe850d16b2:   29 01 00 00 4c 8b ad e8 01 00 00 0f 1f 00 49 8b
0x00007ffe850d16c2:   45 00 41 8b 0c 06 89 8d d8 01 00 00 4c 8d 85 d8
0x00007ffe850d16d2:   01 00 00 48 8d 55 70 48 8d 4d b0 e8 be ef ff ff
0x00007ffe850d16e2:   48 83 38 00 0f 85 bc 00 00 00 4c 8d 85 d8 01 00
0x00007ffe850d16f2:   00 48 8d 54 24 20 48 8d 4d b0 e8 df f0 ff ff 48
0x00007ffe850d1702:   63 85 d8 01 00 00 80 7c 24 28 00 74 0c 48 8b 54
0x00007ffe850d1712:   24 20 48 8b 4d b8 89 04 91 48 8b c8 49 8b 47 18
0x00007ffe850d1722:   48 8b 3c c8 49 8b 47 30 49 89 3c 06 66 90 48 83
0x00007ffe850d1732:   ff ff 0f 85 86 00 00 00 4c 8d 05 1f 88 de 00 48
0x00007ffe850d1742:   8b d7 48 8b ca e8 44 b8 28 00 48 85 c0 74 6f 48
0x00007ffe850d1752:   8b c8 48 83 78 18 0f 76 03 48 8b 08 48 89 4c 24
0x00007ffe850d1762:   60 48 8b 40 10 48 89 44 24 68 0f 28 44 24 60 66
0x00007ffe850d1772:   0f 7f 44 24 30 4c 8d 4c 24 30 41 b8 62 00 00 00
0x00007ffe850d1782:   48 8d 15 e7 86 de 00 48 8d 4c 24 50 e8 dd c5 28
0x00007ffe850d1792:   00 83 ce 20 89 b5 e0 01 00 00 40 f6 c6 20 0f 85
0x00007ffe850d17a2:   6f 07 00 00 eb 88 48 8b 07 49 89 1c 06 49 8b 0f
0x00007ffe850d17b2:   8b 85 d8 01 00 00 89 04 99 48 ff c3 eb 04 49 8d
0x00007ffe850d17c2:   7f 30 41 ff c4 49 83 c6 08 41 8b 47 64 44 3b e0
0x00007ffe850d17d2:   0f 8c e8 fe ff ff 4d 8d 6f 48 45 33 f6 45 8b e6
0x00007ffe850d17e2:   85 c0 0f 8e ad 00 00 00 48 63 bd d0 01 00 00 48
0x00007ffe850d17f2:   8b 85 e8 01 00 00 48 8b 00 41 8b 44 06 04 49 8b
0x00007ffe850d1802:   0f 89 04 99 49 8b 45 00 49 89 1c 06 66 90 48 3b
0x00007ffe850d1812:   fb 7e 6e 4c 8d 05 64 87 de 00 48 8b d3 48 8b cf 


Stack slot to memory mapping:
stack at sp + 0 slots: 0x0 is NULL
stack at sp + 1 slots: 0x0 is NULL
stack at sp + 2 slots: 0x000000f3722fa160 is pointing into the stack for thread: 0x000002621f342cc0
stack at sp + 3 slots: 0x00000261d894f3c0 points into unknown readable memory: 0x0000000000000000 | 00 00 00 00 00 00 00 00
stack at sp + 4 slots: 0x0 is NULL
stack at sp + 5 slots: 0x00007ffe91a2dd01 jvm.dll
stack at sp + 6 slots: 0x00007ffe85f093e0 jniortools.dll
stack at sp + 7 slots: 0x0 is NULL


---------------  P R O C E S S  ---------------

Threads class SMR info:
_java_thread_list=0x000002622123e910, length=43, elements={
0x00000261d5a83870, 0x00000261d5a846e0, 0x00000261d5a97960, 0x00000261d5a98510,
0x00000261d5a9afd0, 0x00000261d5a9b980, 0x00000261d5a9c3e0, 0x00000261d5a9cdd0,
0x00000261d5a73660, 0x00000261d5a73b30, 0x00000261d8ac41e0, 0x00000261d8ac4f90,
0x00000261d8cabab0, 0x00000261d8cabf80, 0x000002621e53c5c0, 0x000002621f2888d0,
0x000002621f3449a0, 0x000002621f35c860, 0x000002621f368730, 0x000002621f374480,
0x000002621f3444d0, 0x000002621f3427f0, 0x000002621f343660, 0x000002621f342320,
0x000002621f341e50, 0x000002621f344e70, 0x000002621f344000, 0x000002621f3414b0,
0x000002621f343190, 0x000002621f341980, 0x000002621f342cc0, 0x000002621f343b30,
0x00000262214d8180, 0x00000262214d9990, 0x00000262214d9e60, 0x00000262214d6e40,
0x00000262214d8ff0, 0x00000262214d8650, 0x00000262214d8b20, 0x00000262214da800,
0x00000262214da330, 0x00000262214d7cb0, 0x00000262214d94c0
}

Java Threads: ( => current thread )
  0x00000261d5a83870 JavaThread "Reference Handler" daemon [_thread_blocked, id=14944, stack(0x000000f36f000000,0x000000f36f100000)]
  0x00000261d5a846e0 JavaThread "Finalizer" daemon [_thread_blocked, id=15336, stack(0x000000f36f100000,0x000000f36f200000)]
  0x00000261d5a97960 JavaThread "Signal Dispatcher" daemon [_thread_blocked, id=37080, stack(0x000000f36f200000,0x000000f36f300000)]
  0x00000261d5a98510 JavaThread "Attach Listener" daemon [_thread_blocked, id=20956, stack(0x000000f36f300000,0x000000f36f400000)]
  0x00000261d5a9afd0 JavaThread "Service Thread" daemon [_thread_blocked, id=31096, stack(0x000000f36f400000,0x000000f36f500000)]
  0x00000261d5a9b980 JavaThread "Monitor Deflation Thread" daemon [_thread_blocked, id=8384, stack(0x000000f36f500000,0x000000f36f600000)]
  0x00000261d5a9c3e0 JavaThread "C1 CompilerThread0" daemon [_thread_blocked, id=31416, stack(0x000000f36f600000,0x000000f36f700000)]
  0x00000261d5a9cdd0 JavaThread "Sweeper thread" daemon [_thread_blocked, id=34212, stack(0x000000f36f700000,0x000000f36f800000)]
  0x00000261d5a73660 JavaThread "Common-Cleaner" daemon [_thread_blocked, id=25572, stack(0x000000f36f800000,0x000000f36f900000)]
  0x00000261d5a73b30 JavaThread "C1 CompilerThread1" daemon [_thread_blocked, id=36148, stack(0x000000f36f900000,0x000000f36fa00000)]
  0x00000261d8ac41e0 JavaThread "C1 CompilerThread2" daemon [_thread_blocked, id=33984, stack(0x000000f36fa00000,0x000000f36fb00000)]
  0x00000261d8ac4f90 JavaThread "C1 CompilerThread3" daemon [_thread_blocked, id=6120, stack(0x000000f36fb00000,0x000000f36fc00000)]
  0x00000261d8cabab0 JavaThread "Monitor Ctrl-Break" daemon [_thread_in_native, id=22112, stack(0x000000f36fc00000,0x000000f36fd00000)]
  0x00000261d8cabf80 JavaThread "Notification Thread" daemon [_thread_blocked, id=1544, stack(0x000000f36fd00000,0x000000f36fe00000)]
  0x000002621e53c5c0 JavaThread "RMI TCP Accept-0" daemon [_thread_in_native, id=2112, stack(0x000000f36fe00000,0x000000f36ff00000)]
  0x000002621f2888d0 JavaThread "RMI TCP Connection(2)-172.19.208.1" daemon [_thread_in_native, id=38864, stack(0x000000f371100000,0x000000f371200000)]
  0x000002621f3449a0 JavaThread "RMI Scheduler(0)" daemon [_thread_blocked, id=20560, stack(0x000000f371200000,0x000000f371300000)]
  0x000002621f35c860 JavaThread "C1 CompilerThread4" daemon [_thread_blocked, id=29968, stack(0x000000f371400000,0x000000f371500000)]
  0x000002621f368730 JavaThread "C1 CompilerThread5" daemon [_thread_blocked, id=31900, stack(0x000000f371500000,0x000000f371600000)]
  0x000002621f374480 JavaThread "C1 CompilerThread6" daemon [_thread_blocked, id=21164, stack(0x000000f371600000,0x000000f371700000)]
  0x000002621f3444d0 JavaThread "Catalina-utility-1" [_thread_blocked, id=5976, stack(0x000000f370f00000,0x000000f371000000)]
  0x000002621f3427f0 JavaThread "Catalina-utility-2" [_thread_blocked, id=364, stack(0x000000f371800000,0x000000f371900000)]
  0x000002621f343660 JavaThread "container-0" [_thread_blocked, id=21336, stack(0x000000f371900000,0x000000f371a00000)]
  0x000002621f342320 JavaThread "mysql-cj-abandoned-connection-cleanup" daemon [_thread_blocked, id=38744, stack(0x000000f371a00000,0x000000f371b00000)]
  0x000002621f341e50 JavaThread "HikariPool-1 housekeeper" daemon [_thread_blocked, id=33644, stack(0x000000f371c00000,0x000000f371d00000)]
  0x000002621f344e70 JavaThread "HikariPool-1 connection adder" daemon [_thread_blocked, id=12552, stack(0x000000f371d00000,0x000000f371e00000)]
  0x000002621f344000 JavaThread "RMI TCP Connection(3)-172.19.208.1" daemon [_thread_in_native, id=32352, stack(0x000000f371e00000,0x000000f371f00000)]
  0x000002621f3414b0 JavaThread "RateLimitExecutorDelayThread" daemon [_thread_blocked, id=30048, stack(0x000000f371f00000,0x000000f372000000)]
  0x000002621f343190 JavaThread "File Watcher" daemon [_thread_blocked, id=37328, stack(0x000000f372000000,0x000000f372100000)]
  0x000002621f341980 JavaThread "Live Reload Server" daemon [_thread_in_native, id=26940, stack(0x000000f372100000,0x000000f372200000)]
=>0x000002621f342cc0 JavaThread "http-nio-8080-exec-1" daemon [_thread_in_native, id=21792, stack(0x000000f372200000,0x000000f372300000)]
  0x000002621f343b30 JavaThread "http-nio-8080-exec-2" daemon [_thread_blocked, id=37032, stack(0x000000f372300000,0x000000f372400000)]
  0x00000262214d8180 JavaThread "http-nio-8080-exec-3" daemon [_thread_blocked, id=32996, stack(0x000000f372400000,0x000000f372500000)]
  0x00000262214d9990 JavaThread "http-nio-8080-exec-4" daemon [_thread_blocked, id=28772, stack(0x000000f372500000,0x000000f372600000)]
  0x00000262214d9e60 JavaThread "http-nio-8080-exec-5" daemon [_thread_blocked, id=30788, stack(0x000000f372600000,0x000000f372700000)]
  0x00000262214d6e40 JavaThread "http-nio-8080-exec-6" daemon [_thread_blocked, id=6108, stack(0x000000f372700000,0x000000f372800000)]
  0x00000262214d8ff0 JavaThread "http-nio-8080-exec-7" daemon [_thread_blocked, id=26784, stack(0x000000f372800000,0x000000f372900000)]
  0x00000262214d8650 JavaThread "http-nio-8080-exec-8" daemon [_thread_blocked, id=18880, stack(0x000000f372900000,0x000000f372a00000)]
  0x00000262214d8b20 JavaThread "http-nio-8080-exec-9" daemon [_thread_blocked, id=33628, stack(0x000000f372a00000,0x000000f372b00000)]
  0x00000262214da800 JavaThread "http-nio-8080-exec-10" daemon [_thread_blocked, id=20412, stack(0x000000f372b00000,0x000000f372c00000)]
  0x00000262214da330 JavaThread "http-nio-8080-Poller" daemon [_thread_in_native, id=33164, stack(0x000000f372c00000,0x000000f372d00000)]
  0x00000262214d7cb0 JavaThread "http-nio-8080-Acceptor" daemon [_thread_in_native, id=35752, stack(0x000000f372d00000,0x000000f372e00000)]
  0x00000262214d94c0 JavaThread "DestroyJavaVM" [_thread_blocked, id=37276, stack(0x000000f36e900000,0x000000f36ea00000)]

Other Threads:
  0x00000261d5a7fd70 VMThread "VM Thread" [stack: 0x000000f36ef00000,0x000000f36f000000] [id=18920]
  0x000002621e519c60 WatcherThread [stack: 0x000000f36ff00000,0x000000f370000000] [id=23740]
  0x00000261d5900b90 GCTaskThread "GC Thread#0" [stack: 0x000000f36ea00000,0x000000f36eb00000] [id=26120]
  0x000002621e60f770 GCTaskThread "GC Thread#1" [stack: 0x000000f370000000,0x000000f370100000] [id=22520]
  0x000002621e60fa20 GCTaskThread "GC Thread#2" [stack: 0x000000f370100000,0x000000f370200000] [id=36352]
  0x000002621e60fcd0 GCTaskThread "GC Thread#3" [stack: 0x000000f370200000,0x000000f370300000] [id=31996]
  0x000002621ed4b4d0 GCTaskThread "GC Thread#4" [stack: 0x000000f370300000,0x000000f370400000] [id=33436]
  0x000002621ed4b780 GCTaskThread "GC Thread#5" [stack: 0x000000f370400000,0x000000f370500000] [id=31976]
  0x000002621ece1470 GCTaskThread "GC Thread#6" [stack: 0x000000f370500000,0x000000f370600000] [id=17752]
  0x000002621ed4ce60 GCTaskThread "GC Thread#7" [stack: 0x000000f370600000,0x000000f370700000] [id=20088]
  0x000002621ed4d9a0 GCTaskThread "GC Thread#8" [stack: 0x000000f370700000,0x000000f370800000] [id=28632]
  0x000002621ed4dc50 GCTaskThread "GC Thread#9" [stack: 0x000000f370800000,0x000000f370900000] [id=2944]
  0x000002621ed4df00 GCTaskThread "GC Thread#10" [stack: 0x000000f370900000,0x000000f370a00000] [id=26552]
  0x000002621ed4ea40 GCTaskThread "GC Thread#11" [stack: 0x000000f370a00000,0x000000f370b00000] [id=11540]
  0x000002621efefd80 GCTaskThread "GC Thread#12" [stack: 0x000000f371000000,0x000000f371100000] [id=24428]
  0x00000261b7b09150 ConcurrentGCThread "G1 Main Marker" [stack: 0x000000f36eb00000,0x000000f36ec00000] [id=24888]
  0x00000261b7b0bb80 ConcurrentGCThread "G1 Conc#0" [stack: 0x000000f36ec00000,0x000000f36ed00000] [id=15600]
  0x000002621eff0030 ConcurrentGCThread "G1 Conc#1" [stack: 0x000000f371300000,0x000000f371400000] [id=35696]
  0x000002621efef820 ConcurrentGCThread "G1 Conc#2" [stack: 0x000000f371700000,0x000000f371800000] [id=32156]
  0x00000261d59bee50 ConcurrentGCThread "G1 Refine#0" [stack: 0x000000f36ed00000,0x000000f36ee00000] [id=30816]
  0x000002621ed5ddf0 ConcurrentGCThread "G1 Refine#1" [stack: 0x000000f370b00000,0x000000f370c00000] [id=9536]
  0x000002621ed82bc0 ConcurrentGCThread "G1 Refine#2" [stack: 0x000000f370c00000,0x000000f370d00000] [id=28376]
  0x00000261d59bf870 ConcurrentGCThread "G1 Service" [stack: 0x000000f36ee00000,0x000000f36ef00000] [id=7604]

Threads with active compile tasks:

VM state: not at safepoint (normal execution)

VM Mutex/Monitor currently owned by a thread: None

Heap address: 0x0000000602c00000, size: 8148 MB, Compressed Oops mode: Zero based, Oop shift amount: 3

CDS archive(s) mapped at: [0x00000261d9000000-0x00000261d9bd0000-0x00000261d9bd0000), size 12386304, SharedBaseAddress: 0x00000261d9000000, ArchiveRelocationMode: 1.
Compressed class space mapped at: 0x00000261da000000-0x000002621a000000, reserved size: 1073741824
Narrow klass base: 0x00000261d9000000, Narrow klass shift: 0, Narrow klass range: 0x100000000

GC Precious Log:
 CPUs: 16 total, 16 available
 Memory: 32577M
 Large Page Support: Disabled
 NUMA Support: Disabled
 Compressed Oops: Enabled (Zero based)
 Heap Region Size: 4M
 Heap Min Capacity: 8M
 Heap Initial Capacity: 512M
 Heap Max Capacity: 8148M
 Pre-touch: Disabled
 Parallel Workers: 13
 Concurrent Workers: 3
 Concurrent Refinement Workers: 13
 Periodic GC: Disabled

Heap:
 garbage-first heap   total 323584K, used 75228K [0x0000000602c00000, 0x0000000800000000)
  region size 4096K, 9 young (36864K), 2 survivors (8192K)
 Metaspace       used 91766K, committed 92480K, reserved 1179648K
  class space    used 12993K, committed 13312K, reserved 1048576K

Heap Regions: E=young(eden), S=young(survivor), O=old, HS=humongous(starts), HC=humongous(continues), CS=collection set, F=free, OA=open archive, CA=closed archive, TAMS=top-at-mark-start (previous, next)
|   0|0x0000000602c00000, 0x0000000603000000, 0x0000000603000000|100%| O|  |TAMS 0x0000000603000000, 0x0000000602c00000| Untracked 
|   1|0x0000000603000000, 0x0000000603400000, 0x0000000603400000|100%| O|  |TAMS 0x0000000603400000, 0x0000000603000000| Untracked 
|   2|0x0000000603400000, 0x0000000603800000, 0x0000000603800000|100%| O|  |TAMS 0x0000000603400000, 0x0000000603400000| Untracked 
|   3|0x0000000603800000, 0x0000000603c00000, 0x0000000603c00000|100%| O|  |TAMS 0x0000000603c00000, 0x0000000603800000| Untracked 
|   4|0x0000000603c00000, 0x0000000604000000, 0x0000000604000000|100%| O|  |TAMS 0x0000000604000000, 0x0000000603c00000| Untracked 
|   5|0x0000000604000000, 0x0000000604400000, 0x0000000604400000|100%| O|  |TAMS 0x0000000604237400, 0x0000000604000000| Untracked 
|   6|0x0000000604400000, 0x0000000604800000, 0x0000000604800000|100%| O|  |TAMS 0x0000000604800000, 0x0000000604400000| Untracked 
|   7|0x0000000604800000, 0x0000000604c00000, 0x0000000604c00000|100%| O|  |TAMS 0x0000000604c00000, 0x0000000604800000| Untracked 
|   8|0x0000000604c00000, 0x0000000605000000, 0x0000000605000000|100%| O|  |TAMS 0x0000000605000000, 0x0000000604c00000| Untracked 
|   9|0x0000000605000000, 0x0000000605400000, 0x0000000605400000|100%| O|  |TAMS 0x0000000605000000, 0x0000000605000000| Untracked 
|  10|0x0000000605400000, 0x000000060567aa00, 0x0000000605800000| 61%| O|  |TAMS 0x0000000605400000, 0x0000000605400000| Untracked 
|  11|0x0000000605800000, 0x0000000605800000, 0x0000000605c00000|  0%| F|  |TAMS 0x0000000605800000, 0x0000000605800000| Untracked 
|  12|0x0000000605c00000, 0x0000000605c00000, 0x0000000606000000|  0%| F|  |TAMS 0x0000000605c00000, 0x0000000605c00000| Untracked 
|  13|0x0000000606000000, 0x0000000606000000, 0x0000000606400000|  0%| F|  |TAMS 0x0000000606000000, 0x0000000606000000| Untracked 
|  14|0x0000000606400000, 0x00000006066fc678, 0x0000000606800000| 74%| S|CS|TAMS 0x0000000606400000, 0x0000000606400000| Complete 
|  15|0x0000000606800000, 0x0000000606800000, 0x0000000606c00000|  0%| F|  |TAMS 0x0000000606800000, 0x0000000606800000| Untracked 
|  16|0x0000000606c00000, 0x0000000607000000, 0x0000000607000000|100%| S|CS|TAMS 0x0000000606c00000, 0x0000000606c00000| Complete 
|  17|0x0000000607000000, 0x0000000607000000, 0x0000000607400000|  0%| F|  |TAMS 0x0000000607000000, 0x0000000607000000| Untracked 
|  18|0x0000000607400000, 0x0000000607400000, 0x0000000607800000|  0%| F|  |TAMS 0x0000000607400000, 0x0000000607400000| Untracked 
|  19|0x0000000607800000, 0x0000000607800000, 0x0000000607c00000|  0%| F|  |TAMS 0x0000000607800000, 0x0000000607800000| Untracked 
|  20|0x0000000607c00000, 0x0000000607c00000, 0x0000000608000000|  0%| F|  |TAMS 0x0000000607c00000, 0x0000000607c00000| Untracked 
|  21|0x0000000608000000, 0x0000000608000000, 0x0000000608400000|  0%| F|  |TAMS 0x0000000608000000, 0x0000000608000000| Untracked 
|  22|0x0000000608400000, 0x0000000608400000, 0x0000000608800000|  0%| F|  |TAMS 0x0000000608400000, 0x0000000608400000| Untracked 
|  23|0x0000000608800000, 0x0000000608800000, 0x0000000608c00000|  0%| F|  |TAMS 0x0000000608800000, 0x0000000608800000| Untracked 
|  24|0x0000000608c00000, 0x0000000608c00000, 0x0000000609000000|  0%| F|  |TAMS 0x0000000608c00000, 0x0000000608c00000| Untracked 
|  25|0x0000000609000000, 0x0000000609000000, 0x0000000609400000|  0%| F|  |TAMS 0x0000000609000000, 0x0000000609000000| Untracked 
|  26|0x0000000609400000, 0x0000000609400000, 0x0000000609800000|  0%| F|  |TAMS 0x0000000609400000, 0x0000000609400000| Untracked 
|  27|0x0000000609800000, 0x0000000609800000, 0x0000000609c00000|  0%| F|  |TAMS 0x0000000609800000, 0x0000000609800000| Untracked 
|  28|0x0000000609c00000, 0x0000000609c00000, 0x000000060a000000|  0%| F|  |TAMS 0x0000000609c00000, 0x0000000609c00000| Untracked 
|  29|0x000000060a000000, 0x000000060a000000, 0x000000060a400000|  0%| F|  |TAMS 0x000000060a000000, 0x000000060a000000| Untracked 
|  30|0x000000060a400000, 0x000000060a400000, 0x000000060a800000|  0%| F|  |TAMS 0x000000060a400000, 0x000000060a400000| Untracked 
|  31|0x000000060a800000, 0x000000060a800000, 0x000000060ac00000|  0%| F|  |TAMS 0x000000060a800000, 0x000000060a800000| Untracked 
|  32|0x000000060ac00000, 0x000000060ac00000, 0x000000060b000000|  0%| F|  |TAMS 0x000000060ac00000, 0x000000060ac00000| Untracked 
|  33|0x000000060b000000, 0x000000060b000000, 0x000000060b400000|  0%| F|  |TAMS 0x000000060b000000, 0x000000060b000000| Untracked 
|  34|0x000000060b400000, 0x000000060b400000, 0x000000060b800000|  0%| F|  |TAMS 0x000000060b400000, 0x000000060b400000| Untracked 
|  35|0x000000060b800000, 0x000000060b800000, 0x000000060bc00000|  0%| F|  |TAMS 0x000000060b800000, 0x000000060b800000| Untracked 
|  36|0x000000060bc00000, 0x000000060bc00000, 0x000000060c000000|  0%| F|  |TAMS 0x000000060bc00000, 0x000000060bc00000| Untracked 
|  37|0x000000060c000000, 0x000000060c000000, 0x000000060c400000|  0%| F|  |TAMS 0x000000060c000000, 0x000000060c000000| Untracked 
|  38|0x000000060c400000, 0x000000060c400000, 0x000000060c800000|  0%| F|  |TAMS 0x000000060c400000, 0x000000060c400000| Untracked 
|  39|0x000000060c800000, 0x000000060c800000, 0x000000060cc00000|  0%| F|  |TAMS 0x000000060c800000, 0x000000060c800000| Untracked 
|  40|0x000000060cc00000, 0x000000060cc00000, 0x000000060d000000|  0%| F|  |TAMS 0x000000060cc00000, 0x000000060cc00000| Untracked 
|  41|0x000000060d000000, 0x000000060d000000, 0x000000060d400000|  0%| F|  |TAMS 0x000000060d000000, 0x000000060d000000| Untracked 
|  42|0x000000060d400000, 0x000000060d400000, 0x000000060d800000|  0%| F|  |TAMS 0x000000060d400000, 0x000000060d400000| Untracked 
|  43|0x000000060d800000, 0x000000060d800000, 0x000000060dc00000|  0%| F|  |TAMS 0x000000060d800000, 0x000000060d800000| Untracked 
|  44|0x000000060dc00000, 0x000000060dc00000, 0x000000060e000000|  0%| F|  |TAMS 0x000000060dc00000, 0x000000060dc00000| Untracked 
|  45|0x000000060e000000, 0x000000060e000000, 0x000000060e400000|  0%| F|  |TAMS 0x000000060e000000, 0x000000060e000000| Untracked 
|  46|0x000000060e400000, 0x000000060e400000, 0x000000060e800000|  0%| F|  |TAMS 0x000000060e400000, 0x000000060e400000| Untracked 
|  47|0x000000060e800000, 0x000000060e800000, 0x000000060ec00000|  0%| F|  |TAMS 0x000000060e800000, 0x000000060e800000| Untracked 
|  48|0x000000060ec00000, 0x000000060ec00000, 0x000000060f000000|  0%| F|  |TAMS 0x000000060ec00000, 0x000000060ec00000| Untracked 
|  49|0x000000060f000000, 0x000000060f000000, 0x000000060f400000|  0%| F|  |TAMS 0x000000060f000000, 0x000000060f000000| Untracked 
|  50|0x000000060f400000, 0x000000060f400000, 0x000000060f800000|  0%| F|  |TAMS 0x000000060f400000, 0x000000060f400000| Untracked 
|  51|0x000000060f800000, 0x000000060f800000, 0x000000060fc00000|  0%| F|  |TAMS 0x000000060f800000, 0x000000060f800000| Untracked 
|  52|0x000000060fc00000, 0x000000060fc00000, 0x0000000610000000|  0%| F|  |TAMS 0x000000060fc00000, 0x000000060fc00000| Untracked 
|  53|0x0000000610000000, 0x0000000610000000, 0x0000000610400000|  0%| F|  |TAMS 0x0000000610000000, 0x0000000610000000| Untracked 
|  54|0x0000000610400000, 0x0000000610400000, 0x0000000610800000|  0%| F|  |TAMS 0x0000000610400000, 0x0000000610400000| Untracked 
|  55|0x0000000610800000, 0x0000000610800000, 0x0000000610c00000|  0%| F|  |TAMS 0x0000000610800000, 0x0000000610800000| Untracked 
|  56|0x0000000610c00000, 0x0000000610c00000, 0x0000000611000000|  0%| F|  |TAMS 0x0000000610c00000, 0x0000000610c00000| Untracked 
|  57|0x0000000611000000, 0x0000000611000000, 0x0000000611400000|  0%| F|  |TAMS 0x0000000611000000, 0x0000000611000000| Untracked 
|  58|0x0000000611400000, 0x0000000611400000, 0x0000000611800000|  0%| F|  |TAMS 0x0000000611400000, 0x0000000611400000| Untracked 
|  59|0x0000000611800000, 0x0000000611800000, 0x0000000611c00000|  0%| F|  |TAMS 0x0000000611800000, 0x0000000611800000| Untracked 
|  60|0x0000000611c00000, 0x0000000611c00000, 0x0000000612000000|  0%| F|  |TAMS 0x0000000611c00000, 0x0000000611c00000| Untracked 
|  61|0x0000000612000000, 0x0000000612000000, 0x0000000612400000|  0%| F|  |TAMS 0x0000000612000000, 0x0000000612000000| Untracked 
|  62|0x0000000612400000, 0x0000000612400000, 0x0000000612800000|  0%| F|  |TAMS 0x0000000612400000, 0x0000000612400000| Untracked 
|  63|0x0000000612800000, 0x0000000612800000, 0x0000000612c00000|  0%| F|  |TAMS 0x0000000612800000, 0x0000000612800000| Untracked 
|  64|0x0000000612c00000, 0x0000000612c00000, 0x0000000613000000|  0%| F|  |TAMS 0x0000000612c00000, 0x0000000612c00000| Untracked 
|  65|0x0000000613000000, 0x0000000613000000, 0x0000000613400000|  0%| F|  |TAMS 0x0000000613000000, 0x0000000613000000| Untracked 
|  66|0x0000000613400000, 0x0000000613400000, 0x0000000613800000|  0%| F|  |TAMS 0x0000000613400000, 0x0000000613400000| Untracked 
|  67|0x0000000613800000, 0x0000000613800000, 0x0000000613c00000|  0%| F|  |TAMS 0x0000000613800000, 0x0000000613800000| Untracked 
|  68|0x0000000613c00000, 0x0000000613c00000, 0x0000000614000000|  0%| F|  |TAMS 0x0000000613c00000, 0x0000000613c00000| Untracked 
|  69|0x0000000614000000, 0x0000000614000000, 0x0000000614400000|  0%| F|  |TAMS 0x0000000614000000, 0x0000000614000000| Untracked 
|  70|0x0000000614400000, 0x0000000614400000, 0x0000000614800000|  0%| F|  |TAMS 0x0000000614400000, 0x0000000614400000| Untracked 
|  71|0x0000000614800000, 0x0000000614800000, 0x0000000614c00000|  0%| F|  |TAMS 0x0000000614800000, 0x0000000614800000| Untracked 
|  72|0x0000000614c00000, 0x0000000614db60a8, 0x0000000615000000| 42%| E|  |TAMS 0x0000000614c00000, 0x0000000614c00000| Complete 
|  73|0x0000000615000000, 0x0000000615400000, 0x0000000615400000|100%| E|CS|TAMS 0x0000000615000000, 0x0000000615000000| Complete 
|  74|0x0000000615400000, 0x0000000615800000, 0x0000000615800000|100%| E|CS|TAMS 0x0000000615400000, 0x0000000615400000| Complete 
|  75|0x0000000615800000, 0x0000000615c00000, 0x0000000615c00000|100%| E|CS|TAMS 0x0000000615800000, 0x0000000615800000| Complete 
|  76|0x0000000615c00000, 0x0000000616000000, 0x0000000616000000|100%| E|CS|TAMS 0x0000000615c00000, 0x0000000615c00000| Complete 
|  77|0x0000000616000000, 0x0000000616400000, 0x0000000616400000|100%| E|CS|TAMS 0x0000000616000000, 0x0000000616000000| Complete 
| 127|0x0000000622800000, 0x0000000622c00000, 0x0000000622c00000|100%| E|CS|TAMS 0x0000000622800000, 0x0000000622800000| Complete 

Card table byte_map: [0x00000261c3970000,0x00000261c4960000] _byte_map_base: 0x00000261c095a000

Marking Bits (Prev, Next): (CMBitMap*) 0x00000261b7af89d0, (CMBitMap*) 0x00000261b7af8990
 Prev Bits: [0x00000261cd8a0000, 0x00000261d57f0000)
 Next Bits: [0x00000261c5950000, 0x00000261cd8a0000)

Polling page: 0x00000261b59e0000

Metaspace:

Usage:
  Non-class:     76.93 MB used.
      Class:     12.69 MB used.
       Both:     89.62 MB used.

Virtual space:
  Non-class space:      128.00 MB reserved,      77.31 MB ( 60%) committed,  2 nodes.
      Class space:        1.00 GB reserved,      13.00 MB (  1%) committed,  1 nodes.
             Both:        1.12 GB reserved,      90.31 MB (  8%) committed. 

Chunk freelists:
   Non-Class:  2.59 MB
       Class:  3.04 MB
        Both:  5.64 MB

MaxMetaspaceSize: unlimited
CompressedClassSpaceSize: 1.00 GB
Initial GC threshold: 21.00 MB
Current GC threshold: 98.88 MB
CDS: on
MetaspaceReclaimPolicy: balanced
 - commit_granule_bytes: 65536.
 - commit_granule_words: 8192.
 - virtual_space_node_default_size: 8388608.
 - enlarge_chunks_in_place: 1.
 - new_chunks_are_fully_committed: 0.
 - uncommit_free_chunks: 1.
 - use_allocation_guard: 0.
 - handle_deallocations: 1.


Internal statistics:

num_allocs_failed_limit: 9.
num_arena_births: 958.
num_arena_deaths: 2.
num_vsnodes_births: 3.
num_vsnodes_deaths: 0.
num_space_committed: 1445.
num_space_uncommitted: 0.
num_chunks_returned_to_freelist: 12.
num_chunks_taken_from_freelist: 4227.
num_chunk_merges: 9.
num_chunk_splits: 3108.
num_chunks_enlarged: 2470.
num_purges: 2.
num_inconsistent_stats: 0.

CodeCache: size=49152Kb used=18993Kb max_used=19372Kb free=30159Kb
 bounds [0x00000261bf310000, 0x00000261c0600000, 0x00000261c2310000]
 total_blobs=9953 nmethods=9071 adapters=802
 compilation: enabled
              stopped_count=0, restarted_count=0
 full_count=0

Compilation events (20 events):
Event: 5.492 Thread 0x00000261d5a9c3e0 9234       1       org.hibernate.metamodel.mapping.internal.PluralAttributeMappingImpl::getCollectionDescriptor (5 bytes)
Event: 5.492 Thread 0x00000261d5a9c3e0 nmethod 9234 0x00000261c043f990 code [0x00000261c043fb20, 0x00000261c043fbf8]
Event: 5.492 Thread 0x000002621f374480 9235       1       org.hibernate.tuple.entity.EntityMetamodel::isPolymorphic (5 bytes)
Event: 5.492 Thread 0x000002621f374480 nmethod 9235 0x00000261c043f510 code [0x00000261c043f6a0, 0x00000261c043f778]
Event: 5.492 Thread 0x00000261d8ac41e0 9236       1       org.hibernate.metamodel.internal.AbstractPojoInstantiator::isAbstract (5 bytes)
Event: 5.492 Thread 0x00000261d5a73b30 9237       1       org.hibernate.sql.results.graph.entity.AbstractEntityInitializer::isEntityInitialized (5 bytes)
Event: 5.492 Thread 0x00000261d8ac41e0 nmethod 9236 0x00000261bfdacf10 code [0x00000261bfdad0a0, 0x00000261bfdad178]
Event: 5.492 Thread 0x00000261d5a73b30 nmethod 9237 0x00000261bfdaca10 code [0x00000261bfdacba0, 0x00000261bfdacc78]
Event: 5.492 Thread 0x00000261d5a73b30 9238       1       org.hibernate.persister.collection.AbstractCollectionPersister::getNavigableRole (5 bytes)
Event: 5.492 Thread 0x00000261d5a73b30 nmethod 9238 0x00000261c00b6a90 code [0x00000261c00b6c20, 0x00000261c00b6cf8]
Event: 5.492 Thread 0x00000261d8ac4f90 9239       1       java.lang.Long::hashCode (8 bytes)
Event: 5.492 Thread 0x00000261d8ac4f90 nmethod 9239 0x00000261c00b6590 code [0x00000261c00b6720, 0x00000261c00b67f8]
Event: 5.492 Thread 0x00000261d5a9c3e0 9240       1       org.hibernate.type.AbstractStandardBasicType::deepCopy (6 bytes)
Event: 5.492 Thread 0x000002621f374480 9241       1       org.hibernate.type.AbstractStandardBasicType::deepCopy (11 bytes)
Event: 5.492 Thread 0x000002621f368730 9242       1       org.hibernate.engine.internal.StatefulPersistenceContext$EntityHolderImpl::getEntity (5 bytes)
Event: 5.492 Thread 0x00000261d5a9c3e0 nmethod 9240 0x00000261bf747010 code [0x00000261bf7471a0, 0x00000261bf747288]
Event: 5.492 Thread 0x00000261d8ac4f90 9243       1       org.hibernate.event.spi.AbstractEvent::getSession (5 bytes)
Event: 5.492 Thread 0x000002621f368730 nmethod 9242 0x00000261bf746b10 code [0x00000261bf746ca0, 0x00000261bf746d78]
Event: 5.492 Thread 0x000002621f374480 nmethod 9241 0x00000261bf772410 code [0x00000261bf7725a0, 0x00000261bf772688]
Event: 5.492 Thread 0x00000261d8ac4f90 nmethod 9243 0x00000261bf771e90 code [0x00000261bf772020, 0x00000261bf7720f8]

GC Heap History (20 events):
Event: 2.241 GC heap before
{Heap before GC invocations=10 (full 0):
 garbage-first heap   total 81920K, used 38929K [0x0000000602c00000, 0x0000000800000000)
  region size 4096K, 6 young (24576K), 2 survivors (8192K)
 Metaspace       used 35596K, committed 36096K, reserved 1114112K
  class space    used 4953K, committed 5184K, reserved 1048576K
}
Event: 2.244 GC heap after
{Heap after GC invocations=11 (full 0):
 garbage-first heap   total 303104K, used 27540K [0x0000000602c00000, 0x0000000800000000)
  region size 4096K, 2 young (8192K), 2 survivors (8192K)
 Metaspace       used 35596K, committed 36096K, reserved 1114112K
  class space    used 4953K, committed 5184K, reserved 1048576K
}
Event: 2.761 GC heap before
{Heap before GC invocations=12 (full 0):
 garbage-first heap   total 122880K, used 93076K [0x0000000602c00000, 0x0000000800000000)
  region size 4096K, 18 young (73728K), 2 survivors (8192K)
 Metaspace       used 47316K, committed 47808K, reserved 1114112K
  class space    used 6364K, committed 6592K, reserved 1048576K
}
Event: 2.763 GC heap after
{Heap after GC invocations=13 (full 0):
 garbage-first heap   total 122880K, used 31516K [0x0000000602c00000, 0x0000000800000000)
  region size 4096K, 3 young (12288K), 3 survivors (12288K)
 Metaspace       used 47316K, committed 47808K, reserved 1114112K
  class space    used 6364K, committed 6592K, reserved 1048576K
}
Event: 2.792 GC heap before
{Heap before GC invocations=13 (full 0):
 garbage-first heap   total 122880K, used 35612K [0x0000000602c00000, 0x0000000800000000)
  region size 4096K, 4 young (16384K), 3 survivors (12288K)
 Metaspace       used 47980K, committed 48448K, reserved 1114112K
  class space    used 6466K, committed 6656K, reserved 1048576K
}
Event: 2.796 GC heap after
{Heap after GC invocations=14 (full 0):
 garbage-first heap   total 122880K, used 32269K [0x0000000602c00000, 0x0000000800000000)
  region size 4096K, 1 young (4096K), 1 survivors (4096K)
 Metaspace       used 47980K, committed 48448K, reserved 1114112K
  class space    used 6466K, committed 6656K, reserved 1048576K
}
Event: 3.354 GC heap before
{Heap before GC invocations=14 (full 0):
 garbage-first heap   total 122880K, used 89613K [0x0000000602c00000, 0x0000000800000000)
  region size 4096K, 15 young (61440K), 1 survivors (4096K)
 Metaspace       used 59487K, committed 60032K, reserved 1114112K
  class space    used 8186K, committed 8448K, reserved 1048576K
}
Event: 3.355 GC heap after
{Heap after GC invocations=15 (full 0):
 garbage-first heap   total 122880K, used 34092K [0x0000000602c00000, 0x0000000800000000)
  region size 4096K, 1 young (4096K), 1 survivors (4096K)
 Metaspace       used 59487K, committed 60032K, reserved 1114112K
  class space    used 8186K, committed 8448K, reserved 1048576K
}
Event: 3.370 GC heap before
{Heap before GC invocations=15 (full 0):
 garbage-first heap   total 122880K, used 34092K [0x0000000602c00000, 0x0000000800000000)
  region size 4096K, 2 young (8192K), 1 survivors (4096K)
 Metaspace       used 59896K, committed 60416K, reserved 1114112K
  class space    used 8250K, committed 8512K, reserved 1048576K
}
Event: 3.372 GC heap after
{Heap after GC invocations=16 (full 0):
 garbage-first heap   total 122880K, used 34148K [0x0000000602c00000, 0x0000000800000000)
  region size 4096K, 1 young (4096K), 1 survivors (4096K)
 Metaspace       used 59896K, committed 60416K, reserved 1114112K
  class space    used 8250K, committed 8512K, reserved 1048576K
}
Event: 3.994 GC heap before
{Heap before GC invocations=17 (full 0):
 garbage-first heap   total 122880K, used 95588K [0x0000000602c00000, 0x0000000800000000)
  region size 4096K, 16 young (65536K), 1 survivors (4096K)
 Metaspace       used 69897K, committed 70528K, reserved 1114112K
  class space    used 9937K, committed 10240K, reserved 1048576K
}
Event: 3.996 GC heap after
{Heap after GC invocations=18 (full 0):
 garbage-first heap   total 122880K, used 37025K [0x0000000602c00000, 0x0000000800000000)
  region size 4096K, 2 young (8192K), 2 survivors (8192K)
 Metaspace       used 69897K, committed 70528K, reserved 1114112K
  class space    used 9937K, committed 10240K, reserved 1048576K
}
Event: 4.291 GC heap before
{Heap before GC invocations=18 (full 0):
 garbage-first heap   total 122880K, used 94369K [0x0000000602c00000, 0x0000000800000000)
  region size 4096K, 16 young (65536K), 2 survivors (8192K)
 Metaspace       used 75086K, committed 75648K, reserved 1114112K
  class space    used 10735K, committed 11008K, reserved 1048576K
}
Event: 4.295 GC heap after
{Heap after GC invocations=19 (full 0):
 garbage-first heap   total 122880K, used 40377K [0x0000000602c00000, 0x0000000800000000)
  region size 4096K, 2 young (8192K), 2 survivors (8192K)
 Metaspace       used 75086K, committed 75648K, reserved 1114112K
  class space    used 10735K, committed 11008K, reserved 1048576K
}
Event: 4.570 GC heap before
{Heap before GC invocations=19 (full 0):
 garbage-first heap   total 122880K, used 93625K [0x0000000602c00000, 0x0000000800000000)
  region size 4096K, 15 young (61440K), 2 survivors (8192K)
 Metaspace       used 80722K, committed 81344K, reserved 1179648K
  class space    used 11480K, committed 11776K, reserved 1048576K
}
Event: 4.573 GC heap after
{Heap after GC invocations=20 (full 0):
 garbage-first heap   total 122880K, used 43760K [0x0000000602c00000, 0x0000000800000000)
  region size 4096K, 2 young (8192K), 2 survivors (8192K)
 Metaspace       used 80722K, committed 81344K, reserved 1179648K
  class space    used 11480K, committed 11776K, reserved 1048576K
}
Event: 4.768 GC heap before
{Heap before GC invocations=20 (full 0):
 garbage-first heap   total 122880K, used 92912K [0x0000000602c00000, 0x0000000800000000)
  region size 4096K, 14 young (57344K), 2 survivors (8192K)
 Metaspace       used 82369K, committed 83008K, reserved 1179648K
  class space    used 11682K, committed 11968K, reserved 1048576K
}
Event: 4.772 GC heap after
{Heap after GC invocations=21 (full 0):
 garbage-first heap   total 122880K, used 45870K [0x0000000602c00000, 0x0000000800000000)
  region size 4096K, 2 young (8192K), 2 survivors (8192K)
 Metaspace       used 82369K, committed 83008K, reserved 1179648K
  class space    used 11682K, committed 11968K, reserved 1048576K
}
Event: 5.200 GC heap before
{Heap before GC invocations=21 (full 0):
 garbage-first heap   total 122880K, used 95022K [0x0000000602c00000, 0x0000000800000000)
  region size 4096K, 14 young (57344K), 2 survivors (8192K)
 Metaspace       used 87149K, committed 87808K, reserved 1179648K
  class space    used 12407K, committed 12736K, reserved 1048576K
}
Event: 5.204 GC heap after
{Heap after GC invocations=22 (full 0):
 garbage-first heap   total 323584K, used 50652K [0x0000000602c00000, 0x0000000800000000)
  region size 4096K, 2 young (8192K), 2 survivors (8192K)
 Metaspace       used 87149K, committed 87808K, reserved 1179648K
  class space    used 12407K, committed 12736K, reserved 1048576K
}

Deoptimization events (18 events):
Event: 0.965 Thread 0x000002621edf15b0 DEOPT PACKING pc=0x00000261bf93b9f9 sp=0x000000f370efc920
Event: 0.965 Thread 0x000002621edf15b0 DEOPT UNPACKING pc=0x00000261bf362b43 sp=0x000000f370efbe00 mode 3
Event: 0.990 Thread 0x000002621edf15b0 DEOPT PACKING pc=0x00000261bf9571d5 sp=0x000000f370efe680
Event: 0.990 Thread 0x000002621edf15b0 DEOPT UNPACKING pc=0x00000261bf362b43 sp=0x000000f370efdb28 mode 3
Event: 2.006 Thread 0x000002621edf15b0 DEOPT PACKING pc=0x00000261bfe4a7a5 sp=0x000000f370efd1c0
Event: 2.006 Thread 0x000002621edf15b0 DEOPT UNPACKING pc=0x00000261bf362b43 sp=0x000000f370efc728 mode 3
Event: 2.211 Thread 0x000002621edf15b0 DEOPT PACKING pc=0x00000261bfdedaf9 sp=0x000000f370efb9c0
Event: 2.211 Thread 0x000002621edf15b0 DEOPT UNPACKING pc=0x00000261bf362b43 sp=0x000000f370efaea0 mode 3
Event: 2.565 Thread 0x000002621edf15b0 DEOPT PACKING pc=0x00000261bffa7817 sp=0x000000f370efcbc0
Event: 2.565 Thread 0x000002621edf15b0 DEOPT UNPACKING pc=0x00000261bf362b43 sp=0x000000f370efc150 mode 3
Event: 3.866 Thread 0x000002621edf15b0 DEOPT PACKING pc=0x00000261c02e355c sp=0x000000f370efcdb0
Event: 3.866 Thread 0x000002621edf15b0 DEOPT UNPACKING pc=0x00000261bf362b43 sp=0x000000f370efc338 mode 0
Event: 3.999 Thread 0x000002621edf15b0 DEOPT PACKING pc=0x00000261bf9a2252 sp=0x000000f370efc420
Event: 3.999 Thread 0x000002621edf15b0 DEOPT UNPACKING pc=0x00000261bf362b43 sp=0x000000f370efb928 mode 3
Event: 3.999 Thread 0x000002621edf15b0 DEOPT PACKING pc=0x00000261bf98f2d5 sp=0x000000f370efc3e0
Event: 3.999 Thread 0x000002621edf15b0 DEOPT UNPACKING pc=0x00000261bf362b43 sp=0x000000f370efb928 mode 3
Event: 4.058 Thread 0x000002621edf15b0 DEOPT PACKING pc=0x00000261bf951ad4 sp=0x000000f370efca20
Event: 4.058 Thread 0x000002621edf15b0 DEOPT UNPACKING pc=0x00000261bf362b43 sp=0x000000f370efbf78 mode 0

Classes unloaded (1 events):
Event: 3.384 Thread 0x00000261d5a7fd70 Unloading class 0x00000261da514000 'jdk/internal/reflect/GeneratedSerializationConstructorAccessor18'

Classes redefined (0 events):
No events

Internal exceptions (20 events):
Event: 4.445 Thread 0x000002621edf15b0 Exception <a 'java/io/FileNotFoundException'{0x00000006087ebf10}> (0x00000006087ebf10) 
thrown [s\open\src\hotspot\share\prims\jni.cpp, line 516]
Event: 4.546 Thread 0x000002621edf15b0 Exception <a 'sun/nio/fs/WindowsException'{0x00000006071c3dd0}> (0x00000006071c3dd0) 
thrown [s\open\src\hotspot\share\prims\jni.cpp, line 516]
Event: 4.550 Thread 0x000002621edf15b0 Exception <a 'java/lang/NoSuchMethodError'{0x00000006071e4c38}: 'int java.lang.invoke.DirectMethodHandle$Holder.invokeStaticInit(java.lang.Object, java.lang.Object, java.lang.Object, java.lang.Object)'> (0x00000006071e4c38) 
thrown [s\open\src\hotspot\share\interpreter\linkResolver.cpp, line 759]
Event: 4.617 Thread 0x000002621f344000 Exception <a 'java/lang/reflect/InvocationTargetException'{0x00000006092fca00}> (0x00000006092fca00) 
thrown [s\open\src\hotspot\share\runtime\reflection.cpp, line 1121]
Event: 4.675 Thread 0x000002621edf15b0 Exception <a 'sun/nio/fs/WindowsException'{0x0000000608792af8}> (0x0000000608792af8) 
thrown [s\open\src\hotspot\share\prims\jni.cpp, line 516]
Event: 4.910 Thread 0x000002621edf15b0 Exception <a 'java/lang/IncompatibleClassChangeError'{0x000000060921e298}: Found class java.lang.Object, but interface was expected> (0x000000060921e298) 
thrown [s\open\src\hotspot\share\interpreter\linkResolver.cpp, line 826]
Event: 4.977 Thread 0x000002621edf15b0 Exception <a 'java/lang/IncompatibleClassChangeError'{0x0000000608913958}: Found class java.lang.Object, but interface was expected> (0x0000000608913958) 
thrown [s\open\src\hotspot\share\interpreter\linkResolver.cpp, line 826]
Event: 4.998 Thread 0x000002621edf15b0 Exception <a 'java/lang/NoSuchMethodError'{0x0000000608abdf58}: 'java.lang.Object java.lang.invoke.DirectMethodHandle$Holder.invokeInterface(java.lang.Object, java.lang.Object, java.lang.Object, java.lang.Object)'> (0x0000000608abdf58) 
thrown [s\open\src\hotspot\share\interpreter\linkResolver.cpp, line 759]
Event: 5.025 Thread 0x000002621edf15b0 Exception <a 'java/lang/NoSuchMethodError'{0x0000000608581140}: 'void java.lang.invoke.DirectMethodHandle$Holder.invokeVirtual(java.lang.Object, java.lang.Object, long)'> (0x0000000608581140) 
thrown [s\open\src\hotspot\share\interpreter\linkResolver.cpp, line 759]
Event: 5.122 Thread 0x000002621f344000 Exception <a 'java/lang/reflect/InvocationTargetException'{0x0000000607f29f18}> (0x0000000607f29f18) 
thrown [s\open\src\hotspot\share\runtime\reflection.cpp, line 1121]
Event: 5.258 Thread 0x000002621edf15b0 Exception <a 'java/lang/NoSuchMethodError'{0x00000006160dc270}: 'java.lang.Object java.lang.invoke.DirectMethodHandle$Holder.newInvokeSpecial(java.lang.Object, java.lang.Object, int, java.lang.Object, java.lang.Object)'> (0x00000006160dc270) 
thrown [s\open\src\hotspot\share\interpreter\linkResolver.cpp, line 759]
Event: 5.258 Thread 0x000002621edf15b0 Exception <a 'java/lang/NoSuchMethodError'{0x00000006160e7508}: 'java.lang.Object java.lang.invoke.DirectMethodHandle$Holder.invokeSpecial(java.lang.Object, java.lang.Object, int, java.lang.Object, int, java.lang.Object)'> (0x00000006160e7508) 
thrown [s\open\src\hotspot\share\interpreter\linkResolver.cpp, line 759]
Event: 5.259 Thread 0x000002621edf15b0 Exception <a 'java/lang/NoSuchMethodError'{0x00000006160ef528}: 'java.lang.Object java.lang.invoke.DirectMethodHandle$Holder.newInvokeSpecial(java.lang.Object, java.lang.Object, int, java.lang.Object, int)'> (0x00000006160ef528) 
thrown [s\open\src\hotspot\share\interpreter\linkResolver.cpp, line 759]
Event: 5.259 Thread 0x000002621edf15b0 Exception <a 'java/lang/NoSuchMethodError'{0x00000006160f3628}: 'java.lang.Object java.lang.invoke.DirectMethodHandle$Holder.invokeSpecial(java.lang.Object, java.lang.Object, java.lang.Object, int, java.lang.Object, int)'> (0x00000006160f3628) 
thrown [s\open\src\hotspot\share\interpreter\linkResolver.cpp, line 759]
Event: 5.326 Thread 0x000002621f342cc0 Exception <a 'java/lang/NoSuchMethodError'{0x000000061625f930}: 'java.lang.Object java.lang.invoke.DirectMethodHandle$Holder.invokeSpecial(java.lang.Object, java.lang.Object, java.lang.Object, java.lang.Object, java.lang.Object, long)'> (0x000000061625f930) 
thrown [s\open\src\hotspot\share\interpreter\linkResolver.cpp, line 759]
Event: 5.326 Thread 0x000002621f342cc0 Exception <a 'java/lang/NoSuchMethodError'{0x0000000616263370}: 'java.lang.Object java.lang.invoke.Invokers$Holder.linkToTargetMethod(java.lang.Object, java.lang.Object, java.lang.Object, long, java.lang.Object)'> (0x0000000616263370) 
thrown [s\open\src\hotspot\share\interpreter\linkResolver.cpp, line 759]
Event: 5.412 Thread 0x000002621f342cc0 Exception <a 'java/lang/NoSuchMethodError'{0x00000006157bc560}: 'void java.lang.invoke.DirectMethodHandle$Holder.invokeSpecialIFC(java.lang.Object, java.lang.Object, int, java.lang.Object, java.lang.Object, java.lang.Object, java.lang.Object)'> (0x00000006157bc560) 
thrown [s\open\src\hotspot\share\interpreter\linkResolver.cpp, line 759]
Event: 5.444 Thread 0x000002621f342cc0 Exception <a 'java/lang/reflect/InvocationTargetException'{0x00000006152a5d48}> (0x00000006152a5d48) 
thrown [s\open\src\hotspot\share\runtime\reflection.cpp, line 1121]
Event: 5.444 Thread 0x000002621f342cc0 Exception <a 'java/lang/reflect/InvocationTargetException'{0x00000006152a6d60}> (0x00000006152a6d60) 
thrown [s\open\src\hotspot\share\runtime\reflection.cpp, line 1121]
Event: 5.475 Thread 0x000002621f342cc0 Exception <a 'java/lang/IncompatibleClassChangeError'{0x0000000614c55868}: Found class java.lang.Object, but interface was expected> (0x0000000614c55868) 
thrown [s\open\src\hotspot\share\interpreter\linkResolver.cpp, line 826]

VM Operations (20 events):
Event: 5.331 Executing VM operation: HandshakeAllThreads
Event: 5.331 Executing VM operation: HandshakeAllThreads done
Event: 5.335 Executing VM operation: HandshakeAllThreads
Event: 5.335 Executing VM operation: HandshakeAllThreads done
Event: 5.370 Executing VM operation: HandshakeAllThreads
Event: 5.370 Executing VM operation: HandshakeAllThreads done
Event: 5.373 Executing VM operation: HandshakeAllThreads
Event: 5.373 Executing VM operation: HandshakeAllThreads done
Event: 5.398 Executing VM operation: HandshakeAllThreads
Event: 5.398 Executing VM operation: HandshakeAllThreads done
Event: 5.398 Executing VM operation: HandshakeAllThreads
Event: 5.398 Executing VM operation: HandshakeAllThreads done
Event: 5.405 Executing VM operation: HandshakeAllThreads
Event: 5.405 Executing VM operation: HandshakeAllThreads done
Event: 5.405 Executing VM operation: HandshakeAllThreads
Event: 5.405 Executing VM operation: HandshakeAllThreads done
Event: 5.450 Executing VM operation: HandshakeAllThreads
Event: 5.450 Executing VM operation: HandshakeAllThreads done
Event: 5.450 Executing VM operation: HandshakeAllThreads
Event: 5.450 Executing VM operation: HandshakeAllThreads done

Events (20 events):
Event: 5.454 Thread 0x00000261d5a9cdd0 flushing nmethod 0x00000261c03d7210
Event: 5.454 Thread 0x00000261d5a9cdd0 flushing nmethod 0x00000261c03e0d90
Event: 5.454 Thread 0x00000261d5a9cdd0 flushing nmethod 0x00000261c03f5190
Event: 5.454 Thread 0x00000261d5a9cdd0 flushing nmethod 0x00000261c03f5990
Event: 5.454 Thread 0x00000261d5a9cdd0 flushing nmethod 0x00000261c0405d90
Event: 5.454 Thread 0x00000261d5a9cdd0 flushing nmethod 0x00000261c043f510
Event: 5.455 Thread 0x00000261d5a9cdd0 flushing nmethod 0x00000261c04dd390
Event: 5.455 Thread 0x00000261d5a9cdd0 flushing nmethod 0x00000261c04eaa10
Event: 5.455 Thread 0x00000261d5a9cdd0 flushing nmethod 0x00000261c051b710
Event: 5.455 Thread 0x00000261d5a9cdd0 flushing nmethod 0x00000261c0521910
Event: 5.455 Thread 0x00000261d5a9cdd0 flushing nmethod 0x00000261c0536e10
Event: 5.455 Thread 0x00000261d5a9cdd0 flushing nmethod 0x00000261c0537e90
Event: 5.466 loading class jdk/internal/reflect/UnsafeDoubleFieldAccessorImpl
Event: 5.466 loading class jdk/internal/reflect/UnsafeDoubleFieldAccessorImpl done
Event: 5.470 loading class jdk/internal/reflect/UnsafeIntegerFieldAccessorImpl
Event: 5.471 loading class jdk/internal/reflect/UnsafeIntegerFieldAccessorImpl done
Event: 5.471 loading class jdk/internal/reflect/UnsafeBooleanFieldAccessorImpl
Event: 5.471 loading class jdk/internal/reflect/UnsafeBooleanFieldAccessorImpl done
Event: 5.492 loading class sun/reflect/annotation/AnnotationInvocationHandler$1
Event: 5.493 loading class sun/reflect/annotation/AnnotationInvocationHandler$1 done


Dynamic libraries:
0x00007ff7fdf50000 - 0x00007ff7fdf60000 	C:\Program Files\Java\jdk-17\bin\java.exe
0x00007fff2c330000 - 0x00007fff2c547000 	C:\Windows\SYSTEM32\ntdll.dll
0x00007fff2b750000 - 0x00007fff2b814000 	C:\Windows\System32\KERNEL32.DLL
0x00007fff29c00000 - 0x00007fff29fad000 	C:\Windows\System32\KERNELBASE.dll
0x00007fff29920000 - 0x00007fff29a31000 	C:\Windows\System32\ucrtbase.dll
0x00007fff0eca0000 - 0x00007fff0ecb9000 	C:\Program Files\Java\jdk-17\bin\jli.dll
0x00007fff2b490000 - 0x00007fff2b542000 	C:\Windows\System32\ADVAPI32.dll
0x00007fff117c0000 - 0x00007fff117db000 	C:\Program Files\Java\jdk-17\bin\VCRUNTIME140.dll
0x00007fff2af60000 - 0x00007fff2b007000 	C:\Windows\System32\msvcrt.dll
0x00007fff2b3e0000 - 0x00007fff2b489000 	C:\Windows\System32\sechost.dll
0x00007fff29660000 - 0x00007fff29688000 	C:\Windows\System32\bcrypt.dll
0x00007fff2ae10000 - 0x00007fff2af24000 	C:\Windows\System32\RPCRT4.dll
0x00007fff2b550000 - 0x00007fff2b6fe000 	C:\Windows\System32\USER32.dll
0x00007fff29690000 - 0x00007fff296b6000 	C:\Windows\System32\win32u.dll
0x00007fff2af30000 - 0x00007fff2af59000 	C:\Windows\System32\GDI32.dll
0x00007fff29a40000 - 0x00007fff29b59000 	C:\Windows\System32\gdi32full.dll
0x00007fff1ddf0000 - 0x00007fff1e083000 	C:\Windows\WinSxS\amd64_microsoft.windows.common-controls_6595b64144ccf1df_6.0.22621.3672_none_2713b9d173822955\COMCTL32.dll
0x00007fff29b60000 - 0x00007fff29bfa000 	C:\Windows\System32\msvcp_win.dll
0x00007fff21b40000 - 0x00007fff21b4a000 	C:\Windows\SYSTEM32\VERSION.dll
0x00007fff2b110000 - 0x00007fff2b141000 	C:\Windows\System32\IMM32.DLL
0x00007fff20840000 - 0x00007fff2084c000 	C:\Program Files\Java\jdk-17\bin\vcruntime140_1.dll
0x00007fff06570000 - 0x00007fff065fe000 	C:\Program Files\Java\jdk-17\bin\msvcp140.dll
0x00007ffe916b0000 - 0x00007ffe9228e000 	C:\Program Files\Java\jdk-17\bin\server\jvm.dll
0x00007fff2ad10000 - 0x00007fff2ad18000 	C:\Windows\System32\PSAPI.DLL
0x00007ffeb6390000 - 0x00007ffeb6399000 	C:\Windows\SYSTEM32\WSOCK32.dll
0x00007fff185c0000 - 0x00007fff185f4000 	C:\Windows\SYSTEM32\WINMM.dll
0x00007fff2b950000 - 0x00007fff2b9c1000 	C:\Windows\System32\WS2_32.dll
0x00007fff286c0000 - 0x00007fff286d8000 	C:\Windows\SYSTEM32\kernel.appcore.dll
0x00007fff192f0000 - 0x00007fff192fa000 	C:\Program Files\Java\jdk-17\bin\jimage.dll
0x00007fff17000000 - 0x00007fff17232000 	C:\Windows\SYSTEM32\DBGHELP.DLL
0x00007fff2a980000 - 0x00007fff2ad08000 	C:\Windows\System32\combase.dll
0x00007fff2ad20000 - 0x00007fff2adf7000 	C:\Windows\System32\OLEAUT32.dll
0x00007fff0f190000 - 0x00007fff0f1c2000 	C:\Windows\SYSTEM32\dbgcore.DLL
0x00007fff29730000 - 0x00007fff297ab000 	C:\Windows\System32\bcryptPrimitives.dll
0x00007fff10680000 - 0x00007fff1068e000 	C:\Program Files\Java\jdk-17\bin\instrument.dll
0x00007fff0d870000 - 0x00007fff0d895000 	C:\Program Files\Java\jdk-17\bin\java.dll
0x00007ffef1d10000 - 0x00007ffef1de7000 	C:\Program Files\Java\jdk-17\bin\jsvml.dll
0x00007fff2a120000 - 0x00007fff2a97f000 	C:\Windows\System32\SHELL32.dll
0x00007fff27560000 - 0x00007fff27e5c000 	C:\Windows\SYSTEM32\windows.storage.dll
0x00007fff27420000 - 0x00007fff2755f000 	C:\Windows\SYSTEM32\wintypes.dll
0x00007fff2b010000 - 0x00007fff2b104000 	C:\Windows\System32\SHCORE.dll
0x00007fff2c290000 - 0x00007fff2c2ee000 	C:\Windows\System32\shlwapi.dll
0x00007fff29590000 - 0x00007fff295b1000 	C:\Windows\SYSTEM32\profapi.dll
0x00007fff08d00000 - 0x00007fff08d18000 	C:\Program Files\Java\jdk-17\bin\zip.dll
0x00007fff0ab40000 - 0x00007fff0ab59000 	C:\Program Files\Java\jdk-17\bin\net.dll
0x00007fff222e0000 - 0x00007fff22416000 	C:\Windows\SYSTEM32\WINHTTP.dll
0x00007fff28ba0000 - 0x00007fff28c09000 	C:\Windows\system32\mswsock.dll
0x00007fff0a830000 - 0x00007fff0a846000 	C:\Program Files\Java\jdk-17\bin\nio.dll
0x00007fff057c0000 - 0x00007fff057da000 	C:\Program Files\JetBrains\IntelliJ IDEA 2023.2.1\bin\breakgen64.dll
0x00007fff28180000 - 0x00007fff28278000 	C:\Windows\SYSTEM32\DNSAPI.dll
0x00007fff280c0000 - 0x00007fff280ed000 	C:\Windows\SYSTEM32\IPHLPAPI.DLL
0x00007fff2ae00000 - 0x00007fff2ae09000 	C:\Windows\System32\NSI.dll
0x00007fff210d0000 - 0x00007fff210da000 	C:\Windows\System32\rasadhlp.dll
0x00007fff21990000 - 0x00007fff21a13000 	C:\Windows\System32\fwpuclnt.dll
0x00007fff08cf0000 - 0x00007fff08cfa000 	C:\Program Files\Java\jdk-17\bin\management.dll
0x00007fff083c0000 - 0x00007fff083cb000 	C:\Program Files\Java\jdk-17\bin\management_ext.dll
0x00007fff28ef0000 - 0x00007fff28f0b000 	C:\Windows\SYSTEM32\CRYPTSP.dll
0x00007fff28620000 - 0x00007fff28655000 	C:\Windows\system32\rsaenh.dll
0x00007fff28c40000 - 0x00007fff28c68000 	C:\Windows\SYSTEM32\USERENV.dll
0x00007fff28ed0000 - 0x00007fff28edc000 	C:\Windows\SYSTEM32\CRYPTBASE.dll
0x00007fff22150000 - 0x00007fff22169000 	C:\Windows\SYSTEM32\dhcpcsvc6.DLL
0x00007fff22090000 - 0x00007fff220af000 	C:\Windows\SYSTEM32\dhcpcsvc.DLL
0x00007fff18790000 - 0x00007fff187a7000 	C:\Windows\system32\napinsp.dll
0x00007fff0ad30000 - 0x00007fff0ad4b000 	C:\Windows\system32\pnrpnsp.dll
0x00007fff0a250000 - 0x00007fff0a261000 	C:\Windows\System32\winrnr.dll
0x00007fff21b20000 - 0x00007fff21b35000 	C:\Windows\system32\wshbth.dll
0x00007fff0a220000 - 0x00007fff0a247000 	C:\Windows\system32\nlansp_c.dll
0x00007ffe84a60000 - 0x00007ffe862ec000 	C:\Users\denis\AppData\Local\Temp\ortools-java17431615620534475404\ortools-win32-x86-64\jniortools.dll
0x00007fff083b0000 - 0x00007fff083be000 	C:\Program Files\Java\jdk-17\bin\sunmscapi.dll
0x00007fff297b0000 - 0x00007fff29917000 	C:\Windows\System32\CRYPT32.dll
0x00007fff28ff0000 - 0x00007fff2901e000 	C:\Windows\SYSTEM32\ncrypt.dll
0x00007fff28fb0000 - 0x00007fff28fe7000 	C:\Windows\SYSTEM32\NTASN1.dll
0x00007fff0ab30000 - 0x00007fff0ab40000 	C:\Program Files\Java\jdk-17\bin\verify.dll
0x00007ffee0930000 - 0x00007ffee0938000 	C:\Windows\system32\wshunix.dll

dbghelp: loaded successfully - version: 4.0.5 - missing functions: none
symbol engine: initialized successfully - sym options: 0x614 - pdb path: .;C:\Program Files\Java\jdk-17\bin;C:\Windows\SYSTEM32;C:\Windows\WinSxS\amd64_microsoft.windows.common-controls_6595b64144ccf1df_6.0.22621.3672_none_2713b9d173822955;C:\Program Files\Java\jdk-17\bin\server;C:\Program Files\JetBrains\IntelliJ IDEA 2023.2.1\bin;C:\Users\denis\AppData\Local\Temp\ortools-java17431615620534475404\ortools-win32-x86-64

VM Arguments:
jvm_args: -XX:TieredStopAtLevel=1 -Dspring.output.ansi.enabled=always -Dcom.sun.management.jmxremote -Dspring.jmx.enabled=true -Dspring.liveBeansView.mbeanDomain -Dspring.application.admin.enabled=true -Dmanagement.endpoints.jmx.exposure.include=* -javaagent:C:\Program Files\JetBrains\IntelliJ IDEA 2023.2.1\lib\idea_rt.jar=60760:C:\Program Files\JetBrains\IntelliJ IDEA 2023.2.1\bin -Dfile.encoding=UTF-8 
java_command: com.mycode.pathpilotserver.PathPilotServerApplication
java_class_path (initial): C:\Users\denis\OneDrive\Desktop\LUCRARE LICENTA\path-pilot-server\target\classes;C:\Users\denis\.m2\repository\org\springframework\boot\spring-boot-starter-data-jpa\3.2.2\spring-boot-starter-data-jpa-3.2.2.jar;C:\Users\denis\.m2\repository\org\springframework\boot\spring-boot-starter-aop\3.2.2\spring-boot-starter-aop-3.2.2.jar;C:\Users\denis\.m2\repository\org\aspectj\aspectjweaver\1.9.21\aspectjweaver-1.9.21.jar;C:\Users\denis\.m2\repository\org\springframework\boot\spring-boot-starter-jdbc\3.2.2\spring-boot-starter-jdbc-3.2.2.jar;C:\Users\denis\.m2\repository\com\zaxxer\HikariCP\5.0.1\HikariCP-5.0.1.jar;C:\Users\denis\.m2\repository\org\springframework\spring-jdbc\6.1.3\spring-jdbc-6.1.3.jar;C:\Users\denis\.m2\repository\org\hibernate\orm\hibernate-core\6.4.1.Final\hibernate-core-6.4.1.Final.jar;C:\Users\denis\.m2\repository\jakarta\persistence\jakarta.persistence-api\3.1.0\jakarta.persistence-api-3.1.0.jar;C:\Users\denis\.m2\repository\jakarta\transaction\jakarta.transaction-api\2.0.1\jakarta.transaction-api-2.0.1.jar;C:\Users\denis\.m2\repository\com\fasterxml\classmate\1.6.0\classmate-1.6.0.jar;C:\Users\denis\.m2\repository\net\bytebuddy\byte-buddy\1.14.11\byte-buddy-1.14.11.jar;C:\Users\denis\.m2\repository\jakarta\inject\jakarta.inject-api\2.0.1\jakarta.inject-api-2.0.1.jar;C:\Users\denis\.m2\repository\org\antlr\antlr4-runtime\4.13.0\antlr4-runtime-4.13.0.jar;C:\Users\denis\.m2\repository\org\springframework\data\spring-data-jpa\3.2.2\spring-data-jpa-3.2.2.jar;C:\Users\denis\.m2\repository\org\springframework\data\spring-data-commons\3.2.2\spring-data-commons-3.2.2.jar;C:\Users\denis\.m2\repository\org\springframework\spring-orm\6.1.3\spring-orm-6.1.3.jar;C:\Users\denis\.m2\repository\org\springframework\spring-tx\6.1.3\spring-tx-6.1.3.jar;C:\Users\denis\.m2\repository\jakarta\annotation\jakarta.annotation-api\2.1.1\jakarta.annotation-api-2.1.1.jar;C:\Users\denis\.m2\repository\org\springframework\spring-aspects\6.1.3\spring-aspe
Launcher Type: SUN_STANDARD

[Global flags]
     intx CICompilerCount                          = 12                                        {product} {ergonomic}
     uint ConcGCThreads                            = 3                                         {product} {ergonomic}
     uint G1ConcRefinementThreads                  = 13                                        {product} {ergonomic}
   size_t G1HeapRegionSize                         = 4194304                                   {product} {ergonomic}
    uintx GCDrainStackTargetSize                   = 64                                        {product} {ergonomic}
   size_t InitialHeapSize                          = 536870912                                 {product} {ergonomic}
     bool ManagementServer                         = true                                      {product} {command line}
   size_t MarkStackSize                            = 4194304                                   {product} {ergonomic}
   size_t MaxHeapSize                              = 8543797248                                {product} {ergonomic}
   size_t MaxNewSize                               = 5125439488                                {product} {ergonomic}
   size_t MinHeapDeltaBytes                        = 4194304                                   {product} {ergonomic}
   size_t MinHeapSize                              = 8388608                                   {product} {ergonomic}
    uintx NonProfiledCodeHeapSize                  = 0                                      {pd product} {ergonomic}
     bool ProfileInterpreter                       = false                                  {pd product} {command line}
    uintx ProfiledCodeHeapSize                     = 0                                      {pd product} {ergonomic}
   size_t SoftMaxHeapSize                          = 8543797248                             {manageable} {ergonomic}
     intx TieredStopAtLevel                        = 1                                         {product} {command line}
     bool UseCompressedClassPointers               = true                           {product lp64_product} {ergonomic}
     bool UseCompressedOops                        = true                           {product lp64_product} {ergonomic}
     bool UseG1GC                                  = true                                      {product} {ergonomic}
     bool UseLargePagesIndividualAllocation        = false                                  {pd product} {ergonomic}

Logging:
Log output configuration:
 #0: stdout all=warning uptime,level,tags
 #1: stderr all=off uptime,level,tags

Environment Variables:
PATH=C:\Python311\Scripts\;C:\Python311\;C:\Program Files\Common Files\Oracle\Java\javapath;C:\Windows\system32;C:\Windows;C:\Windows\System32\Wbem;C:\Windows\System32\WindowsPowerShell\v1.0\;C:\Windows\System32\OpenSSH\;C:\Program Files\Docker\Docker\resources\bin;C:\Program Files (x86)\GitExtensions\;C:\ProgramData\chocolatey\bin;C:\Program Files\nodejs\;C:\Program Files\Git\cmd;C:\Program Files\Microsoft SQL Server\150\Tools\Binn\;C:\Program Files\Microsoft SQL Server\Client SDK\ODBC\170\Tools\Binn\;C:\Program Files\dotnet\;C:\Program Files (x86)\Windows Kits\10\Windows Performance Toolkit\;C:\Program Files (x86)\NVIDIA Corporation\PhysX\Common;C:\Program Files\NVIDIA Corporation\NVIDIA NvDLISR;C:\Program Files\PuTTY\;C:\Users\denis\.console-ninja\.bin;C:\Users\denis\AppData\Local\Microsoft\WindowsApps;C:\Program Files\JetBrains\IntelliJ IDEA 2023.2.1\bin;C:\Program Files\JetBrains\WebStorm 2023.2\bin;C:\Program Files\JetBrains\DataGrip 2023.2.1\bin;C:\Users\denis\AppData\Local\Programs\Microsoft VS Code\bin;C:\Users\denis\AppData\Roaming\npm;C:\Program Files\JetBrains\PyCharm 2023.2.4\bin;C:\Users\denis\.dotnet\tools;C:\Users\denis\AppData\Local\JetBrains\Toolbox\scripts;C:\Users\denis\AppData\Local\gitkraken\bin
USERNAME=denis
OS=Windows_NT
PROCESSOR_IDENTIFIER=Intel64 Family 6 Model 191 Stepping 2, GenuineIntel



---------------  S Y S T E M  ---------------

OS:
 Windows 11 , 64 bit Build 22621 (10.0.22621.3672)
OS uptime: 6 days 8:41 hours
Hyper-V role detected

CPU: total 16 (initial active 16) (8 cores per cpu, 2 threads per core) family 6 model 191 stepping 2 microcode 0x26, cx8, cmov, fxsr, ht, mmx, 3dnowpref, sse, sse2, sse3, ssse3, sse4.1, sse4.2, popcnt, lzcnt, tsc, tscinvbit, avx, avx2, aes, erms, clmul, bmi1, bmi2, adx, sha, fma, vzeroupper, clflush, clflushopt, clwb, hv

Memory: 4k page, system-wide physical 32577M (10054M free)
TotalPageFile size 38777M (AvailPageFile size 6337M)
current process WorkingSet (physical memory assigned to process): 333M, peak: 333M
current process commit charge ("private bytes"): 573M, peak: 664M

vm_info: Java HotSpot(TM) 64-Bit Server VM (17.0.8+9-LTS-211) for windows-amd64 JRE (17.0.8+9-LTS-211), built on Jun 14 2023 10:34:31 by "mach5one" with MS VC++ 17.1 (VS2022)

END.
